Netgen 1.5.295 compiled on Kam 17 Jul 2025 02:30:04 WIB
Warning: netgen command 'format' use fully-qualified name '::netgen::format'
Warning: netgen command 'global' use fully-qualified name '::netgen::global'
Reading netlist file /home/huda/ITS_Analog_10b_TADC/mag/cap_array_10b.ext.spc
Call to undefined subcircuit sky130_fd_pr__cap_mim_m3_1
Creating placeholder cell definition.
Reading netlist file /home/huda/ITS_Analog_10b_TADC/mag/cap_array_10b.sch.spc
Call to undefined subcircuit sky130_fd_pr__cap_mim_m3_1
Creating placeholder cell definition.

Reading setup file /usr/local/share/pdk/sky130A/libs.tech/netgen/sky130A_setup.tcl

No property area found for device sky130_fd_pr__cap_mim_m3_1
No property value found for device sky130_fd_pr__cap_mim_m3_1
No property mult found for device sky130_fd_pr__cap_mim_m3_1
No property perim found for device sky130_fd_pr__cap_mim_m3_1
No property mf found for device sky130_fd_pr__cap_mim_m3_1
No property area found for device sky130_fd_pr__cap_mim_m3_1
No property value found for device sky130_fd_pr__cap_mim_m3_1
No property mult found for device sky130_fd_pr__cap_mim_m3_1
No property perim found for device sky130_fd_pr__cap_mim_m3_1
No property mf found for device sky130_fd_pr__cap_mim_m3_1
Comparison output logged to file /home/huda/ITS_Analog_10b_TADC/mag/cap_array_10b.lvs.out
Logging to file "/home/huda/ITS_Analog_10b_TADC/mag/cap_array_10b.lvs.out" enabled
Circuit sky130_fd_pr__cap_mim_m3_1 contains no devices.

Contents of circuit 1:  Circuit: 'cap_array_10b'
Circuit cap_array_10b contains 1024 device instances.
  Class: sky130_fd_pr__cap_mim_m3_1 instances: 1024
Circuit contains 12 nets.
Contents of circuit 2:  Circuit: 'cap_array_10b'
Circuit cap_array_10b contains 11 device instances.
  Class: sky130_fd_pr__cap_mim_m3_1 instances:  11
Circuit contains 12 nets.

Circuit was modified by parallel/series device merging.
New circuit summary:

Contents of circuit 1:  Circuit: 'cap_array_10b'
Circuit cap_array_10b contains 11 device instances.
  Class: sky130_fd_pr__cap_mim_m3_1 instances:  11
Circuit contains 12 nets.
Contents of circuit 2:  Circuit: 'cap_array_10b'
Circuit cap_array_10b contains 11 device instances.
  Class: sky130_fd_pr__cap_mim_m3_1 instances:  11
Circuit contains 12 nets.

Circuit 1 contains 11 devices, Circuit 2 contains 11 devices.
Circuit 1 contains 12 nets,    Circuit 2 contains 12 nets.


Final result: 
Circuits match uniquely.
.
Logging to file "/home/huda/ITS_Analog_10b_TADC/mag/cap_array_10b.lvs.out" disabled
LVS Done.
