Netgen 1.5.295 compiled on Kam 17 Jul 2025 02:30:04 WIB
Warning: netgen command 'format' use fully-qualified name '::netgen::format'
Warning: netgen command 'global' use fully-qualified name '::netgen::global'
Reading netlist file /home/huda/ITS_Analog_10b_TADC/mag/cdac_sw_3.ext.spc
Call to undefined subcircuit sky130_fd_pr__nfet_01v8_lvt
Creating placeholder cell definition.
Call to undefined subcircuit sky130_fd_pr__pfet_01v8
Creating placeholder cell definition.
Call to undefined subcircuit sky130_fd_pr__nfet_01v8
Creating placeholder cell definition.
Reading netlist file /home/huda/ITS_Analog_10b_TADC/mag/cdac_sw_3.sch.spc
Call to undefined subcircuit nooverlap_clk
Creating placeholder cell definition.
Call to undefined subcircuit tg_sw_3
Creating placeholder cell definition.
Call to undefined subcircuit dac_sw_3
Creating placeholder cell definition.
Call to undefined subcircuit sky130_fd_pr__pfet_01v8
Creating placeholder cell definition.
Call to undefined subcircuit sky130_fd_pr__nfet_01v8_lvt
Creating placeholder cell definition.
Call to undefined subcircuit sky130_fd_pr__res_generic_po
Creating placeholder cell definition.
Call to undefined subcircuit sky130_fd_pr__diode_pw2nd_05v5
Creating placeholder cell definition.
Duplicate cell sky130_fd_sc_hs__a2bb2o_1 in file
Renaming original cell to sky130_fd_sc_hs__a2bb2o_1[[0]]
Duplicate cell sky130_fd_sc_hs__a2bb2o_2 in file
Renaming original cell to sky130_fd_sc_hs__a2bb2o_2[[0]]
Duplicate cell sky130_fd_sc_hs__a2bb2o_4 in file
Renaming original cell to sky130_fd_sc_hs__a2bb2o_4[[0]]
Duplicate cell sky130_fd_sc_hs__a2bb2oi_1 in file
Renaming original cell to sky130_fd_sc_hs__a2bb2oi_1[[0]]
Duplicate cell sky130_fd_sc_hs__a2bb2oi_2 in file
Renaming original cell to sky130_fd_sc_hs__a2bb2oi_2[[0]]
Duplicate cell sky130_fd_sc_hs__a2bb2oi_4 in file
Renaming original cell to sky130_fd_sc_hs__a2bb2oi_4[[0]]
Duplicate cell sky130_fd_sc_hs__a21bo_1 in file
Renaming original cell to sky130_fd_sc_hs__a21bo_1[[0]]
Duplicate cell sky130_fd_sc_hs__a21bo_2 in file
Renaming original cell to sky130_fd_sc_hs__a21bo_2[[0]]
Duplicate cell sky130_fd_sc_hs__a21bo_4 in file
Renaming original cell to sky130_fd_sc_hs__a21bo_4[[0]]
Duplicate cell sky130_fd_sc_hs__a21boi_1 in file
Renaming original cell to sky130_fd_sc_hs__a21boi_1[[0]]
Duplicate cell sky130_fd_sc_hs__a21boi_2 in file
Renaming original cell to sky130_fd_sc_hs__a21boi_2[[0]]
Duplicate cell sky130_fd_sc_hs__a21boi_4 in file
Renaming original cell to sky130_fd_sc_hs__a21boi_4[[0]]
Duplicate cell sky130_fd_sc_hs__a21o_1 in file
Renaming original cell to sky130_fd_sc_hs__a21o_1[[0]]
Duplicate cell sky130_fd_sc_hs__a21o_2 in file
Renaming original cell to sky130_fd_sc_hs__a21o_2[[0]]
Duplicate cell sky130_fd_sc_hs__a21o_4 in file
Renaming original cell to sky130_fd_sc_hs__a21o_4[[0]]
Duplicate cell sky130_fd_sc_hs__a21oi_1 in file
Renaming original cell to sky130_fd_sc_hs__a21oi_1[[0]]
Duplicate cell sky130_fd_sc_hs__a21oi_2 in file
Renaming original cell to sky130_fd_sc_hs__a21oi_2[[0]]
Duplicate cell sky130_fd_sc_hs__a21oi_4 in file
Renaming original cell to sky130_fd_sc_hs__a21oi_4[[0]]
Duplicate cell sky130_fd_sc_hs__a22o_1 in file
Renaming original cell to sky130_fd_sc_hs__a22o_1[[0]]
Duplicate cell sky130_fd_sc_hs__a22o_2 in file
Renaming original cell to sky130_fd_sc_hs__a22o_2[[0]]
Duplicate cell sky130_fd_sc_hs__a22o_4 in file
Renaming original cell to sky130_fd_sc_hs__a22o_4[[0]]
Duplicate cell sky130_fd_sc_hs__a22oi_1 in file
Renaming original cell to sky130_fd_sc_hs__a22oi_1[[0]]
Duplicate cell sky130_fd_sc_hs__a22oi_2 in file
Renaming original cell to sky130_fd_sc_hs__a22oi_2[[0]]
Duplicate cell sky130_fd_sc_hs__a22oi_4 in file
Renaming original cell to sky130_fd_sc_hs__a22oi_4[[0]]
Duplicate cell sky130_fd_sc_hs__a31o_1 in file
Renaming original cell to sky130_fd_sc_hs__a31o_1[[0]]
Duplicate cell sky130_fd_sc_hs__a31o_2 in file
Renaming original cell to sky130_fd_sc_hs__a31o_2[[0]]
Duplicate cell sky130_fd_sc_hs__a31o_4 in file
Renaming original cell to sky130_fd_sc_hs__a31o_4[[0]]
Duplicate cell sky130_fd_sc_hs__a31oi_1 in file
Renaming original cell to sky130_fd_sc_hs__a31oi_1[[0]]
Duplicate cell sky130_fd_sc_hs__a31oi_2 in file
Renaming original cell to sky130_fd_sc_hs__a31oi_2[[0]]
Duplicate cell sky130_fd_sc_hs__a31oi_4 in file
Renaming original cell to sky130_fd_sc_hs__a31oi_4[[0]]
Duplicate cell sky130_fd_sc_hs__a32o_1 in file
Renaming original cell to sky130_fd_sc_hs__a32o_1[[0]]
Duplicate cell sky130_fd_sc_hs__a32o_2 in file
Renaming original cell to sky130_fd_sc_hs__a32o_2[[0]]
Duplicate cell sky130_fd_sc_hs__a32o_4 in file
Renaming original cell to sky130_fd_sc_hs__a32o_4[[0]]
Duplicate cell sky130_fd_sc_hs__a32oi_1 in file
Renaming original cell to sky130_fd_sc_hs__a32oi_1[[0]]
Duplicate cell sky130_fd_sc_hs__a32oi_2 in file
Renaming original cell to sky130_fd_sc_hs__a32oi_2[[0]]
Duplicate cell sky130_fd_sc_hs__a32oi_4 in file
Renaming original cell to sky130_fd_sc_hs__a32oi_4[[0]]
Duplicate cell sky130_fd_sc_hs__a41o_1 in file
Renaming original cell to sky130_fd_sc_hs__a41o_1[[0]]
Duplicate cell sky130_fd_sc_hs__a41o_2 in file
Renaming original cell to sky130_fd_sc_hs__a41o_2[[0]]
Duplicate cell sky130_fd_sc_hs__a41o_4 in file
Renaming original cell to sky130_fd_sc_hs__a41o_4[[0]]
Duplicate cell sky130_fd_sc_hs__a41oi_1 in file
Renaming original cell to sky130_fd_sc_hs__a41oi_1[[0]]
Duplicate cell sky130_fd_sc_hs__a41oi_2 in file
Renaming original cell to sky130_fd_sc_hs__a41oi_2[[0]]
Duplicate cell sky130_fd_sc_hs__a41oi_4 in file
Renaming original cell to sky130_fd_sc_hs__a41oi_4[[0]]
Duplicate cell sky130_fd_sc_hs__a211o_1 in file
Renaming original cell to sky130_fd_sc_hs__a211o_1[[0]]
Duplicate cell sky130_fd_sc_hs__a211o_2 in file
Renaming original cell to sky130_fd_sc_hs__a211o_2[[0]]
Duplicate cell sky130_fd_sc_hs__a211o_4 in file
Renaming original cell to sky130_fd_sc_hs__a211o_4[[0]]
Duplicate cell sky130_fd_sc_hs__a211oi_1 in file
Renaming original cell to sky130_fd_sc_hs__a211oi_1[[0]]
Duplicate cell sky130_fd_sc_hs__a211oi_2 in file
Renaming original cell to sky130_fd_sc_hs__a211oi_2[[0]]
Duplicate cell sky130_fd_sc_hs__a211oi_4 in file
Renaming original cell to sky130_fd_sc_hs__a211oi_4[[0]]
Duplicate cell sky130_fd_sc_hs__a221o_1 in file
Renaming original cell to sky130_fd_sc_hs__a221o_1[[0]]
Duplicate cell sky130_fd_sc_hs__a221o_2 in file
Renaming original cell to sky130_fd_sc_hs__a221o_2[[0]]
Duplicate cell sky130_fd_sc_hs__a221o_4 in file
Renaming original cell to sky130_fd_sc_hs__a221o_4[[0]]
Duplicate cell sky130_fd_sc_hs__a221oi_1 in file
Renaming original cell to sky130_fd_sc_hs__a221oi_1[[0]]
Duplicate cell sky130_fd_sc_hs__a221oi_2 in file
Renaming original cell to sky130_fd_sc_hs__a221oi_2[[0]]
Duplicate cell sky130_fd_sc_hs__a221oi_4 in file
Renaming original cell to sky130_fd_sc_hs__a221oi_4[[0]]
Duplicate cell sky130_fd_sc_hs__a222o_1 in file
Renaming original cell to sky130_fd_sc_hs__a222o_1[[0]]
Duplicate cell sky130_fd_sc_hs__a222o_2 in file
Renaming original cell to sky130_fd_sc_hs__a222o_2[[0]]
Duplicate cell sky130_fd_sc_hs__a222oi_1 in file
Renaming original cell to sky130_fd_sc_hs__a222oi_1[[0]]
Duplicate cell sky130_fd_sc_hs__a222oi_2 in file
Renaming original cell to sky130_fd_sc_hs__a222oi_2[[0]]
Duplicate cell sky130_fd_sc_hs__a311o_1 in file
Renaming original cell to sky130_fd_sc_hs__a311o_1[[0]]
Duplicate cell sky130_fd_sc_hs__a311o_2 in file
Renaming original cell to sky130_fd_sc_hs__a311o_2[[0]]
Duplicate cell sky130_fd_sc_hs__a311o_4 in file
Renaming original cell to sky130_fd_sc_hs__a311o_4[[0]]
Duplicate cell sky130_fd_sc_hs__a311oi_1 in file
Renaming original cell to sky130_fd_sc_hs__a311oi_1[[0]]
Duplicate cell sky130_fd_sc_hs__a311oi_2 in file
Renaming original cell to sky130_fd_sc_hs__a311oi_2[[0]]
Duplicate cell sky130_fd_sc_hs__a311oi_4 in file
Renaming original cell to sky130_fd_sc_hs__a311oi_4[[0]]
Duplicate cell sky130_fd_sc_hs__a2111o_1 in file
Renaming original cell to sky130_fd_sc_hs__a2111o_1[[0]]
Duplicate cell sky130_fd_sc_hs__a2111o_2 in file
Renaming original cell to sky130_fd_sc_hs__a2111o_2[[0]]
Duplicate cell sky130_fd_sc_hs__a2111o_4 in file
Renaming original cell to sky130_fd_sc_hs__a2111o_4[[0]]
Duplicate cell sky130_fd_sc_hs__a2111oi_1 in file
Renaming original cell to sky130_fd_sc_hs__a2111oi_1[[0]]
Duplicate cell sky130_fd_sc_hs__a2111oi_2 in file
Renaming original cell to sky130_fd_sc_hs__a2111oi_2[[0]]
Duplicate cell sky130_fd_sc_hs__a2111oi_4 in file
Renaming original cell to sky130_fd_sc_hs__a2111oi_4[[0]]
Duplicate cell sky130_fd_sc_hs__and2_1 in file
Renaming original cell to sky130_fd_sc_hs__and2_1[[0]]
Duplicate cell sky130_fd_sc_hs__and2_2 in file
Renaming original cell to sky130_fd_sc_hs__and2_2[[0]]
Duplicate cell sky130_fd_sc_hs__and2_4 in file
Renaming original cell to sky130_fd_sc_hs__and2_4[[0]]
Duplicate cell sky130_fd_sc_hs__and2b_1 in file
Renaming original cell to sky130_fd_sc_hs__and2b_1[[0]]
Duplicate cell sky130_fd_sc_hs__and2b_2 in file
Renaming original cell to sky130_fd_sc_hs__and2b_2[[0]]
Duplicate cell sky130_fd_sc_hs__and2b_4 in file
Renaming original cell to sky130_fd_sc_hs__and2b_4[[0]]
Duplicate cell sky130_fd_sc_hs__and3_1 in file
Renaming original cell to sky130_fd_sc_hs__and3_1[[0]]
Duplicate cell sky130_fd_sc_hs__and3_2 in file
Renaming original cell to sky130_fd_sc_hs__and3_2[[0]]
Duplicate cell sky130_fd_sc_hs__and3_4 in file
Renaming original cell to sky130_fd_sc_hs__and3_4[[0]]
Duplicate cell sky130_fd_sc_hs__and3b_1 in file
Renaming original cell to sky130_fd_sc_hs__and3b_1[[0]]
Duplicate cell sky130_fd_sc_hs__and3b_2 in file
Renaming original cell to sky130_fd_sc_hs__and3b_2[[0]]
Duplicate cell sky130_fd_sc_hs__and3b_4 in file
Renaming original cell to sky130_fd_sc_hs__and3b_4[[0]]
Duplicate cell sky130_fd_sc_hs__and4_1 in file
Renaming original cell to sky130_fd_sc_hs__and4_1[[0]]
Duplicate cell sky130_fd_sc_hs__and4_2 in file
Renaming original cell to sky130_fd_sc_hs__and4_2[[0]]
Duplicate cell sky130_fd_sc_hs__and4_4 in file
Renaming original cell to sky130_fd_sc_hs__and4_4[[0]]
Duplicate cell sky130_fd_sc_hs__and4b_1 in file
Renaming original cell to sky130_fd_sc_hs__and4b_1[[0]]
Duplicate cell sky130_fd_sc_hs__and4b_2 in file
Renaming original cell to sky130_fd_sc_hs__and4b_2[[0]]
Duplicate cell sky130_fd_sc_hs__and4b_4 in file
Renaming original cell to sky130_fd_sc_hs__and4b_4[[0]]
Duplicate cell sky130_fd_sc_hs__and4bb_1 in file
Renaming original cell to sky130_fd_sc_hs__and4bb_1[[0]]
Duplicate cell sky130_fd_sc_hs__and4bb_2 in file
Renaming original cell to sky130_fd_sc_hs__and4bb_2[[0]]
Duplicate cell sky130_fd_sc_hs__and4bb_4 in file
Renaming original cell to sky130_fd_sc_hs__and4bb_4[[0]]
Duplicate cell sky130_fd_sc_hs__buf_1 in file
Renaming original cell to sky130_fd_sc_hs__buf_1[[0]]
Duplicate cell sky130_fd_sc_hs__buf_2 in file
Renaming original cell to sky130_fd_sc_hs__buf_2[[0]]
Duplicate cell sky130_fd_sc_hs__buf_4 in file
Renaming original cell to sky130_fd_sc_hs__buf_4[[0]]
Duplicate cell sky130_fd_sc_hs__buf_8 in file
Renaming original cell to sky130_fd_sc_hs__buf_8[[0]]
Duplicate cell sky130_fd_sc_hs__buf_16 in file
Renaming original cell to sky130_fd_sc_hs__buf_16[[0]]
Duplicate cell sky130_fd_sc_hs__bufbuf_8 in file
Renaming original cell to sky130_fd_sc_hs__bufbuf_8[[0]]
Duplicate cell sky130_fd_sc_hs__bufbuf_16 in file
Renaming original cell to sky130_fd_sc_hs__bufbuf_16[[0]]
Duplicate cell sky130_fd_sc_hs__bufinv_8 in file
Renaming original cell to sky130_fd_sc_hs__bufinv_8[[0]]
Duplicate cell sky130_fd_sc_hs__bufinv_16 in file
Renaming original cell to sky130_fd_sc_hs__bufinv_16[[0]]
Duplicate cell sky130_fd_sc_hs__clkbuf_1 in file
Renaming original cell to sky130_fd_sc_hs__clkbuf_1[[0]]
Duplicate cell sky130_fd_sc_hs__clkbuf_2 in file
Renaming original cell to sky130_fd_sc_hs__clkbuf_2[[0]]
Duplicate cell sky130_fd_sc_hs__clkbuf_4 in file
Renaming original cell to sky130_fd_sc_hs__clkbuf_4[[0]]
Duplicate cell sky130_fd_sc_hs__clkbuf_8 in file
Renaming original cell to sky130_fd_sc_hs__clkbuf_8[[0]]
Duplicate cell sky130_fd_sc_hs__clkbuf_16 in file
Renaming original cell to sky130_fd_sc_hs__clkbuf_16[[0]]
Duplicate cell sky130_fd_sc_hs__clkdlyinv3sd1_1 in file
Renaming original cell to sky130_fd_sc_hs__clkdlyinv3sd1_1[[0]]
Duplicate cell sky130_fd_sc_hs__clkdlyinv3sd2_1 in file
Renaming original cell to sky130_fd_sc_hs__clkdlyinv3sd2_1[[0]]
Duplicate cell sky130_fd_sc_hs__clkdlyinv3sd3_1 in file
Renaming original cell to sky130_fd_sc_hs__clkdlyinv3sd3_1[[0]]
Duplicate cell sky130_fd_sc_hs__clkdlyinv5sd1_1 in file
Renaming original cell to sky130_fd_sc_hs__clkdlyinv5sd1_1[[0]]
Duplicate cell sky130_fd_sc_hs__clkdlyinv5sd2_1 in file
Renaming original cell to sky130_fd_sc_hs__clkdlyinv5sd2_1[[0]]
Duplicate cell sky130_fd_sc_hs__clkdlyinv5sd3_1 in file
Renaming original cell to sky130_fd_sc_hs__clkdlyinv5sd3_1[[0]]
Duplicate cell sky130_fd_sc_hs__clkinv_1 in file
Renaming original cell to sky130_fd_sc_hs__clkinv_1[[0]]
Duplicate cell sky130_fd_sc_hs__clkinv_2 in file
Renaming original cell to sky130_fd_sc_hs__clkinv_2[[0]]
Duplicate cell sky130_fd_sc_hs__clkinv_4 in file
Renaming original cell to sky130_fd_sc_hs__clkinv_4[[0]]
Duplicate cell sky130_fd_sc_hs__clkinv_8 in file
Renaming original cell to sky130_fd_sc_hs__clkinv_8[[0]]
Duplicate cell sky130_fd_sc_hs__clkinv_16 in file
Renaming original cell to sky130_fd_sc_hs__clkinv_16[[0]]
Duplicate cell sky130_fd_sc_hs__conb_1 in file
Renaming original cell to sky130_fd_sc_hs__conb_1[[0]]
Duplicate cell sky130_fd_sc_hs__decap_4 in file
Renaming original cell to sky130_fd_sc_hs__decap_4[[0]]
Duplicate cell sky130_fd_sc_hs__decap_8 in file
Renaming original cell to sky130_fd_sc_hs__decap_8[[0]]
Duplicate cell sky130_fd_sc_hs__dfbbn_1 in file
Renaming original cell to sky130_fd_sc_hs__dfbbn_1[[0]]
Duplicate cell sky130_fd_sc_hs__dfbbn_2 in file
Renaming original cell to sky130_fd_sc_hs__dfbbn_2[[0]]
Duplicate cell sky130_fd_sc_hs__dfbbp_1 in file
Renaming original cell to sky130_fd_sc_hs__dfbbp_1[[0]]
Duplicate cell sky130_fd_sc_hs__dfrbp_1 in file
Renaming original cell to sky130_fd_sc_hs__dfrbp_1[[0]]
Duplicate cell sky130_fd_sc_hs__dfrbp_2 in file
Renaming original cell to sky130_fd_sc_hs__dfrbp_2[[0]]
Duplicate cell sky130_fd_sc_hs__dfrtn_1 in file
Renaming original cell to sky130_fd_sc_hs__dfrtn_1[[0]]
Duplicate cell sky130_fd_sc_hs__dfrtp_1 in file
Renaming original cell to sky130_fd_sc_hs__dfrtp_1[[0]]
Duplicate cell sky130_fd_sc_hs__dfrtp_2 in file
Renaming original cell to sky130_fd_sc_hs__dfrtp_2[[0]]
Duplicate cell sky130_fd_sc_hs__dfrtp_4 in file
Renaming original cell to sky130_fd_sc_hs__dfrtp_4[[0]]
Duplicate cell sky130_fd_sc_hs__dfsbp_1 in file
Renaming original cell to sky130_fd_sc_hs__dfsbp_1[[0]]
Duplicate cell sky130_fd_sc_hs__dfsbp_2 in file
Renaming original cell to sky130_fd_sc_hs__dfsbp_2[[0]]
Duplicate cell sky130_fd_sc_hs__dfstp_1 in file
Renaming original cell to sky130_fd_sc_hs__dfstp_1[[0]]
Duplicate cell sky130_fd_sc_hs__dfstp_2 in file
Renaming original cell to sky130_fd_sc_hs__dfstp_2[[0]]
Duplicate cell sky130_fd_sc_hs__dfstp_4 in file
Renaming original cell to sky130_fd_sc_hs__dfstp_4[[0]]
Duplicate cell sky130_fd_sc_hs__dfxbp_1 in file
Renaming original cell to sky130_fd_sc_hs__dfxbp_1[[0]]
Duplicate cell sky130_fd_sc_hs__dfxbp_2 in file
Renaming original cell to sky130_fd_sc_hs__dfxbp_2[[0]]
Duplicate cell sky130_fd_sc_hs__dfxtp_1 in file
Renaming original cell to sky130_fd_sc_hs__dfxtp_1[[0]]
Duplicate cell sky130_fd_sc_hs__dfxtp_2 in file
Renaming original cell to sky130_fd_sc_hs__dfxtp_2[[0]]
Duplicate cell sky130_fd_sc_hs__dfxtp_4 in file
Renaming original cell to sky130_fd_sc_hs__dfxtp_4[[0]]
Duplicate cell sky130_fd_sc_hs__diode_2 in file
Renaming original cell to sky130_fd_sc_hs__diode_2[[0]]
Duplicate cell sky130_fd_sc_hs__dlclkp_1 in file
Renaming original cell to sky130_fd_sc_hs__dlclkp_1[[0]]
Duplicate cell sky130_fd_sc_hs__dlclkp_2 in file
Renaming original cell to sky130_fd_sc_hs__dlclkp_2[[0]]
Duplicate cell sky130_fd_sc_hs__dlclkp_4 in file
Renaming original cell to sky130_fd_sc_hs__dlclkp_4[[0]]
Duplicate cell sky130_fd_sc_hs__dlrbn_1 in file
Renaming original cell to sky130_fd_sc_hs__dlrbn_1[[0]]
Duplicate cell sky130_fd_sc_hs__dlrbn_2 in file
Renaming original cell to sky130_fd_sc_hs__dlrbn_2[[0]]
Duplicate cell sky130_fd_sc_hs__dlrbp_1 in file
Renaming original cell to sky130_fd_sc_hs__dlrbp_1[[0]]
Duplicate cell sky130_fd_sc_hs__dlrbp_2 in file
Renaming original cell to sky130_fd_sc_hs__dlrbp_2[[0]]
Duplicate cell sky130_fd_sc_hs__dlrtn_1 in file
Renaming original cell to sky130_fd_sc_hs__dlrtn_1[[0]]
Duplicate cell sky130_fd_sc_hs__dlrtn_2 in file
Renaming original cell to sky130_fd_sc_hs__dlrtn_2[[0]]
Duplicate cell sky130_fd_sc_hs__dlrtn_4 in file
Renaming original cell to sky130_fd_sc_hs__dlrtn_4[[0]]
Duplicate cell sky130_fd_sc_hs__dlrtp_1 in file
Renaming original cell to sky130_fd_sc_hs__dlrtp_1[[0]]
Duplicate cell sky130_fd_sc_hs__dlrtp_2 in file
Renaming original cell to sky130_fd_sc_hs__dlrtp_2[[0]]
Duplicate cell sky130_fd_sc_hs__dlrtp_4 in file
Renaming original cell to sky130_fd_sc_hs__dlrtp_4[[0]]
Duplicate cell sky130_fd_sc_hs__dlxbn_1 in file
Renaming original cell to sky130_fd_sc_hs__dlxbn_1[[0]]
Duplicate cell sky130_fd_sc_hs__dlxbn_2 in file
Renaming original cell to sky130_fd_sc_hs__dlxbn_2[[0]]
Duplicate cell sky130_fd_sc_hs__dlxbp_1 in file
Renaming original cell to sky130_fd_sc_hs__dlxbp_1[[0]]
Duplicate cell sky130_fd_sc_hs__dlxtn_1 in file
Renaming original cell to sky130_fd_sc_hs__dlxtn_1[[0]]
Duplicate cell sky130_fd_sc_hs__dlxtn_2 in file
Renaming original cell to sky130_fd_sc_hs__dlxtn_2[[0]]
Duplicate cell sky130_fd_sc_hs__dlxtn_4 in file
Renaming original cell to sky130_fd_sc_hs__dlxtn_4[[0]]
Duplicate cell sky130_fd_sc_hs__dlxtp_1 in file
Renaming original cell to sky130_fd_sc_hs__dlxtp_1[[0]]
Duplicate cell sky130_fd_sc_hs__dlygate4sd1_1 in file
Renaming original cell to sky130_fd_sc_hs__dlygate4sd1_1[[0]]
Duplicate cell sky130_fd_sc_hs__dlygate4sd2_1 in file
Renaming original cell to sky130_fd_sc_hs__dlygate4sd2_1[[0]]
Duplicate cell sky130_fd_sc_hs__dlygate4sd3_1 in file
Renaming original cell to sky130_fd_sc_hs__dlygate4sd3_1[[0]]
Duplicate cell sky130_fd_sc_hs__dlymetal6s2s_1 in file
Renaming original cell to sky130_fd_sc_hs__dlymetal6s2s_1[[0]]
Duplicate cell sky130_fd_sc_hs__dlymetal6s4s_1 in file
Renaming original cell to sky130_fd_sc_hs__dlymetal6s4s_1[[0]]
Duplicate cell sky130_fd_sc_hs__dlymetal6s6s_1 in file
Renaming original cell to sky130_fd_sc_hs__dlymetal6s6s_1[[0]]
Duplicate cell sky130_fd_sc_hs__ebufn_1 in file
Renaming original cell to sky130_fd_sc_hs__ebufn_1[[0]]
Duplicate cell sky130_fd_sc_hs__ebufn_2 in file
Renaming original cell to sky130_fd_sc_hs__ebufn_2[[0]]
Duplicate cell sky130_fd_sc_hs__ebufn_4 in file
Renaming original cell to sky130_fd_sc_hs__ebufn_4[[0]]
Duplicate cell sky130_fd_sc_hs__ebufn_8 in file
Renaming original cell to sky130_fd_sc_hs__ebufn_8[[0]]
Duplicate cell sky130_fd_sc_hs__edfxbp_1 in file
Renaming original cell to sky130_fd_sc_hs__edfxbp_1[[0]]
Duplicate cell sky130_fd_sc_hs__edfxtp_1 in file
Renaming original cell to sky130_fd_sc_hs__edfxtp_1[[0]]
Duplicate cell sky130_fd_sc_hs__einvn_1 in file
Renaming original cell to sky130_fd_sc_hs__einvn_1[[0]]
Duplicate cell sky130_fd_sc_hs__einvn_2 in file
Renaming original cell to sky130_fd_sc_hs__einvn_2[[0]]
Duplicate cell sky130_fd_sc_hs__einvn_4 in file
Renaming original cell to sky130_fd_sc_hs__einvn_4[[0]]
Duplicate cell sky130_fd_sc_hs__einvn_8 in file
Renaming original cell to sky130_fd_sc_hs__einvn_8[[0]]
Duplicate cell sky130_fd_sc_hs__einvp_1 in file
Renaming original cell to sky130_fd_sc_hs__einvp_1[[0]]
Duplicate cell sky130_fd_sc_hs__einvp_2 in file
Renaming original cell to sky130_fd_sc_hs__einvp_2[[0]]
Duplicate cell sky130_fd_sc_hs__einvp_4 in file
Renaming original cell to sky130_fd_sc_hs__einvp_4[[0]]
Duplicate cell sky130_fd_sc_hs__einvp_8 in file
Renaming original cell to sky130_fd_sc_hs__einvp_8[[0]]
Duplicate cell sky130_fd_sc_hs__fa_1 in file
Renaming original cell to sky130_fd_sc_hs__fa_1[[0]]
Duplicate cell sky130_fd_sc_hs__fa_2 in file
Renaming original cell to sky130_fd_sc_hs__fa_2[[0]]
Duplicate cell sky130_fd_sc_hs__fa_4 in file
Renaming original cell to sky130_fd_sc_hs__fa_4[[0]]
Duplicate cell sky130_fd_sc_hs__fah_1 in file
Renaming original cell to sky130_fd_sc_hs__fah_1[[0]]
Duplicate cell sky130_fd_sc_hs__fah_2 in file
Renaming original cell to sky130_fd_sc_hs__fah_2[[0]]
Duplicate cell sky130_fd_sc_hs__fah_4 in file
Renaming original cell to sky130_fd_sc_hs__fah_4[[0]]
Duplicate cell sky130_fd_sc_hs__fahcin_1 in file
Renaming original cell to sky130_fd_sc_hs__fahcin_1[[0]]
Duplicate cell sky130_fd_sc_hs__fahcon_1 in file
Renaming original cell to sky130_fd_sc_hs__fahcon_1[[0]]
Duplicate cell sky130_fd_sc_hs__fill_1 in file
Renaming original cell to sky130_fd_sc_hs__fill_1[[0]]
Duplicate cell sky130_fd_sc_hs__fill_2 in file
Renaming original cell to sky130_fd_sc_hs__fill_2[[0]]
Duplicate cell sky130_fd_sc_hs__fill_4 in file
Renaming original cell to sky130_fd_sc_hs__fill_4[[0]]
Duplicate cell sky130_fd_sc_hs__fill_8 in file
Renaming original cell to sky130_fd_sc_hs__fill_8[[0]]
Duplicate cell sky130_fd_sc_hs__fill_diode_2 in file
Renaming original cell to sky130_fd_sc_hs__fill_diode_2[[0]]
Duplicate cell sky130_fd_sc_hs__fill_diode_4 in file
Renaming original cell to sky130_fd_sc_hs__fill_diode_4[[0]]
Duplicate cell sky130_fd_sc_hs__fill_diode_8 in file
Renaming original cell to sky130_fd_sc_hs__fill_diode_8[[0]]
Duplicate cell sky130_fd_sc_hs__ha_1 in file
Renaming original cell to sky130_fd_sc_hs__ha_1[[0]]
Duplicate cell sky130_fd_sc_hs__ha_2 in file
Renaming original cell to sky130_fd_sc_hs__ha_2[[0]]
Duplicate cell sky130_fd_sc_hs__ha_4 in file
Renaming original cell to sky130_fd_sc_hs__ha_4[[0]]
Duplicate cell sky130_fd_sc_hs__inv_1 in file
Renaming original cell to sky130_fd_sc_hs__inv_1[[0]]
Duplicate cell sky130_fd_sc_hs__inv_2 in file
Renaming original cell to sky130_fd_sc_hs__inv_2[[0]]
Duplicate cell sky130_fd_sc_hs__inv_4 in file
Renaming original cell to sky130_fd_sc_hs__inv_4[[0]]
Duplicate cell sky130_fd_sc_hs__inv_8 in file
Renaming original cell to sky130_fd_sc_hs__inv_8[[0]]
Duplicate cell sky130_fd_sc_hs__inv_16 in file
Renaming original cell to sky130_fd_sc_hs__inv_16[[0]]
Duplicate cell sky130_fd_sc_hs__maj3_1 in file
Renaming original cell to sky130_fd_sc_hs__maj3_1[[0]]
Duplicate cell sky130_fd_sc_hs__maj3_2 in file
Renaming original cell to sky130_fd_sc_hs__maj3_2[[0]]
Duplicate cell sky130_fd_sc_hs__maj3_4 in file
Renaming original cell to sky130_fd_sc_hs__maj3_4[[0]]
Duplicate cell sky130_fd_sc_hs__mux2_1 in file
Renaming original cell to sky130_fd_sc_hs__mux2_1[[0]]
Duplicate cell sky130_fd_sc_hs__mux2_2 in file
Renaming original cell to sky130_fd_sc_hs__mux2_2[[0]]
Duplicate cell sky130_fd_sc_hs__mux2_4 in file
Renaming original cell to sky130_fd_sc_hs__mux2_4[[0]]
Duplicate cell sky130_fd_sc_hs__mux2i_1 in file
Renaming original cell to sky130_fd_sc_hs__mux2i_1[[0]]
Duplicate cell sky130_fd_sc_hs__mux2i_2 in file
Renaming original cell to sky130_fd_sc_hs__mux2i_2[[0]]
Duplicate cell sky130_fd_sc_hs__mux2i_4 in file
Renaming original cell to sky130_fd_sc_hs__mux2i_4[[0]]
Duplicate cell sky130_fd_sc_hs__mux4_1 in file
Renaming original cell to sky130_fd_sc_hs__mux4_1[[0]]
Duplicate cell sky130_fd_sc_hs__mux4_2 in file
Renaming original cell to sky130_fd_sc_hs__mux4_2[[0]]
Duplicate cell sky130_fd_sc_hs__mux4_4 in file
Renaming original cell to sky130_fd_sc_hs__mux4_4[[0]]
Duplicate cell sky130_fd_sc_hs__nand2_1 in file
Renaming original cell to sky130_fd_sc_hs__nand2_1[[0]]
Duplicate cell sky130_fd_sc_hs__nand2_2 in file
Renaming original cell to sky130_fd_sc_hs__nand2_2[[0]]
Duplicate cell sky130_fd_sc_hs__nand2_4 in file
Renaming original cell to sky130_fd_sc_hs__nand2_4[[0]]
Duplicate cell sky130_fd_sc_hs__nand2_8 in file
Renaming original cell to sky130_fd_sc_hs__nand2_8[[0]]
Duplicate cell sky130_fd_sc_hs__nand2b_1 in file
Renaming original cell to sky130_fd_sc_hs__nand2b_1[[0]]
Duplicate cell sky130_fd_sc_hs__nand2b_2 in file
Renaming original cell to sky130_fd_sc_hs__nand2b_2[[0]]
Duplicate cell sky130_fd_sc_hs__nand2b_4 in file
Renaming original cell to sky130_fd_sc_hs__nand2b_4[[0]]
Duplicate cell sky130_fd_sc_hs__nand3_1 in file
Renaming original cell to sky130_fd_sc_hs__nand3_1[[0]]
Duplicate cell sky130_fd_sc_hs__nand3_2 in file
Renaming original cell to sky130_fd_sc_hs__nand3_2[[0]]
Duplicate cell sky130_fd_sc_hs__nand3_4 in file
Renaming original cell to sky130_fd_sc_hs__nand3_4[[0]]
Duplicate cell sky130_fd_sc_hs__nand3b_1 in file
Renaming original cell to sky130_fd_sc_hs__nand3b_1[[0]]
Duplicate cell sky130_fd_sc_hs__nand3b_2 in file
Renaming original cell to sky130_fd_sc_hs__nand3b_2[[0]]
Duplicate cell sky130_fd_sc_hs__nand3b_4 in file
Renaming original cell to sky130_fd_sc_hs__nand3b_4[[0]]
Duplicate cell sky130_fd_sc_hs__nand4_1 in file
Renaming original cell to sky130_fd_sc_hs__nand4_1[[0]]
Duplicate cell sky130_fd_sc_hs__nand4_2 in file
Renaming original cell to sky130_fd_sc_hs__nand4_2[[0]]
Duplicate cell sky130_fd_sc_hs__nand4_4 in file
Renaming original cell to sky130_fd_sc_hs__nand4_4[[0]]
Duplicate cell sky130_fd_sc_hs__nand4b_1 in file
Renaming original cell to sky130_fd_sc_hs__nand4b_1[[0]]
Duplicate cell sky130_fd_sc_hs__nand4b_2 in file
Renaming original cell to sky130_fd_sc_hs__nand4b_2[[0]]
Duplicate cell sky130_fd_sc_hs__nand4b_4 in file
Renaming original cell to sky130_fd_sc_hs__nand4b_4[[0]]
Duplicate cell sky130_fd_sc_hs__nand4bb_1 in file
Renaming original cell to sky130_fd_sc_hs__nand4bb_1[[0]]
Duplicate cell sky130_fd_sc_hs__nand4bb_2 in file
Renaming original cell to sky130_fd_sc_hs__nand4bb_2[[0]]
Duplicate cell sky130_fd_sc_hs__nand4bb_4 in file
Renaming original cell to sky130_fd_sc_hs__nand4bb_4[[0]]
Duplicate cell sky130_fd_sc_hs__nor2_1 in file
Renaming original cell to sky130_fd_sc_hs__nor2_1[[0]]
Duplicate cell sky130_fd_sc_hs__nor2_2 in file
Renaming original cell to sky130_fd_sc_hs__nor2_2[[0]]
Duplicate cell sky130_fd_sc_hs__nor2_4 in file
Renaming original cell to sky130_fd_sc_hs__nor2_4[[0]]
Duplicate cell sky130_fd_sc_hs__nor2_8 in file
Renaming original cell to sky130_fd_sc_hs__nor2_8[[0]]
Duplicate cell sky130_fd_sc_hs__nor2b_1 in file
Renaming original cell to sky130_fd_sc_hs__nor2b_1[[0]]
Duplicate cell sky130_fd_sc_hs__nor2b_2 in file
Renaming original cell to sky130_fd_sc_hs__nor2b_2[[0]]
Duplicate cell sky130_fd_sc_hs__nor2b_4 in file
Renaming original cell to sky130_fd_sc_hs__nor2b_4[[0]]
Duplicate cell sky130_fd_sc_hs__nor3_1 in file
Renaming original cell to sky130_fd_sc_hs__nor3_1[[0]]
Duplicate cell sky130_fd_sc_hs__nor3_2 in file
Renaming original cell to sky130_fd_sc_hs__nor3_2[[0]]
Duplicate cell sky130_fd_sc_hs__nor3_4 in file
Renaming original cell to sky130_fd_sc_hs__nor3_4[[0]]
Duplicate cell sky130_fd_sc_hs__nor3b_1 in file
Renaming original cell to sky130_fd_sc_hs__nor3b_1[[0]]
Duplicate cell sky130_fd_sc_hs__nor3b_2 in file
Renaming original cell to sky130_fd_sc_hs__nor3b_2[[0]]
Duplicate cell sky130_fd_sc_hs__nor3b_4 in file
Renaming original cell to sky130_fd_sc_hs__nor3b_4[[0]]
Duplicate cell sky130_fd_sc_hs__nor4_1 in file
Renaming original cell to sky130_fd_sc_hs__nor4_1[[0]]
Duplicate cell sky130_fd_sc_hs__nor4_2 in file
Renaming original cell to sky130_fd_sc_hs__nor4_2[[0]]
Duplicate cell sky130_fd_sc_hs__nor4_4 in file
Renaming original cell to sky130_fd_sc_hs__nor4_4[[0]]
Duplicate cell sky130_fd_sc_hs__nor4b_1 in file
Renaming original cell to sky130_fd_sc_hs__nor4b_1[[0]]
Duplicate cell sky130_fd_sc_hs__nor4b_2 in file
Renaming original cell to sky130_fd_sc_hs__nor4b_2[[0]]
Duplicate cell sky130_fd_sc_hs__nor4b_4 in file
Renaming original cell to sky130_fd_sc_hs__nor4b_4[[0]]
Duplicate cell sky130_fd_sc_hs__nor4bb_1 in file
Renaming original cell to sky130_fd_sc_hs__nor4bb_1[[0]]
Duplicate cell sky130_fd_sc_hs__nor4bb_2 in file
Renaming original cell to sky130_fd_sc_hs__nor4bb_2[[0]]
Duplicate cell sky130_fd_sc_hs__nor4bb_4 in file
Renaming original cell to sky130_fd_sc_hs__nor4bb_4[[0]]
Duplicate cell sky130_fd_sc_hs__o2bb2a_1 in file
Renaming original cell to sky130_fd_sc_hs__o2bb2a_1[[0]]
Duplicate cell sky130_fd_sc_hs__o2bb2a_2 in file
Renaming original cell to sky130_fd_sc_hs__o2bb2a_2[[0]]
Duplicate cell sky130_fd_sc_hs__o2bb2a_4 in file
Renaming original cell to sky130_fd_sc_hs__o2bb2a_4[[0]]
Duplicate cell sky130_fd_sc_hs__o2bb2ai_1 in file
Renaming original cell to sky130_fd_sc_hs__o2bb2ai_1[[0]]
Duplicate cell sky130_fd_sc_hs__o2bb2ai_2 in file
Renaming original cell to sky130_fd_sc_hs__o2bb2ai_2[[0]]
Duplicate cell sky130_fd_sc_hs__o2bb2ai_4 in file
Renaming original cell to sky130_fd_sc_hs__o2bb2ai_4[[0]]
Duplicate cell sky130_fd_sc_hs__o21a_1 in file
Renaming original cell to sky130_fd_sc_hs__o21a_1[[0]]
Duplicate cell sky130_fd_sc_hs__o21a_2 in file
Renaming original cell to sky130_fd_sc_hs__o21a_2[[0]]
Duplicate cell sky130_fd_sc_hs__o21a_4 in file
Renaming original cell to sky130_fd_sc_hs__o21a_4[[0]]
Duplicate cell sky130_fd_sc_hs__o21ai_1 in file
Renaming original cell to sky130_fd_sc_hs__o21ai_1[[0]]
Duplicate cell sky130_fd_sc_hs__o21ai_2 in file
Renaming original cell to sky130_fd_sc_hs__o21ai_2[[0]]
Duplicate cell sky130_fd_sc_hs__o21ai_4 in file
Renaming original cell to sky130_fd_sc_hs__o21ai_4[[0]]
Duplicate cell sky130_fd_sc_hs__o21ba_1 in file
Renaming original cell to sky130_fd_sc_hs__o21ba_1[[0]]
Duplicate cell sky130_fd_sc_hs__o21ba_2 in file
Renaming original cell to sky130_fd_sc_hs__o21ba_2[[0]]
Duplicate cell sky130_fd_sc_hs__o21ba_4 in file
Renaming original cell to sky130_fd_sc_hs__o21ba_4[[0]]
Duplicate cell sky130_fd_sc_hs__o21bai_1 in file
Renaming original cell to sky130_fd_sc_hs__o21bai_1[[0]]
Duplicate cell sky130_fd_sc_hs__o21bai_2 in file
Renaming original cell to sky130_fd_sc_hs__o21bai_2[[0]]
Duplicate cell sky130_fd_sc_hs__o21bai_4 in file
Renaming original cell to sky130_fd_sc_hs__o21bai_4[[0]]
Duplicate cell sky130_fd_sc_hs__o22a_1 in file
Renaming original cell to sky130_fd_sc_hs__o22a_1[[0]]
Duplicate cell sky130_fd_sc_hs__o22a_2 in file
Renaming original cell to sky130_fd_sc_hs__o22a_2[[0]]
Duplicate cell sky130_fd_sc_hs__o22a_4 in file
Renaming original cell to sky130_fd_sc_hs__o22a_4[[0]]
Duplicate cell sky130_fd_sc_hs__o22ai_1 in file
Renaming original cell to sky130_fd_sc_hs__o22ai_1[[0]]
Duplicate cell sky130_fd_sc_hs__o22ai_2 in file
Renaming original cell to sky130_fd_sc_hs__o22ai_2[[0]]
Duplicate cell sky130_fd_sc_hs__o22ai_4 in file
Renaming original cell to sky130_fd_sc_hs__o22ai_4[[0]]
Duplicate cell sky130_fd_sc_hs__o31a_1 in file
Renaming original cell to sky130_fd_sc_hs__o31a_1[[0]]
Duplicate cell sky130_fd_sc_hs__o31a_2 in file
Renaming original cell to sky130_fd_sc_hs__o31a_2[[0]]
Duplicate cell sky130_fd_sc_hs__o31a_4 in file
Renaming original cell to sky130_fd_sc_hs__o31a_4[[0]]
Duplicate cell sky130_fd_sc_hs__o31ai_1 in file
Renaming original cell to sky130_fd_sc_hs__o31ai_1[[0]]
Duplicate cell sky130_fd_sc_hs__o31ai_2 in file
Renaming original cell to sky130_fd_sc_hs__o31ai_2[[0]]
Duplicate cell sky130_fd_sc_hs__o31ai_4 in file
Renaming original cell to sky130_fd_sc_hs__o31ai_4[[0]]
Duplicate cell sky130_fd_sc_hs__o32a_1 in file
Renaming original cell to sky130_fd_sc_hs__o32a_1[[0]]
Duplicate cell sky130_fd_sc_hs__o32a_2 in file
Renaming original cell to sky130_fd_sc_hs__o32a_2[[0]]
Duplicate cell sky130_fd_sc_hs__o32a_4 in file
Renaming original cell to sky130_fd_sc_hs__o32a_4[[0]]
Duplicate cell sky130_fd_sc_hs__o32ai_1 in file
Renaming original cell to sky130_fd_sc_hs__o32ai_1[[0]]
Duplicate cell sky130_fd_sc_hs__o32ai_2 in file
Renaming original cell to sky130_fd_sc_hs__o32ai_2[[0]]
Duplicate cell sky130_fd_sc_hs__o32ai_4 in file
Renaming original cell to sky130_fd_sc_hs__o32ai_4[[0]]
Duplicate cell sky130_fd_sc_hs__o41a_1 in file
Renaming original cell to sky130_fd_sc_hs__o41a_1[[0]]
Duplicate cell sky130_fd_sc_hs__o41a_2 in file
Renaming original cell to sky130_fd_sc_hs__o41a_2[[0]]
Duplicate cell sky130_fd_sc_hs__o41a_4 in file
Renaming original cell to sky130_fd_sc_hs__o41a_4[[0]]
Duplicate cell sky130_fd_sc_hs__o41ai_1 in file
Renaming original cell to sky130_fd_sc_hs__o41ai_1[[0]]
Duplicate cell sky130_fd_sc_hs__o41ai_2 in file
Renaming original cell to sky130_fd_sc_hs__o41ai_2[[0]]
Duplicate cell sky130_fd_sc_hs__o41ai_4 in file
Renaming original cell to sky130_fd_sc_hs__o41ai_4[[0]]
Duplicate cell sky130_fd_sc_hs__o211a_1 in file
Renaming original cell to sky130_fd_sc_hs__o211a_1[[0]]
Duplicate cell sky130_fd_sc_hs__o211a_2 in file
Renaming original cell to sky130_fd_sc_hs__o211a_2[[0]]
Duplicate cell sky130_fd_sc_hs__o211a_4 in file
Renaming original cell to sky130_fd_sc_hs__o211a_4[[0]]
Duplicate cell sky130_fd_sc_hs__o211ai_1 in file
Renaming original cell to sky130_fd_sc_hs__o211ai_1[[0]]
Duplicate cell sky130_fd_sc_hs__o211ai_2 in file
Renaming original cell to sky130_fd_sc_hs__o211ai_2[[0]]
Duplicate cell sky130_fd_sc_hs__o211ai_4 in file
Renaming original cell to sky130_fd_sc_hs__o211ai_4[[0]]
Duplicate cell sky130_fd_sc_hs__o221a_1 in file
Renaming original cell to sky130_fd_sc_hs__o221a_1[[0]]
Duplicate cell sky130_fd_sc_hs__o221a_2 in file
Renaming original cell to sky130_fd_sc_hs__o221a_2[[0]]
Duplicate cell sky130_fd_sc_hs__o221a_4 in file
Renaming original cell to sky130_fd_sc_hs__o221a_4[[0]]
Duplicate cell sky130_fd_sc_hs__o221ai_1 in file
Renaming original cell to sky130_fd_sc_hs__o221ai_1[[0]]
Duplicate cell sky130_fd_sc_hs__o221ai_2 in file
Renaming original cell to sky130_fd_sc_hs__o221ai_2[[0]]
Duplicate cell sky130_fd_sc_hs__o221ai_4 in file
Renaming original cell to sky130_fd_sc_hs__o221ai_4[[0]]
Duplicate cell sky130_fd_sc_hs__o311a_1 in file
Renaming original cell to sky130_fd_sc_hs__o311a_1[[0]]
Duplicate cell sky130_fd_sc_hs__o311a_2 in file
Renaming original cell to sky130_fd_sc_hs__o311a_2[[0]]
Duplicate cell sky130_fd_sc_hs__o311a_4 in file
Renaming original cell to sky130_fd_sc_hs__o311a_4[[0]]
Duplicate cell sky130_fd_sc_hs__o311ai_1 in file
Renaming original cell to sky130_fd_sc_hs__o311ai_1[[0]]
Duplicate cell sky130_fd_sc_hs__o311ai_2 in file
Renaming original cell to sky130_fd_sc_hs__o311ai_2[[0]]
Duplicate cell sky130_fd_sc_hs__o311ai_4 in file
Renaming original cell to sky130_fd_sc_hs__o311ai_4[[0]]
Duplicate cell sky130_fd_sc_hs__o2111a_1 in file
Renaming original cell to sky130_fd_sc_hs__o2111a_1[[0]]
Duplicate cell sky130_fd_sc_hs__o2111a_2 in file
Renaming original cell to sky130_fd_sc_hs__o2111a_2[[0]]
Duplicate cell sky130_fd_sc_hs__o2111a_4 in file
Renaming original cell to sky130_fd_sc_hs__o2111a_4[[0]]
Duplicate cell sky130_fd_sc_hs__o2111ai_1 in file
Renaming original cell to sky130_fd_sc_hs__o2111ai_1[[0]]
Duplicate cell sky130_fd_sc_hs__o2111ai_2 in file
Renaming original cell to sky130_fd_sc_hs__o2111ai_2[[0]]
Duplicate cell sky130_fd_sc_hs__o2111ai_4 in file
Renaming original cell to sky130_fd_sc_hs__o2111ai_4[[0]]
Duplicate cell sky130_fd_sc_hs__or2_1 in file
Renaming original cell to sky130_fd_sc_hs__or2_1[[0]]
Duplicate cell sky130_fd_sc_hs__or2_2 in file
Renaming original cell to sky130_fd_sc_hs__or2_2[[0]]
Duplicate cell sky130_fd_sc_hs__or2_4 in file
Renaming original cell to sky130_fd_sc_hs__or2_4[[0]]
Duplicate cell sky130_fd_sc_hs__or2b_1 in file
Renaming original cell to sky130_fd_sc_hs__or2b_1[[0]]
Duplicate cell sky130_fd_sc_hs__or2b_2 in file
Renaming original cell to sky130_fd_sc_hs__or2b_2[[0]]
Duplicate cell sky130_fd_sc_hs__or2b_4 in file
Renaming original cell to sky130_fd_sc_hs__or2b_4[[0]]
Duplicate cell sky130_fd_sc_hs__or3_1 in file
Renaming original cell to sky130_fd_sc_hs__or3_1[[0]]
Duplicate cell sky130_fd_sc_hs__or3_2 in file
Renaming original cell to sky130_fd_sc_hs__or3_2[[0]]
Duplicate cell sky130_fd_sc_hs__or3_4 in file
Renaming original cell to sky130_fd_sc_hs__or3_4[[0]]
Duplicate cell sky130_fd_sc_hs__or3b_1 in file
Renaming original cell to sky130_fd_sc_hs__or3b_1[[0]]
Duplicate cell sky130_fd_sc_hs__or3b_2 in file
Renaming original cell to sky130_fd_sc_hs__or3b_2[[0]]
Duplicate cell sky130_fd_sc_hs__or3b_4 in file
Renaming original cell to sky130_fd_sc_hs__or3b_4[[0]]
Duplicate cell sky130_fd_sc_hs__or4_1 in file
Renaming original cell to sky130_fd_sc_hs__or4_1[[0]]
Duplicate cell sky130_fd_sc_hs__or4_2 in file
Renaming original cell to sky130_fd_sc_hs__or4_2[[0]]
Duplicate cell sky130_fd_sc_hs__or4_4 in file
Renaming original cell to sky130_fd_sc_hs__or4_4[[0]]
Duplicate cell sky130_fd_sc_hs__or4b_1 in file
Renaming original cell to sky130_fd_sc_hs__or4b_1[[0]]
Duplicate cell sky130_fd_sc_hs__or4b_2 in file
Renaming original cell to sky130_fd_sc_hs__or4b_2[[0]]
Duplicate cell sky130_fd_sc_hs__or4b_4 in file
Renaming original cell to sky130_fd_sc_hs__or4b_4[[0]]
Duplicate cell sky130_fd_sc_hs__or4bb_1 in file
Renaming original cell to sky130_fd_sc_hs__or4bb_1[[0]]
Duplicate cell sky130_fd_sc_hs__or4bb_2 in file
Renaming original cell to sky130_fd_sc_hs__or4bb_2[[0]]
Duplicate cell sky130_fd_sc_hs__or4bb_4 in file
Renaming original cell to sky130_fd_sc_hs__or4bb_4[[0]]
Duplicate cell sky130_fd_sc_hs__sdfbbn_1 in file
Renaming original cell to sky130_fd_sc_hs__sdfbbn_1[[0]]
Duplicate cell sky130_fd_sc_hs__sdfbbn_2 in file
Renaming original cell to sky130_fd_sc_hs__sdfbbn_2[[0]]
Duplicate cell sky130_fd_sc_hs__sdfbbp_1 in file
Renaming original cell to sky130_fd_sc_hs__sdfbbp_1[[0]]
Duplicate cell sky130_fd_sc_hs__sdfrbp_1 in file
Renaming original cell to sky130_fd_sc_hs__sdfrbp_1[[0]]
Duplicate cell sky130_fd_sc_hs__sdfrbp_2 in file
Renaming original cell to sky130_fd_sc_hs__sdfrbp_2[[0]]
Duplicate cell sky130_fd_sc_hs__sdfrtn_1 in file
Renaming original cell to sky130_fd_sc_hs__sdfrtn_1[[0]]
Duplicate cell sky130_fd_sc_hs__sdfrtp_1 in file
Renaming original cell to sky130_fd_sc_hs__sdfrtp_1[[0]]
Duplicate cell sky130_fd_sc_hs__sdfrtp_2 in file
Renaming original cell to sky130_fd_sc_hs__sdfrtp_2[[0]]
Duplicate cell sky130_fd_sc_hs__sdfrtp_4 in file
Renaming original cell to sky130_fd_sc_hs__sdfrtp_4[[0]]
Duplicate cell sky130_fd_sc_hs__sdfsbp_1 in file
Renaming original cell to sky130_fd_sc_hs__sdfsbp_1[[0]]
Duplicate cell sky130_fd_sc_hs__sdfsbp_2 in file
Renaming original cell to sky130_fd_sc_hs__sdfsbp_2[[0]]
Duplicate cell sky130_fd_sc_hs__sdfstp_1 in file
Renaming original cell to sky130_fd_sc_hs__sdfstp_1[[0]]
Duplicate cell sky130_fd_sc_hs__sdfstp_2 in file
Renaming original cell to sky130_fd_sc_hs__sdfstp_2[[0]]
Duplicate cell sky130_fd_sc_hs__sdfstp_4 in file
Renaming original cell to sky130_fd_sc_hs__sdfstp_4[[0]]
Duplicate cell sky130_fd_sc_hs__sdfxbp_1 in file
Renaming original cell to sky130_fd_sc_hs__sdfxbp_1[[0]]
Duplicate cell sky130_fd_sc_hs__sdfxbp_2 in file
Renaming original cell to sky130_fd_sc_hs__sdfxbp_2[[0]]
Duplicate cell sky130_fd_sc_hs__sdfxtp_1 in file
Renaming original cell to sky130_fd_sc_hs__sdfxtp_1[[0]]
Duplicate cell sky130_fd_sc_hs__sdfxtp_2 in file
Renaming original cell to sky130_fd_sc_hs__sdfxtp_2[[0]]
Duplicate cell sky130_fd_sc_hs__sdfxtp_4 in file
Renaming original cell to sky130_fd_sc_hs__sdfxtp_4[[0]]
Duplicate cell sky130_fd_sc_hs__sdlclkp_1 in file
Renaming original cell to sky130_fd_sc_hs__sdlclkp_1[[0]]
Duplicate cell sky130_fd_sc_hs__sdlclkp_2 in file
Renaming original cell to sky130_fd_sc_hs__sdlclkp_2[[0]]
Duplicate cell sky130_fd_sc_hs__sdlclkp_4 in file
Renaming original cell to sky130_fd_sc_hs__sdlclkp_4[[0]]
Duplicate cell sky130_fd_sc_hs__sedfxbp_1 in file
Renaming original cell to sky130_fd_sc_hs__sedfxbp_1[[0]]
Duplicate cell sky130_fd_sc_hs__sedfxbp_2 in file
Renaming original cell to sky130_fd_sc_hs__sedfxbp_2[[0]]
Duplicate cell sky130_fd_sc_hs__sedfxtp_1 in file
Renaming original cell to sky130_fd_sc_hs__sedfxtp_1[[0]]
Duplicate cell sky130_fd_sc_hs__sedfxtp_2 in file
Renaming original cell to sky130_fd_sc_hs__sedfxtp_2[[0]]
Duplicate cell sky130_fd_sc_hs__sedfxtp_4 in file
Renaming original cell to sky130_fd_sc_hs__sedfxtp_4[[0]]
Duplicate cell sky130_fd_sc_hs__tap_1 in file
Renaming original cell to sky130_fd_sc_hs__tap_1[[0]]
Duplicate cell sky130_fd_sc_hs__tap_2 in file
Renaming original cell to sky130_fd_sc_hs__tap_2[[0]]
Duplicate cell sky130_fd_sc_hs__tapmet1_2 in file
Renaming original cell to sky130_fd_sc_hs__tapmet1_2[[0]]
Duplicate cell sky130_fd_sc_hs__tapvgnd2_1 in file
Renaming original cell to sky130_fd_sc_hs__tapvgnd2_1[[0]]
Duplicate cell sky130_fd_sc_hs__tapvgnd_1 in file
Renaming original cell to sky130_fd_sc_hs__tapvgnd_1[[0]]
Duplicate cell sky130_fd_sc_hs__tapvpwrvgnd_1 in file
Renaming original cell to sky130_fd_sc_hs__tapvpwrvgnd_1[[0]]
Duplicate cell sky130_fd_sc_hs__xnor2_1 in file
Renaming original cell to sky130_fd_sc_hs__xnor2_1[[0]]
Duplicate cell sky130_fd_sc_hs__xnor2_2 in file
Renaming original cell to sky130_fd_sc_hs__xnor2_2[[0]]
Duplicate cell sky130_fd_sc_hs__xnor2_4 in file
Renaming original cell to sky130_fd_sc_hs__xnor2_4[[0]]
Duplicate cell sky130_fd_sc_hs__xnor3_1 in file
Renaming original cell to sky130_fd_sc_hs__xnor3_1[[0]]
Duplicate cell sky130_fd_sc_hs__xnor3_2 in file
Renaming original cell to sky130_fd_sc_hs__xnor3_2[[0]]
Duplicate cell sky130_fd_sc_hs__xnor3_4 in file
Renaming original cell to sky130_fd_sc_hs__xnor3_4[[0]]
Duplicate cell sky130_fd_sc_hs__xor2_1 in file
Renaming original cell to sky130_fd_sc_hs__xor2_1[[0]]
Duplicate cell sky130_fd_sc_hs__xor2_2 in file
Renaming original cell to sky130_fd_sc_hs__xor2_2[[0]]
Duplicate cell sky130_fd_sc_hs__xor2_4 in file
Renaming original cell to sky130_fd_sc_hs__xor2_4[[0]]
Duplicate cell sky130_fd_sc_hs__xor3_1 in file
Renaming original cell to sky130_fd_sc_hs__xor3_1[[0]]
Duplicate cell sky130_fd_sc_hs__xor3_2 in file
Renaming original cell to sky130_fd_sc_hs__xor3_2[[0]]
Duplicate cell sky130_fd_sc_hs__xor3_4 in file
Renaming original cell to sky130_fd_sc_hs__xor3_4[[0]]
Call to undefined subcircuit sky130_fd_pr__nfet_01v8
Creating placeholder cell definition.

Reading setup file /usr/local/share/pdk/sky130A/libs.tech/netgen/sky130A_setup.tcl

Model sky130_fd_pr__res_generic_po pin 1 == 2
No property value found for device sky130_fd_pr__res_generic_po
No property mult found for device sky130_fd_pr__res_generic_po
Model sky130_fd_pr__nfet_01v8 pin 1 == 3
No property mult found for device sky130_fd_pr__nfet_01v8
No property sa found for device sky130_fd_pr__nfet_01v8
No property sb found for device sky130_fd_pr__nfet_01v8
No property sd found for device sky130_fd_pr__nfet_01v8
No property nf found for device sky130_fd_pr__nfet_01v8
No property nrd found for device sky130_fd_pr__nfet_01v8
No property nrs found for device sky130_fd_pr__nfet_01v8
No property area found for device sky130_fd_pr__nfet_01v8
No property perim found for device sky130_fd_pr__nfet_01v8
No property topography found for device sky130_fd_pr__nfet_01v8
Model sky130_fd_pr__nfet_01v8 pin 1 == 3
No property as found for device sky130_fd_pr__nfet_01v8
No property ad found for device sky130_fd_pr__nfet_01v8
No property ps found for device sky130_fd_pr__nfet_01v8
No property pd found for device sky130_fd_pr__nfet_01v8
No property mult found for device sky130_fd_pr__nfet_01v8
No property sa found for device sky130_fd_pr__nfet_01v8
No property sb found for device sky130_fd_pr__nfet_01v8
No property sd found for device sky130_fd_pr__nfet_01v8
No property nrd found for device sky130_fd_pr__nfet_01v8
No property nrs found for device sky130_fd_pr__nfet_01v8
No property area found for device sky130_fd_pr__nfet_01v8
No property perim found for device sky130_fd_pr__nfet_01v8
No property topography found for device sky130_fd_pr__nfet_01v8
Model sky130_fd_pr__nfet_01v8_lvt pin 1 == 3
No property mult found for device sky130_fd_pr__nfet_01v8_lvt
No property sa found for device sky130_fd_pr__nfet_01v8_lvt
No property sb found for device sky130_fd_pr__nfet_01v8_lvt
No property sd found for device sky130_fd_pr__nfet_01v8_lvt
No property nf found for device sky130_fd_pr__nfet_01v8_lvt
No property nrd found for device sky130_fd_pr__nfet_01v8_lvt
No property nrs found for device sky130_fd_pr__nfet_01v8_lvt
No property area found for device sky130_fd_pr__nfet_01v8_lvt
No property perim found for device sky130_fd_pr__nfet_01v8_lvt
No property topography found for device sky130_fd_pr__nfet_01v8_lvt
Model sky130_fd_pr__nfet_01v8_lvt pin 1 == 3
No property as found for device sky130_fd_pr__nfet_01v8_lvt
No property ad found for device sky130_fd_pr__nfet_01v8_lvt
No property ps found for device sky130_fd_pr__nfet_01v8_lvt
No property pd found for device sky130_fd_pr__nfet_01v8_lvt
No property mult found for device sky130_fd_pr__nfet_01v8_lvt
No property sa found for device sky130_fd_pr__nfet_01v8_lvt
No property sb found for device sky130_fd_pr__nfet_01v8_lvt
No property sd found for device sky130_fd_pr__nfet_01v8_lvt
No property nf found for device sky130_fd_pr__nfet_01v8_lvt
No property nrd found for device sky130_fd_pr__nfet_01v8_lvt
No property nrs found for device sky130_fd_pr__nfet_01v8_lvt
No property area found for device sky130_fd_pr__nfet_01v8_lvt
No property perim found for device sky130_fd_pr__nfet_01v8_lvt
No property topography found for device sky130_fd_pr__nfet_01v8_lvt
Model sky130_fd_pr__pfet_01v8 pin 1 == 3
No property mult found for device sky130_fd_pr__pfet_01v8
No property sa found for device sky130_fd_pr__pfet_01v8
No property sb found for device sky130_fd_pr__pfet_01v8
No property sd found for device sky130_fd_pr__pfet_01v8
No property nf found for device sky130_fd_pr__pfet_01v8
No property nrd found for device sky130_fd_pr__pfet_01v8
No property nrs found for device sky130_fd_pr__pfet_01v8
No property area found for device sky130_fd_pr__pfet_01v8
No property perim found for device sky130_fd_pr__pfet_01v8
No property topography found for device sky130_fd_pr__pfet_01v8
Model sky130_fd_pr__pfet_01v8 pin 1 == 3
No property as found for device sky130_fd_pr__pfet_01v8
No property ad found for device sky130_fd_pr__pfet_01v8
No property ps found for device sky130_fd_pr__pfet_01v8
No property pd found for device sky130_fd_pr__pfet_01v8
No property mult found for device sky130_fd_pr__pfet_01v8
No property sa found for device sky130_fd_pr__pfet_01v8
No property sb found for device sky130_fd_pr__pfet_01v8
No property sd found for device sky130_fd_pr__pfet_01v8
No property nrd found for device sky130_fd_pr__pfet_01v8
No property nrs found for device sky130_fd_pr__pfet_01v8
No property area found for device sky130_fd_pr__pfet_01v8
No property perim found for device sky130_fd_pr__pfet_01v8
No property topography found for device sky130_fd_pr__pfet_01v8
No property value found for device sky130_fd_pr__diode_pw2nd_05v5
No property mult found for device sky130_fd_pr__diode_pw2nd_05v5
Comparison output logged to file /home/huda/ITS_Analog_10b_TADC/mag/cdac_sw_3.lvs.out
Logging to file "/home/huda/ITS_Analog_10b_TADC/mag/cdac_sw_3.lvs.out" enabled
Circuit sky130_fd_pr__nfet_01v8_lvt contains no devices.
Circuit sky130_fd_pr__pfet_01v8 contains no devices.
Circuit sky130_fd_pr__nfet_01v8 contains no devices.

Contents of circuit 1:  Circuit: 'sky130_fd_sc_hs__nand2_1'
Circuit sky130_fd_sc_hs__nand2_1 contains 4 device instances.
  Class: sky130_fd_pr__nfet_01v8_lvt instances:   2
  Class: sky130_fd_pr__pfet_01v8 instances:   2
Circuit contains 8 nets.
Contents of circuit 2:  Circuit: 'sky130_fd_sc_hs__nand2_1'
Circuit sky130_fd_sc_hs__nand2_1 contains 4 device instances.
  Class: sky130_fd_pr__nfet_01v8_lvt instances:   2
  Class: sky130_fd_pr__pfet_01v8 instances:   2
Circuit contains 8 nets.

Circuit 1 contains 4 devices, Circuit 2 contains 4 devices.
Circuit 1 contains 8 nets,    Circuit 2 contains 8 nets.


Contents of circuit 1:  Circuit: 'sky130_fd_sc_hs__inv_1'
Circuit sky130_fd_sc_hs__inv_1 contains 2 device instances.
  Class: sky130_fd_pr__nfet_01v8_lvt instances:   1
  Class: sky130_fd_pr__pfet_01v8 instances:   1
Circuit contains 6 nets.
Contents of circuit 2:  Circuit: 'sky130_fd_sc_hs__inv_1'
Circuit sky130_fd_sc_hs__inv_1 contains 2 device instances.
  Class: sky130_fd_pr__nfet_01v8_lvt instances:   1
  Class: sky130_fd_pr__pfet_01v8 instances:   1
Circuit contains 6 nets.

Circuit 1 contains 2 devices, Circuit 2 contains 2 devices.
Circuit 1 contains 6 nets,    Circuit 2 contains 6 nets.


Contents of circuit 1:  Circuit: 'sky130_fd_sc_hs__inv_4'
Circuit sky130_fd_sc_hs__inv_4 contains 8 device instances.
  Class: sky130_fd_pr__nfet_01v8_lvt instances:   4
  Class: sky130_fd_pr__pfet_01v8 instances:   4
Circuit contains 6 nets.
Contents of circuit 2:  Circuit: 'sky130_fd_sc_hs__inv_4'
Circuit sky130_fd_sc_hs__inv_4 contains 8 device instances.
  Class: sky130_fd_pr__nfet_01v8_lvt instances:   4
  Class: sky130_fd_pr__pfet_01v8 instances:   4
Circuit contains 6 nets.

Circuit was modified by parallel/series device merging.
New circuit summary:

Contents of circuit 1:  Circuit: 'sky130_fd_sc_hs__inv_4'
Circuit sky130_fd_sc_hs__inv_4 contains 2 device instances.
  Class: sky130_fd_pr__nfet_01v8_lvt instances:   1
  Class: sky130_fd_pr__pfet_01v8 instances:   1
Circuit contains 6 nets.
Contents of circuit 2:  Circuit: 'sky130_fd_sc_hs__inv_4'
Circuit sky130_fd_sc_hs__inv_4 contains 2 device instances.
  Class: sky130_fd_pr__nfet_01v8_lvt instances:   1
  Class: sky130_fd_pr__pfet_01v8 instances:   1
Circuit contains 6 nets.

Circuit 1 contains 2 devices, Circuit 2 contains 2 devices.
Circuit 1 contains 6 nets,    Circuit 2 contains 6 nets.


Contents of circuit 1:  Circuit: 'sky130_fd_sc_hs__inv_8'
Circuit sky130_fd_sc_hs__inv_8 contains 16 device instances.
  Class: sky130_fd_pr__nfet_01v8_lvt instances:   8
  Class: sky130_fd_pr__pfet_01v8 instances:   8
Circuit contains 6 nets.
Contents of circuit 2:  Circuit: 'sky130_fd_sc_hs__inv_8'
Circuit sky130_fd_sc_hs__inv_8 contains 16 device instances.
  Class: sky130_fd_pr__nfet_01v8_lvt instances:   8
  Class: sky130_fd_pr__pfet_01v8 instances:   8
Circuit contains 6 nets.

Circuit was modified by parallel/series device merging.
New circuit summary:

Contents of circuit 1:  Circuit: 'sky130_fd_sc_hs__inv_8'
Circuit sky130_fd_sc_hs__inv_8 contains 2 device instances.
  Class: sky130_fd_pr__nfet_01v8_lvt instances:   1
  Class: sky130_fd_pr__pfet_01v8 instances:   1
Circuit contains 6 nets.
Contents of circuit 2:  Circuit: 'sky130_fd_sc_hs__inv_8'
Circuit sky130_fd_sc_hs__inv_8 contains 2 device instances.
  Class: sky130_fd_pr__nfet_01v8_lvt instances:   1
  Class: sky130_fd_pr__pfet_01v8 instances:   1
Circuit contains 6 nets.

Circuit 1 contains 2 devices, Circuit 2 contains 2 devices.
Circuit 1 contains 6 nets,    Circuit 2 contains 6 nets.


Contents of circuit 1:  Circuit: 'sky130_fd_sc_hs__nand2_1'
Circuit sky130_fd_sc_hs__nand2_1 contains 4 device instances.
  Class: sky130_fd_pr__nfet_01v8_lvt instances:   2
  Class: sky130_fd_pr__pfet_01v8 instances:   2
Circuit contains 8 nets.
Contents of circuit 2:  Circuit: 'sky130_fd_sc_hs__nand2_1[[0]]'
Circuit sky130_fd_sc_hs__nand2_1[[0]] contains 4 device instances.
  Class: sky130_fd_pr__nfet_01v8_lvt instances:   2
  Class: sky130_fd_pr__pfet_01v8 instances:   2
Circuit contains 8 nets.

Circuit 1 contains 4 devices, Circuit 2 contains 4 devices.
Circuit 1 contains 8 nets,    Circuit 2 contains 8 nets.


Contents of circuit 1:  Circuit: 'sky130_fd_sc_hs__inv_1'
Circuit sky130_fd_sc_hs__inv_1 contains 2 device instances.
  Class: sky130_fd_pr__nfet_01v8_lvt instances:   1
  Class: sky130_fd_pr__pfet_01v8 instances:   1
Circuit contains 6 nets.
Contents of circuit 2:  Circuit: 'sky130_fd_sc_hs__inv_1[[0]]'
Circuit sky130_fd_sc_hs__inv_1[[0]] contains 2 device instances.
  Class: sky130_fd_pr__nfet_01v8_lvt instances:   1
  Class: sky130_fd_pr__pfet_01v8 instances:   1
Circuit contains 6 nets.

Circuit 1 contains 2 devices, Circuit 2 contains 2 devices.
Circuit 1 contains 6 nets,    Circuit 2 contains 6 nets.


Contents of circuit 1:  Circuit: 'sky130_fd_sc_hs__inv_4'
Circuit sky130_fd_sc_hs__inv_4 contains 2 device instances.
  Class: sky130_fd_pr__nfet_01v8_lvt instances:   1
  Class: sky130_fd_pr__pfet_01v8 instances:   1
Circuit contains 6 nets.
Contents of circuit 2:  Circuit: 'sky130_fd_sc_hs__inv_4[[0]]'
Circuit sky130_fd_sc_hs__inv_4[[0]] contains 8 device instances.
  Class: sky130_fd_pr__nfet_01v8_lvt instances:   4
  Class: sky130_fd_pr__pfet_01v8 instances:   4
Circuit contains 6 nets.

Circuit was modified by parallel/series device merging.
New circuit summary:

Contents of circuit 1:  Circuit: 'sky130_fd_sc_hs__inv_4'
Circuit sky130_fd_sc_hs__inv_4 contains 2 device instances.
  Class: sky130_fd_pr__nfet_01v8_lvt instances:   1
  Class: sky130_fd_pr__pfet_01v8 instances:   1
Circuit contains 6 nets.
Contents of circuit 2:  Circuit: 'sky130_fd_sc_hs__inv_4[[0]]'
Circuit sky130_fd_sc_hs__inv_4[[0]] contains 2 device instances.
  Class: sky130_fd_pr__nfet_01v8_lvt instances:   1
  Class: sky130_fd_pr__pfet_01v8 instances:   1
Circuit contains 6 nets.

Circuit 1 contains 2 devices, Circuit 2 contains 2 devices.
Circuit 1 contains 6 nets,    Circuit 2 contains 6 nets.


Contents of circuit 1:  Circuit: 'sky130_fd_sc_hs__inv_8'
Circuit sky130_fd_sc_hs__inv_8 contains 2 device instances.
  Class: sky130_fd_pr__nfet_01v8_lvt instances:   1
  Class: sky130_fd_pr__pfet_01v8 instances:   1
Circuit contains 6 nets.
Contents of circuit 2:  Circuit: 'sky130_fd_sc_hs__inv_8[[0]]'
Circuit sky130_fd_sc_hs__inv_8[[0]] contains 16 device instances.
  Class: sky130_fd_pr__nfet_01v8_lvt instances:   8
  Class: sky130_fd_pr__pfet_01v8 instances:   8
Circuit contains 6 nets.

Circuit was modified by parallel/series device merging.
New circuit summary:

Contents of circuit 1:  Circuit: 'sky130_fd_sc_hs__inv_8'
Circuit sky130_fd_sc_hs__inv_8 contains 2 device instances.
  Class: sky130_fd_pr__nfet_01v8_lvt instances:   1
  Class: sky130_fd_pr__pfet_01v8 instances:   1
Circuit contains 6 nets.
Contents of circuit 2:  Circuit: 'sky130_fd_sc_hs__inv_8[[0]]'
Circuit sky130_fd_sc_hs__inv_8[[0]] contains 2 device instances.
  Class: sky130_fd_pr__nfet_01v8_lvt instances:   1
  Class: sky130_fd_pr__pfet_01v8 instances:   1
Circuit contains 6 nets.

Circuit 1 contains 2 devices, Circuit 2 contains 2 devices.
Circuit 1 contains 6 nets,    Circuit 2 contains 6 nets.


Contents of circuit 1:  Circuit: 'nooverlap_clk'
Circuit nooverlap_clk contains 13 device instances.
  Class: sky130_fd_sc_hs__nand2_1 instances:   2
  Class: sky130_fd_sc_hs__inv_1 instances:   5
  Class: sky130_fd_sc_hs__inv_4 instances:   2
  Class: sky130_fd_sc_hs__inv_8 instances:   4
Circuit contains 16 nets.
Contents of circuit 2:  Circuit: 'nooverlap_clk'
Circuit nooverlap_clk contains 13 device instances.
  Class: sky130_fd_sc_hs__nand2_1[[0]] instances:   2
  Class: sky130_fd_sc_hs__inv_1[[0]] instances:   5
  Class: sky130_fd_sc_hs__inv_8[[0]] instances:   4
  Class: sky130_fd_sc_hs__inv_4[[0]] instances:   2
Circuit contains 16 nets.

Circuit 1 contains 13 devices, Circuit 2 contains 13 devices.
Circuit 1 contains 16 nets,    Circuit 2 contains 16 nets.


Contents of circuit 1:  Circuit: 'tg_sw_3'
Circuit tg_sw_3 contains 8 device instances.
  Class: sky130_fd_pr__nfet_01v8 instances:   4
  Class: sky130_fd_pr__pfet_01v8 instances:   4
Circuit contains 6 nets.
Contents of circuit 2:  Circuit: 'tg_sw_3'
Circuit tg_sw_3 contains 2 device instances.
  Class: sky130_fd_pr__nfet_01v8 instances:   1
  Class: sky130_fd_pr__pfet_01v8 instances:   1
Circuit contains 6 nets.

Circuit was modified by parallel/series device merging.
New circuit summary:

Contents of circuit 1:  Circuit: 'tg_sw_3'
Circuit tg_sw_3 contains 2 device instances.
  Class: sky130_fd_pr__nfet_01v8 instances:   1
  Class: sky130_fd_pr__pfet_01v8 instances:   1
Circuit contains 6 nets.
Contents of circuit 2:  Circuit: 'tg_sw_3'
Circuit tg_sw_3 contains 2 device instances.
  Class: sky130_fd_pr__nfet_01v8 instances:   1
  Class: sky130_fd_pr__pfet_01v8 instances:   1
Circuit contains 6 nets.

Circuit 1 contains 2 devices, Circuit 2 contains 2 devices.
Circuit 1 contains 6 nets,    Circuit 2 contains 6 nets.


Contents of circuit 1:  Circuit: 'dac_sw_3'
Circuit dac_sw_3 contains 16 device instances.
  Class: sky130_fd_pr__nfet_01v8 instances:   8
  Class: sky130_fd_pr__pfet_01v8 instances:   8
Circuit contains 8 nets.
Contents of circuit 2:  Circuit: 'dac_sw_3'
Circuit dac_sw_3 contains 4 device instances.
  Class: sky130_fd_pr__nfet_01v8 instances:   2
  Class: sky130_fd_pr__pfet_01v8 instances:   2
Circuit contains 8 nets.

Circuit was modified by parallel/series device merging.
New circuit summary:

Contents of circuit 1:  Circuit: 'dac_sw_3'
Circuit dac_sw_3 contains 4 device instances.
  Class: sky130_fd_pr__nfet_01v8 instances:   2
  Class: sky130_fd_pr__pfet_01v8 instances:   2
Circuit contains 8 nets.
Contents of circuit 2:  Circuit: 'dac_sw_3'
Circuit dac_sw_3 contains 4 device instances.
  Class: sky130_fd_pr__nfet_01v8 instances:   2
  Class: sky130_fd_pr__pfet_01v8 instances:   2
Circuit contains 8 nets.

Circuit 1 contains 4 devices, Circuit 2 contains 4 devices.
Circuit 1 contains 8 nets,    Circuit 2 contains 8 nets.


Contents of circuit 1:  Circuit: 'cdac_sw_3'
Circuit cdac_sw_3 contains 5 device instances.
  Class: dac_sw_3              instances:   1
  Class: nooverlap_clk         instances:   1
  Class: tg_sw_3               instances:   3
Circuit contains 10 nets.
Contents of circuit 2:  Circuit: 'cdac_sw_3'
Circuit cdac_sw_3 contains 5 device instances.
  Class: dac_sw_3              instances:   1
  Class: nooverlap_clk         instances:   1
  Class: tg_sw_3               instances:   3
Circuit contains 10 nets.

Circuit 1 contains 5 devices, Circuit 2 contains 5 devices.
Circuit 1 contains 10 nets,    Circuit 2 contains 10 nets.


Final result: 
Circuits match uniquely.
.
Logging to file "/home/huda/ITS_Analog_10b_TADC/mag/cdac_sw_3.lvs.out" disabled
LVS Done.
