Netgen 1.5.295 compiled on Kam 17 Jul 2025 02:30:04 WIB
Warning: netgen command 'format' use fully-qualified name '::netgen::format'
Warning: netgen command 'global' use fully-qualified name '::netgen::global'
Reading netlist file /home/huda/ITS_Analog_10b_TADC/mag/tdc.ext.spc
Call to undefined subcircuit sky130_fd_pr__nfet_01v8
Creating placeholder cell definition.
Call to undefined subcircuit sky130_fd_pr__pfet_01v8
Creating placeholder cell definition.
Call to undefined subcircuit sky130_fd_pr__nfet_01v8_lvt
Creating placeholder cell definition.
Reading netlist file /home/huda/ITS_Analog_10b_TADC/mag/tdc.sch.spc
Call to undefined subcircuit phase_detector
Creating placeholder cell definition.
Call to undefined subcircuit delay_gate_ori
Creating placeholder cell definition.
Call to undefined subcircuit sky130_fd_pr__pfet_01v8
Creating placeholder cell definition.
Call to undefined subcircuit sky130_fd_pr__nfet_01v8_lvt
Creating placeholder cell definition.
Call to undefined subcircuit sky130_fd_pr__res_generic_po
Creating placeholder cell definition.
Call to undefined subcircuit sky130_fd_pr__diode_pw2nd_05v5
Creating placeholder cell definition.
Call to undefined subcircuit pd_in
Creating placeholder cell definition.
Call to undefined subcircuit pd_out
Creating placeholder cell definition.
Call to undefined subcircuit sky130_fd_pr__nfet_01v8
Creating placeholder cell definition.
Call to undefined subcircuit pd_in_half
Creating placeholder cell definition.

Reading setup file /usr/local/share/pdk/sky130A/libs.tech/netgen/sky130A_setup.tcl

Model sky130_fd_pr__res_generic_po pin 1 == 2
No property value found for device sky130_fd_pr__res_generic_po
No property mult found for device sky130_fd_pr__res_generic_po
Model sky130_fd_pr__nfet_01v8 pin 1 == 3
No property mult found for device sky130_fd_pr__nfet_01v8
No property sa found for device sky130_fd_pr__nfet_01v8
No property sb found for device sky130_fd_pr__nfet_01v8
No property sd found for device sky130_fd_pr__nfet_01v8
No property nf found for device sky130_fd_pr__nfet_01v8
No property nrd found for device sky130_fd_pr__nfet_01v8
No property nrs found for device sky130_fd_pr__nfet_01v8
No property area found for device sky130_fd_pr__nfet_01v8
No property perim found for device sky130_fd_pr__nfet_01v8
No property topography found for device sky130_fd_pr__nfet_01v8
Model sky130_fd_pr__nfet_01v8 pin 1 == 3
No property as found for device sky130_fd_pr__nfet_01v8
No property ad found for device sky130_fd_pr__nfet_01v8
No property ps found for device sky130_fd_pr__nfet_01v8
No property pd found for device sky130_fd_pr__nfet_01v8
No property mult found for device sky130_fd_pr__nfet_01v8
No property sa found for device sky130_fd_pr__nfet_01v8
No property sb found for device sky130_fd_pr__nfet_01v8
No property sd found for device sky130_fd_pr__nfet_01v8
No property nrd found for device sky130_fd_pr__nfet_01v8
No property nrs found for device sky130_fd_pr__nfet_01v8
No property area found for device sky130_fd_pr__nfet_01v8
No property perim found for device sky130_fd_pr__nfet_01v8
No property topography found for device sky130_fd_pr__nfet_01v8
Model sky130_fd_pr__nfet_01v8_lvt pin 1 == 3
No property mult found for device sky130_fd_pr__nfet_01v8_lvt
No property sa found for device sky130_fd_pr__nfet_01v8_lvt
No property sb found for device sky130_fd_pr__nfet_01v8_lvt
No property sd found for device sky130_fd_pr__nfet_01v8_lvt
No property nf found for device sky130_fd_pr__nfet_01v8_lvt
No property nrd found for device sky130_fd_pr__nfet_01v8_lvt
No property nrs found for device sky130_fd_pr__nfet_01v8_lvt
No property area found for device sky130_fd_pr__nfet_01v8_lvt
No property perim found for device sky130_fd_pr__nfet_01v8_lvt
No property topography found for device sky130_fd_pr__nfet_01v8_lvt
Model sky130_fd_pr__nfet_01v8_lvt pin 1 == 3
No property as found for device sky130_fd_pr__nfet_01v8_lvt
No property ad found for device sky130_fd_pr__nfet_01v8_lvt
No property ps found for device sky130_fd_pr__nfet_01v8_lvt
No property pd found for device sky130_fd_pr__nfet_01v8_lvt
No property mult found for device sky130_fd_pr__nfet_01v8_lvt
No property sa found for device sky130_fd_pr__nfet_01v8_lvt
No property sb found for device sky130_fd_pr__nfet_01v8_lvt
No property sd found for device sky130_fd_pr__nfet_01v8_lvt
No property nf found for device sky130_fd_pr__nfet_01v8_lvt
No property nrd found for device sky130_fd_pr__nfet_01v8_lvt
No property nrs found for device sky130_fd_pr__nfet_01v8_lvt
No property area found for device sky130_fd_pr__nfet_01v8_lvt
No property perim found for device sky130_fd_pr__nfet_01v8_lvt
No property topography found for device sky130_fd_pr__nfet_01v8_lvt
Model sky130_fd_pr__pfet_01v8 pin 1 == 3
No property mult found for device sky130_fd_pr__pfet_01v8
No property sa found for device sky130_fd_pr__pfet_01v8
No property sb found for device sky130_fd_pr__pfet_01v8
No property sd found for device sky130_fd_pr__pfet_01v8
No property nf found for device sky130_fd_pr__pfet_01v8
No property nrd found for device sky130_fd_pr__pfet_01v8
No property nrs found for device sky130_fd_pr__pfet_01v8
No property area found for device sky130_fd_pr__pfet_01v8
No property perim found for device sky130_fd_pr__pfet_01v8
No property topography found for device sky130_fd_pr__pfet_01v8
Model sky130_fd_pr__pfet_01v8 pin 1 == 3
No property as found for device sky130_fd_pr__pfet_01v8
No property ad found for device sky130_fd_pr__pfet_01v8
No property ps found for device sky130_fd_pr__pfet_01v8
No property pd found for device sky130_fd_pr__pfet_01v8
No property mult found for device sky130_fd_pr__pfet_01v8
No property sa found for device sky130_fd_pr__pfet_01v8
No property sb found for device sky130_fd_pr__pfet_01v8
No property sd found for device sky130_fd_pr__pfet_01v8
No property nrd found for device sky130_fd_pr__pfet_01v8
No property nrs found for device sky130_fd_pr__pfet_01v8
No property area found for device sky130_fd_pr__pfet_01v8
No property perim found for device sky130_fd_pr__pfet_01v8
No property topography found for device sky130_fd_pr__pfet_01v8
No property value found for device sky130_fd_pr__diode_pw2nd_05v5
No property mult found for device sky130_fd_pr__diode_pw2nd_05v5
Comparison output logged to file /home/huda/ITS_Analog_10b_TADC/mag/tdc.lvs.out
Logging to file "/home/huda/ITS_Analog_10b_TADC/mag/tdc.lvs.out" enabled
Circuit sky130_fd_pr__pfet_01v8 contains no devices.
Circuit sky130_fd_pr__nfet_01v8 contains no devices.
Circuit sky130_fd_pr__nfet_01v8_lvt contains no devices.

Contents of circuit 1:  Circuit: 'sky130_fd_sc_hs__nand2_1'
Circuit sky130_fd_sc_hs__nand2_1 contains 4 device instances.
  Class: sky130_fd_pr__nfet_01v8_lvt instances:   2
  Class: sky130_fd_pr__pfet_01v8 instances:   2
Circuit contains 8 nets.
Contents of circuit 2:  Circuit: 'sky130_fd_sc_hs__nand2_1'
Circuit sky130_fd_sc_hs__nand2_1 contains 4 device instances.
  Class: sky130_fd_pr__nfet_01v8_lvt instances:   2
  Class: sky130_fd_pr__pfet_01v8 instances:   2
Circuit contains 8 nets.

Circuit 1 contains 4 devices, Circuit 2 contains 4 devices.
Circuit 1 contains 8 nets,    Circuit 2 contains 8 nets.


Contents of circuit 1:  Circuit: 'sky130_fd_sc_hs__xor2_1'
Circuit sky130_fd_sc_hs__xor2_1 contains 10 device instances.
  Class: sky130_fd_pr__nfet_01v8_lvt instances:   5
  Class: sky130_fd_pr__pfet_01v8 instances:   5
Circuit contains 11 nets.
Contents of circuit 2:  Circuit: 'sky130_fd_sc_hs__xor2_1'
Circuit sky130_fd_sc_hs__xor2_1 contains 10 device instances.
  Class: sky130_fd_pr__nfet_01v8_lvt instances:   5
  Class: sky130_fd_pr__pfet_01v8 instances:   5
Circuit contains 11 nets.

Circuit 1 contains 10 devices, Circuit 2 contains 10 devices.
Circuit 1 contains 11 nets,    Circuit 2 contains 11 nets.


Contents of circuit 1:  Circuit: 'pd_in_half'
Circuit pd_in_half contains 5 device instances.
  Class: sky130_fd_pr__nfet_01v8 instances:   2
  Class: sky130_fd_pr__pfet_01v8 instances:   3
Circuit contains 8 nets.
Contents of circuit 2:  Circuit: 'pd_in_half'
Circuit pd_in_half contains 5 device instances.
  Class: sky130_fd_pr__nfet_01v8 instances:   2
  Class: sky130_fd_pr__pfet_01v8 instances:   3
Circuit contains 8 nets.

Circuit 1 contains 5 devices, Circuit 2 contains 5 devices.
Circuit 1 contains 8 nets,    Circuit 2 contains 8 nets.


Contents of circuit 1:  Circuit: 'sky130_fd_sc_hs__and2_1'
Circuit sky130_fd_sc_hs__and2_1 contains 6 device instances.
  Class: sky130_fd_pr__nfet_01v8_lvt instances:   3
  Class: sky130_fd_pr__pfet_01v8 instances:   3
Circuit contains 9 nets.
Contents of circuit 2:  Circuit: 'sky130_fd_sc_hs__and2_1'
Circuit sky130_fd_sc_hs__and2_1 contains 6 device instances.
  Class: sky130_fd_pr__nfet_01v8_lvt instances:   3
  Class: sky130_fd_pr__pfet_01v8 instances:   3
Circuit contains 9 nets.

Circuit 1 contains 6 devices, Circuit 2 contains 6 devices.
Circuit 1 contains 9 nets,    Circuit 2 contains 9 nets.


Contents of circuit 1:  Circuit: 'pd_out'
Circuit pd_out contains 3 device instances.
  Class: sky130_fd_sc_hs__nand2_1 instances:   2
  Class: sky130_fd_sc_hs__xor2_1 instances:   1
Circuit contains 7 nets.
Contents of circuit 2:  Circuit: 'pd_out'
Circuit pd_out contains 3 device instances.
  Class: sky130_fd_sc_hs__nand2_1 instances:   2
  Class: sky130_fd_sc_hs__xor2_1 instances:   1
Circuit contains 7 nets.

Circuit 1 contains 3 devices, Circuit 2 contains 3 devices.
Circuit 1 contains 7 nets,    Circuit 2 contains 7 nets.


Contents of circuit 1:  Circuit: 'pd_in'
Circuit pd_in contains 2 device instances.
  Class: pd_in_half            instances:   2
Circuit contains 6 nets.
Contents of circuit 2:  Circuit: 'pd_in'
Circuit pd_in contains 2 device instances.
  Class: pd_in_half            instances:   2
Circuit contains 6 nets.

Circuit 1 contains 2 devices, Circuit 2 contains 2 devices.
Circuit 1 contains 6 nets,    Circuit 2 contains 6 nets.


Contents of circuit 1:  Circuit: 'delay_gate_ori'
Circuit delay_gate_ori contains 7 device instances.
  Class: sky130_fd_pr__nfet_01v8 instances:   3
  Class: sky130_fd_sc_hs__and2_1 instances:   1
  Class: sky130_fd_pr__pfet_01v8 instances:   3
Circuit contains 10 nets.
Contents of circuit 2:  Circuit: 'delay_gate_ori'
Circuit delay_gate_ori contains 7 device instances.
  Class: sky130_fd_pr__nfet_01v8 instances:   3
  Class: sky130_fd_sc_hs__and2_1 instances:   1
  Class: sky130_fd_pr__pfet_01v8 instances:   3
Circuit contains 10 nets.

Circuit 1 contains 7 devices, Circuit 2 contains 7 devices.
Circuit 1 contains 10 nets,    Circuit 2 contains 10 nets.


Contents of circuit 1:  Circuit: 'phase_detector'
Circuit phase_detector contains 2 device instances.
  Class: pd_in                 instances:   1
  Class: pd_out                instances:   1
Circuit contains 9 nets.
Contents of circuit 2:  Circuit: 'phase_detector'
Circuit phase_detector contains 2 device instances.
  Class: pd_in                 instances:   1
  Class: pd_out                instances:   1
Circuit contains 9 nets.

Circuit 1 contains 2 devices, Circuit 2 contains 2 devices.
Circuit 1 contains 9 nets,    Circuit 2 contains 9 nets.


Contents of circuit 1:  Circuit: 'tdc'
Circuit tdc contains 3 device instances.
  Class: delay_gate_ori        instances:   2
  Class: phase_detector        instances:   1
Circuit contains 10 nets.
Contents of circuit 2:  Circuit: 'tdc'
Circuit tdc contains 3 device instances.
  Class: delay_gate_ori        instances:   2
  Class: phase_detector        instances:   1
Circuit contains 10 nets.

Circuit 1 contains 3 devices, Circuit 2 contains 3 devices.
Circuit 1 contains 10 nets,    Circuit 2 contains 10 nets.


Final result: 
Circuits match uniquely.
.

The following cells had property errors:
 delay_gate_ori

Logging to file "/home/huda/ITS_Analog_10b_TADC/mag/tdc.lvs.out" disabled
LVS Done.
