
Circuit 1 cell sky130_fd_pr__cap_mim_m3_1 and Circuit 2 cell sky130_fd_pr__cap_mim_m3_1 are black boxes.
Warning: Equate pins:  cell sky130_fd_pr__cap_mim_m3_1 is a placeholder, treated as a black box.
Warning: Equate pins:  cell sky130_fd_pr__cap_mim_m3_1 is a placeholder, treated as a black box.

Subcircuit pins:
Circuit 1: sky130_fd_pr__cap_mim_m3_1      |Circuit 2: sky130_fd_pr__cap_mim_m3_1      
-------------------------------------------|-------------------------------------------
1                                          |1                                          
2                                          |2                                          
---------------------------------------------------------------------------------------
Cell pin lists are equivalent.
Device classes sky130_fd_pr__cap_mim_m3_1 and sky130_fd_pr__cap_mim_m3_1 are equivalent.

Circuit 1 cell sky130_fd_pr__pfet_01v8 and Circuit 2 cell sky130_fd_pr__pfet_01v8 are black boxes.
Warning: Equate pins:  cell sky130_fd_pr__pfet_01v8 is a placeholder, treated as a black box.
Warning: Equate pins:  cell sky130_fd_pr__pfet_01v8 is a placeholder, treated as a black box.

Subcircuit pins:
Circuit 1: sky130_fd_pr__pfet_01v8         |Circuit 2: sky130_fd_pr__pfet_01v8         
-------------------------------------------|-------------------------------------------
1                                          |1                                          
2                                          |2                                          
3                                          |3                                          
4                                          |4                                          
---------------------------------------------------------------------------------------
Cell pin lists are equivalent.
Device classes sky130_fd_pr__pfet_01v8 and sky130_fd_pr__pfet_01v8 are equivalent.

Circuit 1 cell sky130_fd_pr__nfet_01v8 and Circuit 2 cell sky130_fd_pr__nfet_01v8 are black boxes.
Warning: Equate pins:  cell sky130_fd_pr__nfet_01v8 is a placeholder, treated as a black box.
Warning: Equate pins:  cell sky130_fd_pr__nfet_01v8 is a placeholder, treated as a black box.

Subcircuit pins:
Circuit 1: sky130_fd_pr__nfet_01v8         |Circuit 2: sky130_fd_pr__nfet_01v8         
-------------------------------------------|-------------------------------------------
1                                          |1                                          
2                                          |2                                          
3                                          |3                                          
4                                          |4                                          
---------------------------------------------------------------------------------------
Cell pin lists are equivalent.
Device classes sky130_fd_pr__nfet_01v8 and sky130_fd_pr__nfet_01v8 are equivalent.
Flattening unmatched subcell sky130_fd_pr__cap_mim_m3_1_BP38H4 in circuit bootstrap (0)(1 instance)
Flattening unmatched subcell sky130_fd_pr__pfet_01v8_27QFPY in circuit bootstrap (0)(1 instance)
Flattening unmatched subcell sky130_fd_pr__pfet_01v8_MGASDN in circuit bootstrap (0)(1 instance)
Flattening unmatched subcell sky130_fd_pr__pfet_01v8_LGMQDL in circuit bootstrap (0)(1 instance)
Flattening unmatched subcell sky130_fd_pr__nfet_01v8_CQKS6Z in circuit bootstrap (0)(1 instance)
Flattening unmatched subcell sky130_fd_pr__nfet_01v8_46WN23 in circuit bootstrap (0)(1 instance)
Flattening unmatched subcell sky130_fd_pr__nfet_01v8_J47Z3J in circuit bootstrap (0)(1 instance)
Flattening unmatched subcell sky130_fd_pr__nfet_01v8_D47ZC5 in circuit bootstrap (0)(1 instance)
Flattening unmatched subcell sky130_fd_pr__nfet_01v8_D4Y996 in circuit bootstrap (0)(1 instance)
Flattening unmatched subcell sky130_fd_pr__nfet_01v8_J4Y94J in circuit bootstrap (0)(1 instance)

Class bootstrap (0):  Merged 31 parallel devices.
Subcircuit summary:
Circuit 1: bootstrap                       |Circuit 2: bootstrap                       
-------------------------------------------|-------------------------------------------
sky130_fd_pr__cap_mim_m3_1 (32->1)         |sky130_fd_pr__cap_mim_m3_1 (32->1)         
sky130_fd_pr__pfet_01v8 (3)                |sky130_fd_pr__pfet_01v8 (3)                
sky130_fd_pr__nfet_01v8 (6)                |sky130_fd_pr__nfet_01v8 (6)                
Number of devices: 10                      |Number of devices: 10                      
Number of nets: 10                         |Number of nets: 10                         
---------------------------------------------------------------------------------------
Netlists match uniquely with port errors.

Subcircuit pins:
Circuit 1: bootstrap                       |Circuit 2: bootstrap                       
-------------------------------------------|-------------------------------------------
IN                                         |IN                                         
VSS                                        |VSS                                        
CKB                                        |CKB                                        
CK                                         |CK                                         
VDD                                        |VDD                                        
w_3369_n115#                               |(no pin, node is net2)                     
VGS                                        |VGS                                        
---------------------------------------------------------------------------------------
Cell pin lists for bootstrap and bootstrap altered to match.
Device classes bootstrap and bootstrap are equivalent.
Flattening unmatched subcell sky130_fd_pr__nfet_01v8_9HAEH6 in circuit th_sw_main (0)(1 instance)
Flattening unmatched subcell sky130_fd_pr__nfet_01v8_9HAEJX in circuit th_sw_main (0)(1 instance)
Flattening unmatched subcell sky130_fd_pr__nfet_01v8_WBAE2P in circuit th_sw_main (0)(1 instance)

Subcircuit summary:
Circuit 1: th_sw_main                      |Circuit 2: th_sw_main                      
-------------------------------------------|-------------------------------------------
sky130_fd_pr__nfet_01v8 (3)                |sky130_fd_pr__nfet_01v8 (3)                
Number of devices: 3                       |Number of devices: 3                       
Number of nets: 5                          |Number of nets: 5                          
---------------------------------------------------------------------------------------
Resolving symmetries by property value.
Resolving symmetries by pin name.
Netlists match uniquely.

Subcircuit pins:
Circuit 1: th_sw_main                      |Circuit 2: th_sw_main                      
-------------------------------------------|-------------------------------------------
VGS                                        |VGS                                        
VSS                                        |VSS                                        
OUT                                        |OUT                                        
IN                                         |IN                                         
CK                                         |CK                                         
---------------------------------------------------------------------------------------
Cell pin lists are equivalent.
Device classes th_sw_main and th_sw_main are equivalent.

Circuit 1 cell sky130_fd_pr__nfet_01v8_lvt and Circuit 2 cell sky130_fd_pr__nfet_01v8_lvt are black boxes.
Warning: Equate pins:  cell sky130_fd_pr__nfet_01v8_lvt is a placeholder, treated as a black box.
Warning: Equate pins:  cell sky130_fd_pr__nfet_01v8_lvt is a placeholder, treated as a black box.

Subcircuit pins:
Circuit 1: sky130_fd_pr__nfet_01v8_lvt     |Circuit 2: sky130_fd_pr__nfet_01v8_lvt     
-------------------------------------------|-------------------------------------------
1                                          |1                                          
2                                          |2                                          
3                                          |3                                          
4                                          |4                                          
---------------------------------------------------------------------------------------
Cell pin lists are equivalent.
Device classes sky130_fd_pr__nfet_01v8_lvt and sky130_fd_pr__nfet_01v8_lvt are equivalent.

Subcircuit summary:
Circuit 1: th_sw                           |Circuit 2: th_sw                           
-------------------------------------------|-------------------------------------------
bootstrap (1)                              |bootstrap (1)                              
th_sw_main (1)                             |th_sw_main (1)                             
Number of devices: 2                       |Number of devices: 2                       
Number of nets: 8                          |Number of nets: 8                          
---------------------------------------------------------------------------------------
Netlists match uniquely with port errors.

Subcircuit pins:
Circuit 1: th_sw                           |Circuit 2: th_sw                           
-------------------------------------------|-------------------------------------------
VSS                                        |VSS                                        
CK                                         |CK                                         
IN                                         |IN                                         
OUT                                        |OUT                                        
VDD                                        |VDD                                        
CKB                                        |CKB                                        
bootstrap_0/w_3369_n115#                   |(no pin, node is dummy_8)                  
---------------------------------------------------------------------------------------
Cell pin lists for th_sw and th_sw altered to match.
Device classes th_sw and th_sw are equivalent.

Class sky130_fd_sc_hs__buf_16 (0):  Merged 40 parallel devices.
Class sky130_fd_sc_hs__buf_16 (1):  Merged 40 parallel devices.
Subcircuit summary:
Circuit 1: sky130_fd_sc_hs__buf_16         |Circuit 2: sky130_fd_sc_hs__buf_16         
-------------------------------------------|-------------------------------------------
sky130_fd_pr__nfet_01v8_lvt (22->2)        |sky130_fd_pr__nfet_01v8_lvt (22->2)        
sky130_fd_pr__pfet_01v8 (22->2)            |sky130_fd_pr__pfet_01v8 (22->2)            
Number of devices: 4                       |Number of devices: 4                       
Number of nets: 7                          |Number of nets: 7                          
---------------------------------------------------------------------------------------
Netlists match uniquely.

Subcircuit pins:
Circuit 1: sky130_fd_sc_hs__buf_16         |Circuit 2: sky130_fd_sc_hs__buf_16         
-------------------------------------------|-------------------------------------------
VPWR                                       |VPWR                                       
X                                          |X                                          
VPB                                        |VPB                                        
VGND                                       |VGND                                       
VNB                                        |VNB                                        
A                                          |A                                          
---------------------------------------------------------------------------------------
Cell pin lists are equivalent.
Device classes sky130_fd_sc_hs__buf_16 and sky130_fd_sc_hs__buf_16 are equivalent.

Subcircuit summary:
Circuit 1: th_dif_sw                       |Circuit 2: th_dif_sw                       
-------------------------------------------|-------------------------------------------
th_sw (2)                                  |th_sw (2)                                  
sky130_fd_sc_hs__buf_16 (2)                |sky130_fd_sc_hs__buf_16 (2)                
Number of devices: 4                       |Number of devices: 4                       
Number of nets: 12                         |Number of nets: 12                         
---------------------------------------------------------------------------------------
Resolving symmetries by property value.
Resolving symmetries by pin name.
Netlists match uniquely.

Subcircuit pins:
Circuit 1: th_dif_sw                       |Circuit 2: th_dif_sw                       
-------------------------------------------|-------------------------------------------
VIP                                        |VIP                                        
VIN                                        |VIN                                        
VCP                                        |VCP                                        
VCN                                        |VCN                                        
CK                                         |CK                                         
CKB                                        |CKB                                        
VDD                                        |VDD                                        
VSS                                        |VSS                                        
---------------------------------------------------------------------------------------
Cell pin lists are equivalent.
Device classes th_dif_sw and th_dif_sw are equivalent.

Final result: Circuits match uniquely.
.
