Netgen 1.5.295 compiled on Kam 17 Jul 2025 02:30:04 WIB
Warning: netgen command 'format' use fully-qualified name '::netgen::format'
Warning: netgen command 'global' use fully-qualified name '::netgen::global'
Reading netlist file /home/huda/ITS_Analog_10b_TADC/mag/tt_um_tsar_adc.ext.spc
Call to undefined subcircuit sky130_fd_pr__nfet_01v8_lvt
Creating placeholder cell definition.
Call to undefined subcircuit sky130_fd_pr__pfet_01v8
Creating placeholder cell definition.
Call to undefined subcircuit sky130_fd_pr__nfet_01v8
Creating placeholder cell definition.
Call to undefined subcircuit sky130_fd_pr__cap_mim_m3_1
Creating placeholder cell definition.
Reading netlist file /home/huda/ITS_Analog_10b_TADC/mag/tt_um_tsar_adc.sch.spc
Call to undefined subcircuit th_dif_sw
Creating placeholder cell definition.
Call to undefined subcircuit tdc
Creating placeholder cell definition.
Call to undefined subcircuit sar9b
Creating placeholder cell definition.
Call to undefined subcircuit single_9b_cdac
Creating placeholder cell definition.
Call to undefined subcircuit sky130_fd_pr__pfet_01v8
Creating placeholder cell definition.
Call to undefined subcircuit sky130_fd_pr__nfet_01v8_lvt
Creating placeholder cell definition.
Call to undefined subcircuit sky130_fd_pr__res_generic_po
Creating placeholder cell definition.
Call to undefined subcircuit sky130_fd_pr__diode_pw2nd_05v5
Creating placeholder cell definition.
Call to undefined subcircuit th_sw
Creating placeholder cell definition.
Duplicate cell sky130_fd_sc_hs__a2bb2o_1 in file
Renaming original cell to sky130_fd_sc_hs__a2bb2o_1[[0]]
Duplicate cell sky130_fd_sc_hs__a2bb2o_2 in file
Renaming original cell to sky130_fd_sc_hs__a2bb2o_2[[0]]
Duplicate cell sky130_fd_sc_hs__a2bb2o_4 in file
Renaming original cell to sky130_fd_sc_hs__a2bb2o_4[[0]]
Duplicate cell sky130_fd_sc_hs__a2bb2oi_1 in file
Renaming original cell to sky130_fd_sc_hs__a2bb2oi_1[[0]]
Duplicate cell sky130_fd_sc_hs__a2bb2oi_2 in file
Renaming original cell to sky130_fd_sc_hs__a2bb2oi_2[[0]]
Duplicate cell sky130_fd_sc_hs__a2bb2oi_4 in file
Renaming original cell to sky130_fd_sc_hs__a2bb2oi_4[[0]]
Duplicate cell sky130_fd_sc_hs__a21bo_1 in file
Renaming original cell to sky130_fd_sc_hs__a21bo_1[[0]]
Duplicate cell sky130_fd_sc_hs__a21bo_2 in file
Renaming original cell to sky130_fd_sc_hs__a21bo_2[[0]]
Duplicate cell sky130_fd_sc_hs__a21bo_4 in file
Renaming original cell to sky130_fd_sc_hs__a21bo_4[[0]]
Duplicate cell sky130_fd_sc_hs__a21boi_1 in file
Renaming original cell to sky130_fd_sc_hs__a21boi_1[[0]]
Duplicate cell sky130_fd_sc_hs__a21boi_2 in file
Renaming original cell to sky130_fd_sc_hs__a21boi_2[[0]]
Duplicate cell sky130_fd_sc_hs__a21boi_4 in file
Renaming original cell to sky130_fd_sc_hs__a21boi_4[[0]]
Duplicate cell sky130_fd_sc_hs__a21o_1 in file
Renaming original cell to sky130_fd_sc_hs__a21o_1[[0]]
Duplicate cell sky130_fd_sc_hs__a21o_2 in file
Renaming original cell to sky130_fd_sc_hs__a21o_2[[0]]
Duplicate cell sky130_fd_sc_hs__a21o_4 in file
Renaming original cell to sky130_fd_sc_hs__a21o_4[[0]]
Duplicate cell sky130_fd_sc_hs__a21oi_1 in file
Renaming original cell to sky130_fd_sc_hs__a21oi_1[[0]]
Duplicate cell sky130_fd_sc_hs__a21oi_2 in file
Renaming original cell to sky130_fd_sc_hs__a21oi_2[[0]]
Duplicate cell sky130_fd_sc_hs__a21oi_4 in file
Renaming original cell to sky130_fd_sc_hs__a21oi_4[[0]]
Duplicate cell sky130_fd_sc_hs__a22o_1 in file
Renaming original cell to sky130_fd_sc_hs__a22o_1[[0]]
Duplicate cell sky130_fd_sc_hs__a22o_2 in file
Renaming original cell to sky130_fd_sc_hs__a22o_2[[0]]
Duplicate cell sky130_fd_sc_hs__a22o_4 in file
Renaming original cell to sky130_fd_sc_hs__a22o_4[[0]]
Duplicate cell sky130_fd_sc_hs__a22oi_1 in file
Renaming original cell to sky130_fd_sc_hs__a22oi_1[[0]]
Duplicate cell sky130_fd_sc_hs__a22oi_2 in file
Renaming original cell to sky130_fd_sc_hs__a22oi_2[[0]]
Duplicate cell sky130_fd_sc_hs__a22oi_4 in file
Renaming original cell to sky130_fd_sc_hs__a22oi_4[[0]]
Duplicate cell sky130_fd_sc_hs__a31o_1 in file
Renaming original cell to sky130_fd_sc_hs__a31o_1[[0]]
Duplicate cell sky130_fd_sc_hs__a31o_2 in file
Renaming original cell to sky130_fd_sc_hs__a31o_2[[0]]
Duplicate cell sky130_fd_sc_hs__a31o_4 in file
Renaming original cell to sky130_fd_sc_hs__a31o_4[[0]]
Duplicate cell sky130_fd_sc_hs__a31oi_1 in file
Renaming original cell to sky130_fd_sc_hs__a31oi_1[[0]]
Duplicate cell sky130_fd_sc_hs__a31oi_2 in file
Renaming original cell to sky130_fd_sc_hs__a31oi_2[[0]]
Duplicate cell sky130_fd_sc_hs__a31oi_4 in file
Renaming original cell to sky130_fd_sc_hs__a31oi_4[[0]]
Duplicate cell sky130_fd_sc_hs__a32o_1 in file
Renaming original cell to sky130_fd_sc_hs__a32o_1[[0]]
Duplicate cell sky130_fd_sc_hs__a32o_2 in file
Renaming original cell to sky130_fd_sc_hs__a32o_2[[0]]
Duplicate cell sky130_fd_sc_hs__a32o_4 in file
Renaming original cell to sky130_fd_sc_hs__a32o_4[[0]]
Duplicate cell sky130_fd_sc_hs__a32oi_1 in file
Renaming original cell to sky130_fd_sc_hs__a32oi_1[[0]]
Duplicate cell sky130_fd_sc_hs__a32oi_2 in file
Renaming original cell to sky130_fd_sc_hs__a32oi_2[[0]]
Duplicate cell sky130_fd_sc_hs__a32oi_4 in file
Renaming original cell to sky130_fd_sc_hs__a32oi_4[[0]]
Duplicate cell sky130_fd_sc_hs__a41o_1 in file
Renaming original cell to sky130_fd_sc_hs__a41o_1[[0]]
Duplicate cell sky130_fd_sc_hs__a41o_2 in file
Renaming original cell to sky130_fd_sc_hs__a41o_2[[0]]
Duplicate cell sky130_fd_sc_hs__a41o_4 in file
Renaming original cell to sky130_fd_sc_hs__a41o_4[[0]]
Duplicate cell sky130_fd_sc_hs__a41oi_1 in file
Renaming original cell to sky130_fd_sc_hs__a41oi_1[[0]]
Duplicate cell sky130_fd_sc_hs__a41oi_2 in file
Renaming original cell to sky130_fd_sc_hs__a41oi_2[[0]]
Duplicate cell sky130_fd_sc_hs__a41oi_4 in file
Renaming original cell to sky130_fd_sc_hs__a41oi_4[[0]]
Duplicate cell sky130_fd_sc_hs__a211o_1 in file
Renaming original cell to sky130_fd_sc_hs__a211o_1[[0]]
Duplicate cell sky130_fd_sc_hs__a211o_2 in file
Renaming original cell to sky130_fd_sc_hs__a211o_2[[0]]
Duplicate cell sky130_fd_sc_hs__a211o_4 in file
Renaming original cell to sky130_fd_sc_hs__a211o_4[[0]]
Duplicate cell sky130_fd_sc_hs__a211oi_1 in file
Renaming original cell to sky130_fd_sc_hs__a211oi_1[[0]]
Duplicate cell sky130_fd_sc_hs__a211oi_2 in file
Renaming original cell to sky130_fd_sc_hs__a211oi_2[[0]]
Duplicate cell sky130_fd_sc_hs__a211oi_4 in file
Renaming original cell to sky130_fd_sc_hs__a211oi_4[[0]]
Duplicate cell sky130_fd_sc_hs__a221o_1 in file
Renaming original cell to sky130_fd_sc_hs__a221o_1[[0]]
Duplicate cell sky130_fd_sc_hs__a221o_2 in file
Renaming original cell to sky130_fd_sc_hs__a221o_2[[0]]
Duplicate cell sky130_fd_sc_hs__a221o_4 in file
Renaming original cell to sky130_fd_sc_hs__a221o_4[[0]]
Duplicate cell sky130_fd_sc_hs__a221oi_1 in file
Renaming original cell to sky130_fd_sc_hs__a221oi_1[[0]]
Duplicate cell sky130_fd_sc_hs__a221oi_2 in file
Renaming original cell to sky130_fd_sc_hs__a221oi_2[[0]]
Duplicate cell sky130_fd_sc_hs__a221oi_4 in file
Renaming original cell to sky130_fd_sc_hs__a221oi_4[[0]]
Duplicate cell sky130_fd_sc_hs__a222o_1 in file
Renaming original cell to sky130_fd_sc_hs__a222o_1[[0]]
Duplicate cell sky130_fd_sc_hs__a222o_2 in file
Renaming original cell to sky130_fd_sc_hs__a222o_2[[0]]
Duplicate cell sky130_fd_sc_hs__a222oi_1 in file
Renaming original cell to sky130_fd_sc_hs__a222oi_1[[0]]
Duplicate cell sky130_fd_sc_hs__a222oi_2 in file
Renaming original cell to sky130_fd_sc_hs__a222oi_2[[0]]
Duplicate cell sky130_fd_sc_hs__a311o_1 in file
Renaming original cell to sky130_fd_sc_hs__a311o_1[[0]]
Duplicate cell sky130_fd_sc_hs__a311o_2 in file
Renaming original cell to sky130_fd_sc_hs__a311o_2[[0]]
Duplicate cell sky130_fd_sc_hs__a311o_4 in file
Renaming original cell to sky130_fd_sc_hs__a311o_4[[0]]
Duplicate cell sky130_fd_sc_hs__a311oi_1 in file
Renaming original cell to sky130_fd_sc_hs__a311oi_1[[0]]
Duplicate cell sky130_fd_sc_hs__a311oi_2 in file
Renaming original cell to sky130_fd_sc_hs__a311oi_2[[0]]
Duplicate cell sky130_fd_sc_hs__a311oi_4 in file
Renaming original cell to sky130_fd_sc_hs__a311oi_4[[0]]
Duplicate cell sky130_fd_sc_hs__a2111o_1 in file
Renaming original cell to sky130_fd_sc_hs__a2111o_1[[0]]
Duplicate cell sky130_fd_sc_hs__a2111o_2 in file
Renaming original cell to sky130_fd_sc_hs__a2111o_2[[0]]
Duplicate cell sky130_fd_sc_hs__a2111o_4 in file
Renaming original cell to sky130_fd_sc_hs__a2111o_4[[0]]
Duplicate cell sky130_fd_sc_hs__a2111oi_1 in file
Renaming original cell to sky130_fd_sc_hs__a2111oi_1[[0]]
Duplicate cell sky130_fd_sc_hs__a2111oi_2 in file
Renaming original cell to sky130_fd_sc_hs__a2111oi_2[[0]]
Duplicate cell sky130_fd_sc_hs__a2111oi_4 in file
Renaming original cell to sky130_fd_sc_hs__a2111oi_4[[0]]
Duplicate cell sky130_fd_sc_hs__and2_1 in file
Renaming original cell to sky130_fd_sc_hs__and2_1[[0]]
Duplicate cell sky130_fd_sc_hs__and2_2 in file
Renaming original cell to sky130_fd_sc_hs__and2_2[[0]]
Duplicate cell sky130_fd_sc_hs__and2_4 in file
Renaming original cell to sky130_fd_sc_hs__and2_4[[0]]
Duplicate cell sky130_fd_sc_hs__and2b_1 in file
Renaming original cell to sky130_fd_sc_hs__and2b_1[[0]]
Duplicate cell sky130_fd_sc_hs__and2b_2 in file
Renaming original cell to sky130_fd_sc_hs__and2b_2[[0]]
Duplicate cell sky130_fd_sc_hs__and2b_4 in file
Renaming original cell to sky130_fd_sc_hs__and2b_4[[0]]
Duplicate cell sky130_fd_sc_hs__and3_1 in file
Renaming original cell to sky130_fd_sc_hs__and3_1[[0]]
Duplicate cell sky130_fd_sc_hs__and3_2 in file
Renaming original cell to sky130_fd_sc_hs__and3_2[[0]]
Duplicate cell sky130_fd_sc_hs__and3_4 in file
Renaming original cell to sky130_fd_sc_hs__and3_4[[0]]
Duplicate cell sky130_fd_sc_hs__and3b_1 in file
Renaming original cell to sky130_fd_sc_hs__and3b_1[[0]]
Duplicate cell sky130_fd_sc_hs__and3b_2 in file
Renaming original cell to sky130_fd_sc_hs__and3b_2[[0]]
Duplicate cell sky130_fd_sc_hs__and3b_4 in file
Renaming original cell to sky130_fd_sc_hs__and3b_4[[0]]
Duplicate cell sky130_fd_sc_hs__and4_1 in file
Renaming original cell to sky130_fd_sc_hs__and4_1[[0]]
Duplicate cell sky130_fd_sc_hs__and4_2 in file
Renaming original cell to sky130_fd_sc_hs__and4_2[[0]]
Duplicate cell sky130_fd_sc_hs__and4_4 in file
Renaming original cell to sky130_fd_sc_hs__and4_4[[0]]
Duplicate cell sky130_fd_sc_hs__and4b_1 in file
Renaming original cell to sky130_fd_sc_hs__and4b_1[[0]]
Duplicate cell sky130_fd_sc_hs__and4b_2 in file
Renaming original cell to sky130_fd_sc_hs__and4b_2[[0]]
Duplicate cell sky130_fd_sc_hs__and4b_4 in file
Renaming original cell to sky130_fd_sc_hs__and4b_4[[0]]
Duplicate cell sky130_fd_sc_hs__and4bb_1 in file
Renaming original cell to sky130_fd_sc_hs__and4bb_1[[0]]
Duplicate cell sky130_fd_sc_hs__and4bb_2 in file
Renaming original cell to sky130_fd_sc_hs__and4bb_2[[0]]
Duplicate cell sky130_fd_sc_hs__and4bb_4 in file
Renaming original cell to sky130_fd_sc_hs__and4bb_4[[0]]
Duplicate cell sky130_fd_sc_hs__buf_1 in file
Renaming original cell to sky130_fd_sc_hs__buf_1[[0]]
Duplicate cell sky130_fd_sc_hs__buf_2 in file
Renaming original cell to sky130_fd_sc_hs__buf_2[[0]]
Duplicate cell sky130_fd_sc_hs__buf_4 in file
Renaming original cell to sky130_fd_sc_hs__buf_4[[0]]
Duplicate cell sky130_fd_sc_hs__buf_8 in file
Renaming original cell to sky130_fd_sc_hs__buf_8[[0]]
Duplicate cell sky130_fd_sc_hs__buf_16 in file
Renaming original cell to sky130_fd_sc_hs__buf_16[[0]]
Duplicate cell sky130_fd_sc_hs__bufbuf_8 in file
Renaming original cell to sky130_fd_sc_hs__bufbuf_8[[0]]
Duplicate cell sky130_fd_sc_hs__bufbuf_16 in file
Renaming original cell to sky130_fd_sc_hs__bufbuf_16[[0]]
Duplicate cell sky130_fd_sc_hs__bufinv_8 in file
Renaming original cell to sky130_fd_sc_hs__bufinv_8[[0]]
Duplicate cell sky130_fd_sc_hs__bufinv_16 in file
Renaming original cell to sky130_fd_sc_hs__bufinv_16[[0]]
Duplicate cell sky130_fd_sc_hs__clkbuf_1 in file
Renaming original cell to sky130_fd_sc_hs__clkbuf_1[[0]]
Duplicate cell sky130_fd_sc_hs__clkbuf_2 in file
Renaming original cell to sky130_fd_sc_hs__clkbuf_2[[0]]
Duplicate cell sky130_fd_sc_hs__clkbuf_4 in file
Renaming original cell to sky130_fd_sc_hs__clkbuf_4[[0]]
Duplicate cell sky130_fd_sc_hs__clkbuf_8 in file
Renaming original cell to sky130_fd_sc_hs__clkbuf_8[[0]]
Duplicate cell sky130_fd_sc_hs__clkbuf_16 in file
Renaming original cell to sky130_fd_sc_hs__clkbuf_16[[0]]
Duplicate cell sky130_fd_sc_hs__clkdlyinv3sd1_1 in file
Renaming original cell to sky130_fd_sc_hs__clkdlyinv3sd1_1[[0]]
Duplicate cell sky130_fd_sc_hs__clkdlyinv3sd2_1 in file
Renaming original cell to sky130_fd_sc_hs__clkdlyinv3sd2_1[[0]]
Duplicate cell sky130_fd_sc_hs__clkdlyinv3sd3_1 in file
Renaming original cell to sky130_fd_sc_hs__clkdlyinv3sd3_1[[0]]
Duplicate cell sky130_fd_sc_hs__clkdlyinv5sd1_1 in file
Renaming original cell to sky130_fd_sc_hs__clkdlyinv5sd1_1[[0]]
Duplicate cell sky130_fd_sc_hs__clkdlyinv5sd2_1 in file
Renaming original cell to sky130_fd_sc_hs__clkdlyinv5sd2_1[[0]]
Duplicate cell sky130_fd_sc_hs__clkdlyinv5sd3_1 in file
Renaming original cell to sky130_fd_sc_hs__clkdlyinv5sd3_1[[0]]
Duplicate cell sky130_fd_sc_hs__clkinv_1 in file
Renaming original cell to sky130_fd_sc_hs__clkinv_1[[0]]
Duplicate cell sky130_fd_sc_hs__clkinv_2 in file
Renaming original cell to sky130_fd_sc_hs__clkinv_2[[0]]
Duplicate cell sky130_fd_sc_hs__clkinv_4 in file
Renaming original cell to sky130_fd_sc_hs__clkinv_4[[0]]
Duplicate cell sky130_fd_sc_hs__clkinv_8 in file
Renaming original cell to sky130_fd_sc_hs__clkinv_8[[0]]
Duplicate cell sky130_fd_sc_hs__clkinv_16 in file
Renaming original cell to sky130_fd_sc_hs__clkinv_16[[0]]
Duplicate cell sky130_fd_sc_hs__conb_1 in file
Renaming original cell to sky130_fd_sc_hs__conb_1[[0]]
Duplicate cell sky130_fd_sc_hs__decap_4 in file
Renaming original cell to sky130_fd_sc_hs__decap_4[[0]]
Duplicate cell sky130_fd_sc_hs__decap_8 in file
Renaming original cell to sky130_fd_sc_hs__decap_8[[0]]
Duplicate cell sky130_fd_sc_hs__dfbbn_1 in file
Renaming original cell to sky130_fd_sc_hs__dfbbn_1[[0]]
Duplicate cell sky130_fd_sc_hs__dfbbn_2 in file
Renaming original cell to sky130_fd_sc_hs__dfbbn_2[[0]]
Duplicate cell sky130_fd_sc_hs__dfbbp_1 in file
Renaming original cell to sky130_fd_sc_hs__dfbbp_1[[0]]
Duplicate cell sky130_fd_sc_hs__dfrbp_1 in file
Renaming original cell to sky130_fd_sc_hs__dfrbp_1[[0]]
Duplicate cell sky130_fd_sc_hs__dfrbp_2 in file
Renaming original cell to sky130_fd_sc_hs__dfrbp_2[[0]]
Duplicate cell sky130_fd_sc_hs__dfrtn_1 in file
Renaming original cell to sky130_fd_sc_hs__dfrtn_1[[0]]
Duplicate cell sky130_fd_sc_hs__dfrtp_1 in file
Renaming original cell to sky130_fd_sc_hs__dfrtp_1[[0]]
Duplicate cell sky130_fd_sc_hs__dfrtp_2 in file
Renaming original cell to sky130_fd_sc_hs__dfrtp_2[[0]]
Duplicate cell sky130_fd_sc_hs__dfrtp_4 in file
Renaming original cell to sky130_fd_sc_hs__dfrtp_4[[0]]
Duplicate cell sky130_fd_sc_hs__dfsbp_1 in file
Renaming original cell to sky130_fd_sc_hs__dfsbp_1[[0]]
Duplicate cell sky130_fd_sc_hs__dfsbp_2 in file
Renaming original cell to sky130_fd_sc_hs__dfsbp_2[[0]]
Duplicate cell sky130_fd_sc_hs__dfstp_1 in file
Renaming original cell to sky130_fd_sc_hs__dfstp_1[[0]]
Duplicate cell sky130_fd_sc_hs__dfstp_2 in file
Renaming original cell to sky130_fd_sc_hs__dfstp_2[[0]]
Duplicate cell sky130_fd_sc_hs__dfstp_4 in file
Renaming original cell to sky130_fd_sc_hs__dfstp_4[[0]]
Duplicate cell sky130_fd_sc_hs__dfxbp_1 in file
Renaming original cell to sky130_fd_sc_hs__dfxbp_1[[0]]
Duplicate cell sky130_fd_sc_hs__dfxbp_2 in file
Renaming original cell to sky130_fd_sc_hs__dfxbp_2[[0]]
Duplicate cell sky130_fd_sc_hs__dfxtp_1 in file
Renaming original cell to sky130_fd_sc_hs__dfxtp_1[[0]]
Duplicate cell sky130_fd_sc_hs__dfxtp_2 in file
Renaming original cell to sky130_fd_sc_hs__dfxtp_2[[0]]
Duplicate cell sky130_fd_sc_hs__dfxtp_4 in file
Renaming original cell to sky130_fd_sc_hs__dfxtp_4[[0]]
Duplicate cell sky130_fd_sc_hs__diode_2 in file
Renaming original cell to sky130_fd_sc_hs__diode_2[[0]]
Duplicate cell sky130_fd_sc_hs__dlclkp_1 in file
Renaming original cell to sky130_fd_sc_hs__dlclkp_1[[0]]
Duplicate cell sky130_fd_sc_hs__dlclkp_2 in file
Renaming original cell to sky130_fd_sc_hs__dlclkp_2[[0]]
Duplicate cell sky130_fd_sc_hs__dlclkp_4 in file
Renaming original cell to sky130_fd_sc_hs__dlclkp_4[[0]]
Duplicate cell sky130_fd_sc_hs__dlrbn_1 in file
Renaming original cell to sky130_fd_sc_hs__dlrbn_1[[0]]
Duplicate cell sky130_fd_sc_hs__dlrbn_2 in file
Renaming original cell to sky130_fd_sc_hs__dlrbn_2[[0]]
Duplicate cell sky130_fd_sc_hs__dlrbp_1 in file
Renaming original cell to sky130_fd_sc_hs__dlrbp_1[[0]]
Duplicate cell sky130_fd_sc_hs__dlrbp_2 in file
Renaming original cell to sky130_fd_sc_hs__dlrbp_2[[0]]
Duplicate cell sky130_fd_sc_hs__dlrtn_1 in file
Renaming original cell to sky130_fd_sc_hs__dlrtn_1[[0]]
Duplicate cell sky130_fd_sc_hs__dlrtn_2 in file
Renaming original cell to sky130_fd_sc_hs__dlrtn_2[[0]]
Duplicate cell sky130_fd_sc_hs__dlrtn_4 in file
Renaming original cell to sky130_fd_sc_hs__dlrtn_4[[0]]
Duplicate cell sky130_fd_sc_hs__dlrtp_1 in file
Renaming original cell to sky130_fd_sc_hs__dlrtp_1[[0]]
Duplicate cell sky130_fd_sc_hs__dlrtp_2 in file
Renaming original cell to sky130_fd_sc_hs__dlrtp_2[[0]]
Duplicate cell sky130_fd_sc_hs__dlrtp_4 in file
Renaming original cell to sky130_fd_sc_hs__dlrtp_4[[0]]
Duplicate cell sky130_fd_sc_hs__dlxbn_1 in file
Renaming original cell to sky130_fd_sc_hs__dlxbn_1[[0]]
Duplicate cell sky130_fd_sc_hs__dlxbn_2 in file
Renaming original cell to sky130_fd_sc_hs__dlxbn_2[[0]]
Duplicate cell sky130_fd_sc_hs__dlxbp_1 in file
Renaming original cell to sky130_fd_sc_hs__dlxbp_1[[0]]
Duplicate cell sky130_fd_sc_hs__dlxtn_1 in file
Renaming original cell to sky130_fd_sc_hs__dlxtn_1[[0]]
Duplicate cell sky130_fd_sc_hs__dlxtn_2 in file
Renaming original cell to sky130_fd_sc_hs__dlxtn_2[[0]]
Duplicate cell sky130_fd_sc_hs__dlxtn_4 in file
Renaming original cell to sky130_fd_sc_hs__dlxtn_4[[0]]
Duplicate cell sky130_fd_sc_hs__dlxtp_1 in file
Renaming original cell to sky130_fd_sc_hs__dlxtp_1[[0]]
Duplicate cell sky130_fd_sc_hs__dlygate4sd1_1 in file
Renaming original cell to sky130_fd_sc_hs__dlygate4sd1_1[[0]]
Duplicate cell sky130_fd_sc_hs__dlygate4sd2_1 in file
Renaming original cell to sky130_fd_sc_hs__dlygate4sd2_1[[0]]
Duplicate cell sky130_fd_sc_hs__dlygate4sd3_1 in file
Renaming original cell to sky130_fd_sc_hs__dlygate4sd3_1[[0]]
Duplicate cell sky130_fd_sc_hs__dlymetal6s2s_1 in file
Renaming original cell to sky130_fd_sc_hs__dlymetal6s2s_1[[0]]
Duplicate cell sky130_fd_sc_hs__dlymetal6s4s_1 in file
Renaming original cell to sky130_fd_sc_hs__dlymetal6s4s_1[[0]]
Duplicate cell sky130_fd_sc_hs__dlymetal6s6s_1 in file
Renaming original cell to sky130_fd_sc_hs__dlymetal6s6s_1[[0]]
Duplicate cell sky130_fd_sc_hs__ebufn_1 in file
Renaming original cell to sky130_fd_sc_hs__ebufn_1[[0]]
Duplicate cell sky130_fd_sc_hs__ebufn_2 in file
Renaming original cell to sky130_fd_sc_hs__ebufn_2[[0]]
Duplicate cell sky130_fd_sc_hs__ebufn_4 in file
Renaming original cell to sky130_fd_sc_hs__ebufn_4[[0]]
Duplicate cell sky130_fd_sc_hs__ebufn_8 in file
Renaming original cell to sky130_fd_sc_hs__ebufn_8[[0]]
Duplicate cell sky130_fd_sc_hs__edfxbp_1 in file
Renaming original cell to sky130_fd_sc_hs__edfxbp_1[[0]]
Duplicate cell sky130_fd_sc_hs__edfxtp_1 in file
Renaming original cell to sky130_fd_sc_hs__edfxtp_1[[0]]
Duplicate cell sky130_fd_sc_hs__einvn_1 in file
Renaming original cell to sky130_fd_sc_hs__einvn_1[[0]]
Duplicate cell sky130_fd_sc_hs__einvn_2 in file
Renaming original cell to sky130_fd_sc_hs__einvn_2[[0]]
Duplicate cell sky130_fd_sc_hs__einvn_4 in file
Renaming original cell to sky130_fd_sc_hs__einvn_4[[0]]
Duplicate cell sky130_fd_sc_hs__einvn_8 in file
Renaming original cell to sky130_fd_sc_hs__einvn_8[[0]]
Duplicate cell sky130_fd_sc_hs__einvp_1 in file
Renaming original cell to sky130_fd_sc_hs__einvp_1[[0]]
Duplicate cell sky130_fd_sc_hs__einvp_2 in file
Renaming original cell to sky130_fd_sc_hs__einvp_2[[0]]
Duplicate cell sky130_fd_sc_hs__einvp_4 in file
Renaming original cell to sky130_fd_sc_hs__einvp_4[[0]]
Duplicate cell sky130_fd_sc_hs__einvp_8 in file
Renaming original cell to sky130_fd_sc_hs__einvp_8[[0]]
Duplicate cell sky130_fd_sc_hs__fa_1 in file
Renaming original cell to sky130_fd_sc_hs__fa_1[[0]]
Duplicate cell sky130_fd_sc_hs__fa_2 in file
Renaming original cell to sky130_fd_sc_hs__fa_2[[0]]
Duplicate cell sky130_fd_sc_hs__fa_4 in file
Renaming original cell to sky130_fd_sc_hs__fa_4[[0]]
Duplicate cell sky130_fd_sc_hs__fah_1 in file
Renaming original cell to sky130_fd_sc_hs__fah_1[[0]]
Duplicate cell sky130_fd_sc_hs__fah_2 in file
Renaming original cell to sky130_fd_sc_hs__fah_2[[0]]
Duplicate cell sky130_fd_sc_hs__fah_4 in file
Renaming original cell to sky130_fd_sc_hs__fah_4[[0]]
Duplicate cell sky130_fd_sc_hs__fahcin_1 in file
Renaming original cell to sky130_fd_sc_hs__fahcin_1[[0]]
Duplicate cell sky130_fd_sc_hs__fahcon_1 in file
Renaming original cell to sky130_fd_sc_hs__fahcon_1[[0]]
Duplicate cell sky130_fd_sc_hs__fill_1 in file
Renaming original cell to sky130_fd_sc_hs__fill_1[[0]]
Duplicate cell sky130_fd_sc_hs__fill_2 in file
Renaming original cell to sky130_fd_sc_hs__fill_2[[0]]
Duplicate cell sky130_fd_sc_hs__fill_4 in file
Renaming original cell to sky130_fd_sc_hs__fill_4[[0]]
Duplicate cell sky130_fd_sc_hs__fill_8 in file
Renaming original cell to sky130_fd_sc_hs__fill_8[[0]]
Duplicate cell sky130_fd_sc_hs__fill_diode_2 in file
Renaming original cell to sky130_fd_sc_hs__fill_diode_2[[0]]
Duplicate cell sky130_fd_sc_hs__fill_diode_4 in file
Renaming original cell to sky130_fd_sc_hs__fill_diode_4[[0]]
Duplicate cell sky130_fd_sc_hs__fill_diode_8 in file
Renaming original cell to sky130_fd_sc_hs__fill_diode_8[[0]]
Duplicate cell sky130_fd_sc_hs__ha_1 in file
Renaming original cell to sky130_fd_sc_hs__ha_1[[0]]
Duplicate cell sky130_fd_sc_hs__ha_2 in file
Renaming original cell to sky130_fd_sc_hs__ha_2[[0]]
Duplicate cell sky130_fd_sc_hs__ha_4 in file
Renaming original cell to sky130_fd_sc_hs__ha_4[[0]]
Duplicate cell sky130_fd_sc_hs__inv_1 in file
Renaming original cell to sky130_fd_sc_hs__inv_1[[0]]
Duplicate cell sky130_fd_sc_hs__inv_2 in file
Renaming original cell to sky130_fd_sc_hs__inv_2[[0]]
Duplicate cell sky130_fd_sc_hs__inv_4 in file
Renaming original cell to sky130_fd_sc_hs__inv_4[[0]]
Duplicate cell sky130_fd_sc_hs__inv_8 in file
Renaming original cell to sky130_fd_sc_hs__inv_8[[0]]
Duplicate cell sky130_fd_sc_hs__inv_16 in file
Renaming original cell to sky130_fd_sc_hs__inv_16[[0]]
Duplicate cell sky130_fd_sc_hs__maj3_1 in file
Renaming original cell to sky130_fd_sc_hs__maj3_1[[0]]
Duplicate cell sky130_fd_sc_hs__maj3_2 in file
Renaming original cell to sky130_fd_sc_hs__maj3_2[[0]]
Duplicate cell sky130_fd_sc_hs__maj3_4 in file
Renaming original cell to sky130_fd_sc_hs__maj3_4[[0]]
Duplicate cell sky130_fd_sc_hs__mux2_1 in file
Renaming original cell to sky130_fd_sc_hs__mux2_1[[0]]
Duplicate cell sky130_fd_sc_hs__mux2_2 in file
Renaming original cell to sky130_fd_sc_hs__mux2_2[[0]]
Duplicate cell sky130_fd_sc_hs__mux2_4 in file
Renaming original cell to sky130_fd_sc_hs__mux2_4[[0]]
Duplicate cell sky130_fd_sc_hs__mux2i_1 in file
Renaming original cell to sky130_fd_sc_hs__mux2i_1[[0]]
Duplicate cell sky130_fd_sc_hs__mux2i_2 in file
Renaming original cell to sky130_fd_sc_hs__mux2i_2[[0]]
Duplicate cell sky130_fd_sc_hs__mux2i_4 in file
Renaming original cell to sky130_fd_sc_hs__mux2i_4[[0]]
Duplicate cell sky130_fd_sc_hs__mux4_1 in file
Renaming original cell to sky130_fd_sc_hs__mux4_1[[0]]
Duplicate cell sky130_fd_sc_hs__mux4_2 in file
Renaming original cell to sky130_fd_sc_hs__mux4_2[[0]]
Duplicate cell sky130_fd_sc_hs__mux4_4 in file
Renaming original cell to sky130_fd_sc_hs__mux4_4[[0]]
Duplicate cell sky130_fd_sc_hs__nand2_1 in file
Renaming original cell to sky130_fd_sc_hs__nand2_1[[0]]
Duplicate cell sky130_fd_sc_hs__nand2_2 in file
Renaming original cell to sky130_fd_sc_hs__nand2_2[[0]]
Duplicate cell sky130_fd_sc_hs__nand2_4 in file
Renaming original cell to sky130_fd_sc_hs__nand2_4[[0]]
Duplicate cell sky130_fd_sc_hs__nand2_8 in file
Renaming original cell to sky130_fd_sc_hs__nand2_8[[0]]
Duplicate cell sky130_fd_sc_hs__nand2b_1 in file
Renaming original cell to sky130_fd_sc_hs__nand2b_1[[0]]
Duplicate cell sky130_fd_sc_hs__nand2b_2 in file
Renaming original cell to sky130_fd_sc_hs__nand2b_2[[0]]
Duplicate cell sky130_fd_sc_hs__nand2b_4 in file
Renaming original cell to sky130_fd_sc_hs__nand2b_4[[0]]
Duplicate cell sky130_fd_sc_hs__nand3_1 in file
Renaming original cell to sky130_fd_sc_hs__nand3_1[[0]]
Duplicate cell sky130_fd_sc_hs__nand3_2 in file
Renaming original cell to sky130_fd_sc_hs__nand3_2[[0]]
Duplicate cell sky130_fd_sc_hs__nand3_4 in file
Renaming original cell to sky130_fd_sc_hs__nand3_4[[0]]
Duplicate cell sky130_fd_sc_hs__nand3b_1 in file
Renaming original cell to sky130_fd_sc_hs__nand3b_1[[0]]
Duplicate cell sky130_fd_sc_hs__nand3b_2 in file
Renaming original cell to sky130_fd_sc_hs__nand3b_2[[0]]
Duplicate cell sky130_fd_sc_hs__nand3b_4 in file
Renaming original cell to sky130_fd_sc_hs__nand3b_4[[0]]
Duplicate cell sky130_fd_sc_hs__nand4_1 in file
Renaming original cell to sky130_fd_sc_hs__nand4_1[[0]]
Duplicate cell sky130_fd_sc_hs__nand4_2 in file
Renaming original cell to sky130_fd_sc_hs__nand4_2[[0]]
Duplicate cell sky130_fd_sc_hs__nand4_4 in file
Renaming original cell to sky130_fd_sc_hs__nand4_4[[0]]
Duplicate cell sky130_fd_sc_hs__nand4b_1 in file
Renaming original cell to sky130_fd_sc_hs__nand4b_1[[0]]
Duplicate cell sky130_fd_sc_hs__nand4b_2 in file
Renaming original cell to sky130_fd_sc_hs__nand4b_2[[0]]
Duplicate cell sky130_fd_sc_hs__nand4b_4 in file
Renaming original cell to sky130_fd_sc_hs__nand4b_4[[0]]
Duplicate cell sky130_fd_sc_hs__nand4bb_1 in file
Renaming original cell to sky130_fd_sc_hs__nand4bb_1[[0]]
Duplicate cell sky130_fd_sc_hs__nand4bb_2 in file
Renaming original cell to sky130_fd_sc_hs__nand4bb_2[[0]]
Duplicate cell sky130_fd_sc_hs__nand4bb_4 in file
Renaming original cell to sky130_fd_sc_hs__nand4bb_4[[0]]
Duplicate cell sky130_fd_sc_hs__nor2_1 in file
Renaming original cell to sky130_fd_sc_hs__nor2_1[[0]]
Duplicate cell sky130_fd_sc_hs__nor2_2 in file
Renaming original cell to sky130_fd_sc_hs__nor2_2[[0]]
Duplicate cell sky130_fd_sc_hs__nor2_4 in file
Renaming original cell to sky130_fd_sc_hs__nor2_4[[0]]
Duplicate cell sky130_fd_sc_hs__nor2_8 in file
Renaming original cell to sky130_fd_sc_hs__nor2_8[[0]]
Duplicate cell sky130_fd_sc_hs__nor2b_1 in file
Renaming original cell to sky130_fd_sc_hs__nor2b_1[[0]]
Duplicate cell sky130_fd_sc_hs__nor2b_2 in file
Renaming original cell to sky130_fd_sc_hs__nor2b_2[[0]]
Duplicate cell sky130_fd_sc_hs__nor2b_4 in file
Renaming original cell to sky130_fd_sc_hs__nor2b_4[[0]]
Duplicate cell sky130_fd_sc_hs__nor3_1 in file
Renaming original cell to sky130_fd_sc_hs__nor3_1[[0]]
Duplicate cell sky130_fd_sc_hs__nor3_2 in file
Renaming original cell to sky130_fd_sc_hs__nor3_2[[0]]
Duplicate cell sky130_fd_sc_hs__nor3_4 in file
Renaming original cell to sky130_fd_sc_hs__nor3_4[[0]]
Duplicate cell sky130_fd_sc_hs__nor3b_1 in file
Renaming original cell to sky130_fd_sc_hs__nor3b_1[[0]]
Duplicate cell sky130_fd_sc_hs__nor3b_2 in file
Renaming original cell to sky130_fd_sc_hs__nor3b_2[[0]]
Duplicate cell sky130_fd_sc_hs__nor3b_4 in file
Renaming original cell to sky130_fd_sc_hs__nor3b_4[[0]]
Duplicate cell sky130_fd_sc_hs__nor4_1 in file
Renaming original cell to sky130_fd_sc_hs__nor4_1[[0]]
Duplicate cell sky130_fd_sc_hs__nor4_2 in file
Renaming original cell to sky130_fd_sc_hs__nor4_2[[0]]
Duplicate cell sky130_fd_sc_hs__nor4_4 in file
Renaming original cell to sky130_fd_sc_hs__nor4_4[[0]]
Duplicate cell sky130_fd_sc_hs__nor4b_1 in file
Renaming original cell to sky130_fd_sc_hs__nor4b_1[[0]]
Duplicate cell sky130_fd_sc_hs__nor4b_2 in file
Renaming original cell to sky130_fd_sc_hs__nor4b_2[[0]]
Duplicate cell sky130_fd_sc_hs__nor4b_4 in file
Renaming original cell to sky130_fd_sc_hs__nor4b_4[[0]]
Duplicate cell sky130_fd_sc_hs__nor4bb_1 in file
Renaming original cell to sky130_fd_sc_hs__nor4bb_1[[0]]
Duplicate cell sky130_fd_sc_hs__nor4bb_2 in file
Renaming original cell to sky130_fd_sc_hs__nor4bb_2[[0]]
Duplicate cell sky130_fd_sc_hs__nor4bb_4 in file
Renaming original cell to sky130_fd_sc_hs__nor4bb_4[[0]]
Duplicate cell sky130_fd_sc_hs__o2bb2a_1 in file
Renaming original cell to sky130_fd_sc_hs__o2bb2a_1[[0]]
Duplicate cell sky130_fd_sc_hs__o2bb2a_2 in file
Renaming original cell to sky130_fd_sc_hs__o2bb2a_2[[0]]
Duplicate cell sky130_fd_sc_hs__o2bb2a_4 in file
Renaming original cell to sky130_fd_sc_hs__o2bb2a_4[[0]]
Duplicate cell sky130_fd_sc_hs__o2bb2ai_1 in file
Renaming original cell to sky130_fd_sc_hs__o2bb2ai_1[[0]]
Duplicate cell sky130_fd_sc_hs__o2bb2ai_2 in file
Renaming original cell to sky130_fd_sc_hs__o2bb2ai_2[[0]]
Duplicate cell sky130_fd_sc_hs__o2bb2ai_4 in file
Renaming original cell to sky130_fd_sc_hs__o2bb2ai_4[[0]]
Duplicate cell sky130_fd_sc_hs__o21a_1 in file
Renaming original cell to sky130_fd_sc_hs__o21a_1[[0]]
Duplicate cell sky130_fd_sc_hs__o21a_2 in file
Renaming original cell to sky130_fd_sc_hs__o21a_2[[0]]
Duplicate cell sky130_fd_sc_hs__o21a_4 in file
Renaming original cell to sky130_fd_sc_hs__o21a_4[[0]]
Duplicate cell sky130_fd_sc_hs__o21ai_1 in file
Renaming original cell to sky130_fd_sc_hs__o21ai_1[[0]]
Duplicate cell sky130_fd_sc_hs__o21ai_2 in file
Renaming original cell to sky130_fd_sc_hs__o21ai_2[[0]]
Duplicate cell sky130_fd_sc_hs__o21ai_4 in file
Renaming original cell to sky130_fd_sc_hs__o21ai_4[[0]]
Duplicate cell sky130_fd_sc_hs__o21ba_1 in file
Renaming original cell to sky130_fd_sc_hs__o21ba_1[[0]]
Duplicate cell sky130_fd_sc_hs__o21ba_2 in file
Renaming original cell to sky130_fd_sc_hs__o21ba_2[[0]]
Duplicate cell sky130_fd_sc_hs__o21ba_4 in file
Renaming original cell to sky130_fd_sc_hs__o21ba_4[[0]]
Duplicate cell sky130_fd_sc_hs__o21bai_1 in file
Renaming original cell to sky130_fd_sc_hs__o21bai_1[[0]]
Duplicate cell sky130_fd_sc_hs__o21bai_2 in file
Renaming original cell to sky130_fd_sc_hs__o21bai_2[[0]]
Duplicate cell sky130_fd_sc_hs__o21bai_4 in file
Renaming original cell to sky130_fd_sc_hs__o21bai_4[[0]]
Duplicate cell sky130_fd_sc_hs__o22a_1 in file
Renaming original cell to sky130_fd_sc_hs__o22a_1[[0]]
Duplicate cell sky130_fd_sc_hs__o22a_2 in file
Renaming original cell to sky130_fd_sc_hs__o22a_2[[0]]
Duplicate cell sky130_fd_sc_hs__o22a_4 in file
Renaming original cell to sky130_fd_sc_hs__o22a_4[[0]]
Duplicate cell sky130_fd_sc_hs__o22ai_1 in file
Renaming original cell to sky130_fd_sc_hs__o22ai_1[[0]]
Duplicate cell sky130_fd_sc_hs__o22ai_2 in file
Renaming original cell to sky130_fd_sc_hs__o22ai_2[[0]]
Duplicate cell sky130_fd_sc_hs__o22ai_4 in file
Renaming original cell to sky130_fd_sc_hs__o22ai_4[[0]]
Duplicate cell sky130_fd_sc_hs__o31a_1 in file
Renaming original cell to sky130_fd_sc_hs__o31a_1[[0]]
Duplicate cell sky130_fd_sc_hs__o31a_2 in file
Renaming original cell to sky130_fd_sc_hs__o31a_2[[0]]
Duplicate cell sky130_fd_sc_hs__o31a_4 in file
Renaming original cell to sky130_fd_sc_hs__o31a_4[[0]]
Duplicate cell sky130_fd_sc_hs__o31ai_1 in file
Renaming original cell to sky130_fd_sc_hs__o31ai_1[[0]]
Duplicate cell sky130_fd_sc_hs__o31ai_2 in file
Renaming original cell to sky130_fd_sc_hs__o31ai_2[[0]]
Duplicate cell sky130_fd_sc_hs__o31ai_4 in file
Renaming original cell to sky130_fd_sc_hs__o31ai_4[[0]]
Duplicate cell sky130_fd_sc_hs__o32a_1 in file
Renaming original cell to sky130_fd_sc_hs__o32a_1[[0]]
Duplicate cell sky130_fd_sc_hs__o32a_2 in file
Renaming original cell to sky130_fd_sc_hs__o32a_2[[0]]
Duplicate cell sky130_fd_sc_hs__o32a_4 in file
Renaming original cell to sky130_fd_sc_hs__o32a_4[[0]]
Duplicate cell sky130_fd_sc_hs__o32ai_1 in file
Renaming original cell to sky130_fd_sc_hs__o32ai_1[[0]]
Duplicate cell sky130_fd_sc_hs__o32ai_2 in file
Renaming original cell to sky130_fd_sc_hs__o32ai_2[[0]]
Duplicate cell sky130_fd_sc_hs__o32ai_4 in file
Renaming original cell to sky130_fd_sc_hs__o32ai_4[[0]]
Duplicate cell sky130_fd_sc_hs__o41a_1 in file
Renaming original cell to sky130_fd_sc_hs__o41a_1[[0]]
Duplicate cell sky130_fd_sc_hs__o41a_2 in file
Renaming original cell to sky130_fd_sc_hs__o41a_2[[0]]
Duplicate cell sky130_fd_sc_hs__o41a_4 in file
Renaming original cell to sky130_fd_sc_hs__o41a_4[[0]]
Duplicate cell sky130_fd_sc_hs__o41ai_1 in file
Renaming original cell to sky130_fd_sc_hs__o41ai_1[[0]]
Duplicate cell sky130_fd_sc_hs__o41ai_2 in file
Renaming original cell to sky130_fd_sc_hs__o41ai_2[[0]]
Duplicate cell sky130_fd_sc_hs__o41ai_4 in file
Renaming original cell to sky130_fd_sc_hs__o41ai_4[[0]]
Duplicate cell sky130_fd_sc_hs__o211a_1 in file
Renaming original cell to sky130_fd_sc_hs__o211a_1[[0]]
Duplicate cell sky130_fd_sc_hs__o211a_2 in file
Renaming original cell to sky130_fd_sc_hs__o211a_2[[0]]
Duplicate cell sky130_fd_sc_hs__o211a_4 in file
Renaming original cell to sky130_fd_sc_hs__o211a_4[[0]]
Duplicate cell sky130_fd_sc_hs__o211ai_1 in file
Renaming original cell to sky130_fd_sc_hs__o211ai_1[[0]]
Duplicate cell sky130_fd_sc_hs__o211ai_2 in file
Renaming original cell to sky130_fd_sc_hs__o211ai_2[[0]]
Duplicate cell sky130_fd_sc_hs__o211ai_4 in file
Renaming original cell to sky130_fd_sc_hs__o211ai_4[[0]]
Duplicate cell sky130_fd_sc_hs__o221a_1 in file
Renaming original cell to sky130_fd_sc_hs__o221a_1[[0]]
Duplicate cell sky130_fd_sc_hs__o221a_2 in file
Renaming original cell to sky130_fd_sc_hs__o221a_2[[0]]
Duplicate cell sky130_fd_sc_hs__o221a_4 in file
Renaming original cell to sky130_fd_sc_hs__o221a_4[[0]]
Duplicate cell sky130_fd_sc_hs__o221ai_1 in file
Renaming original cell to sky130_fd_sc_hs__o221ai_1[[0]]
Duplicate cell sky130_fd_sc_hs__o221ai_2 in file
Renaming original cell to sky130_fd_sc_hs__o221ai_2[[0]]
Duplicate cell sky130_fd_sc_hs__o221ai_4 in file
Renaming original cell to sky130_fd_sc_hs__o221ai_4[[0]]
Duplicate cell sky130_fd_sc_hs__o311a_1 in file
Renaming original cell to sky130_fd_sc_hs__o311a_1[[0]]
Duplicate cell sky130_fd_sc_hs__o311a_2 in file
Renaming original cell to sky130_fd_sc_hs__o311a_2[[0]]
Duplicate cell sky130_fd_sc_hs__o311a_4 in file
Renaming original cell to sky130_fd_sc_hs__o311a_4[[0]]
Duplicate cell sky130_fd_sc_hs__o311ai_1 in file
Renaming original cell to sky130_fd_sc_hs__o311ai_1[[0]]
Duplicate cell sky130_fd_sc_hs__o311ai_2 in file
Renaming original cell to sky130_fd_sc_hs__o311ai_2[[0]]
Duplicate cell sky130_fd_sc_hs__o311ai_4 in file
Renaming original cell to sky130_fd_sc_hs__o311ai_4[[0]]
Duplicate cell sky130_fd_sc_hs__o2111a_1 in file
Renaming original cell to sky130_fd_sc_hs__o2111a_1[[0]]
Duplicate cell sky130_fd_sc_hs__o2111a_2 in file
Renaming original cell to sky130_fd_sc_hs__o2111a_2[[0]]
Duplicate cell sky130_fd_sc_hs__o2111a_4 in file
Renaming original cell to sky130_fd_sc_hs__o2111a_4[[0]]
Duplicate cell sky130_fd_sc_hs__o2111ai_1 in file
Renaming original cell to sky130_fd_sc_hs__o2111ai_1[[0]]
Duplicate cell sky130_fd_sc_hs__o2111ai_2 in file
Renaming original cell to sky130_fd_sc_hs__o2111ai_2[[0]]
Duplicate cell sky130_fd_sc_hs__o2111ai_4 in file
Renaming original cell to sky130_fd_sc_hs__o2111ai_4[[0]]
Duplicate cell sky130_fd_sc_hs__or2_1 in file
Renaming original cell to sky130_fd_sc_hs__or2_1[[0]]
Duplicate cell sky130_fd_sc_hs__or2_2 in file
Renaming original cell to sky130_fd_sc_hs__or2_2[[0]]
Duplicate cell sky130_fd_sc_hs__or2_4 in file
Renaming original cell to sky130_fd_sc_hs__or2_4[[0]]
Duplicate cell sky130_fd_sc_hs__or2b_1 in file
Renaming original cell to sky130_fd_sc_hs__or2b_1[[0]]
Duplicate cell sky130_fd_sc_hs__or2b_2 in file
Renaming original cell to sky130_fd_sc_hs__or2b_2[[0]]
Duplicate cell sky130_fd_sc_hs__or2b_4 in file
Renaming original cell to sky130_fd_sc_hs__or2b_4[[0]]
Duplicate cell sky130_fd_sc_hs__or3_1 in file
Renaming original cell to sky130_fd_sc_hs__or3_1[[0]]
Duplicate cell sky130_fd_sc_hs__or3_2 in file
Renaming original cell to sky130_fd_sc_hs__or3_2[[0]]
Duplicate cell sky130_fd_sc_hs__or3_4 in file
Renaming original cell to sky130_fd_sc_hs__or3_4[[0]]
Duplicate cell sky130_fd_sc_hs__or3b_1 in file
Renaming original cell to sky130_fd_sc_hs__or3b_1[[0]]
Duplicate cell sky130_fd_sc_hs__or3b_2 in file
Renaming original cell to sky130_fd_sc_hs__or3b_2[[0]]
Duplicate cell sky130_fd_sc_hs__or3b_4 in file
Renaming original cell to sky130_fd_sc_hs__or3b_4[[0]]
Duplicate cell sky130_fd_sc_hs__or4_1 in file
Renaming original cell to sky130_fd_sc_hs__or4_1[[0]]
Duplicate cell sky130_fd_sc_hs__or4_2 in file
Renaming original cell to sky130_fd_sc_hs__or4_2[[0]]
Duplicate cell sky130_fd_sc_hs__or4_4 in file
Renaming original cell to sky130_fd_sc_hs__or4_4[[0]]
Duplicate cell sky130_fd_sc_hs__or4b_1 in file
Renaming original cell to sky130_fd_sc_hs__or4b_1[[0]]
Duplicate cell sky130_fd_sc_hs__or4b_2 in file
Renaming original cell to sky130_fd_sc_hs__or4b_2[[0]]
Duplicate cell sky130_fd_sc_hs__or4b_4 in file
Renaming original cell to sky130_fd_sc_hs__or4b_4[[0]]
Duplicate cell sky130_fd_sc_hs__or4bb_1 in file
Renaming original cell to sky130_fd_sc_hs__or4bb_1[[0]]
Duplicate cell sky130_fd_sc_hs__or4bb_2 in file
Renaming original cell to sky130_fd_sc_hs__or4bb_2[[0]]
Duplicate cell sky130_fd_sc_hs__or4bb_4 in file
Renaming original cell to sky130_fd_sc_hs__or4bb_4[[0]]
Duplicate cell sky130_fd_sc_hs__sdfbbn_1 in file
Renaming original cell to sky130_fd_sc_hs__sdfbbn_1[[0]]
Duplicate cell sky130_fd_sc_hs__sdfbbn_2 in file
Renaming original cell to sky130_fd_sc_hs__sdfbbn_2[[0]]
Duplicate cell sky130_fd_sc_hs__sdfbbp_1 in file
Renaming original cell to sky130_fd_sc_hs__sdfbbp_1[[0]]
Duplicate cell sky130_fd_sc_hs__sdfrbp_1 in file
Renaming original cell to sky130_fd_sc_hs__sdfrbp_1[[0]]
Duplicate cell sky130_fd_sc_hs__sdfrbp_2 in file
Renaming original cell to sky130_fd_sc_hs__sdfrbp_2[[0]]
Duplicate cell sky130_fd_sc_hs__sdfrtn_1 in file
Renaming original cell to sky130_fd_sc_hs__sdfrtn_1[[0]]
Duplicate cell sky130_fd_sc_hs__sdfrtp_1 in file
Renaming original cell to sky130_fd_sc_hs__sdfrtp_1[[0]]
Duplicate cell sky130_fd_sc_hs__sdfrtp_2 in file
Renaming original cell to sky130_fd_sc_hs__sdfrtp_2[[0]]
Duplicate cell sky130_fd_sc_hs__sdfrtp_4 in file
Renaming original cell to sky130_fd_sc_hs__sdfrtp_4[[0]]
Duplicate cell sky130_fd_sc_hs__sdfsbp_1 in file
Renaming original cell to sky130_fd_sc_hs__sdfsbp_1[[0]]
Duplicate cell sky130_fd_sc_hs__sdfsbp_2 in file
Renaming original cell to sky130_fd_sc_hs__sdfsbp_2[[0]]
Duplicate cell sky130_fd_sc_hs__sdfstp_1 in file
Renaming original cell to sky130_fd_sc_hs__sdfstp_1[[0]]
Duplicate cell sky130_fd_sc_hs__sdfstp_2 in file
Renaming original cell to sky130_fd_sc_hs__sdfstp_2[[0]]
Duplicate cell sky130_fd_sc_hs__sdfstp_4 in file
Renaming original cell to sky130_fd_sc_hs__sdfstp_4[[0]]
Duplicate cell sky130_fd_sc_hs__sdfxbp_1 in file
Renaming original cell to sky130_fd_sc_hs__sdfxbp_1[[0]]
Duplicate cell sky130_fd_sc_hs__sdfxbp_2 in file
Renaming original cell to sky130_fd_sc_hs__sdfxbp_2[[0]]
Duplicate cell sky130_fd_sc_hs__sdfxtp_1 in file
Renaming original cell to sky130_fd_sc_hs__sdfxtp_1[[0]]
Duplicate cell sky130_fd_sc_hs__sdfxtp_2 in file
Renaming original cell to sky130_fd_sc_hs__sdfxtp_2[[0]]
Duplicate cell sky130_fd_sc_hs__sdfxtp_4 in file
Renaming original cell to sky130_fd_sc_hs__sdfxtp_4[[0]]
Duplicate cell sky130_fd_sc_hs__sdlclkp_1 in file
Renaming original cell to sky130_fd_sc_hs__sdlclkp_1[[0]]
Duplicate cell sky130_fd_sc_hs__sdlclkp_2 in file
Renaming original cell to sky130_fd_sc_hs__sdlclkp_2[[0]]
Duplicate cell sky130_fd_sc_hs__sdlclkp_4 in file
Renaming original cell to sky130_fd_sc_hs__sdlclkp_4[[0]]
Duplicate cell sky130_fd_sc_hs__sedfxbp_1 in file
Renaming original cell to sky130_fd_sc_hs__sedfxbp_1[[0]]
Duplicate cell sky130_fd_sc_hs__sedfxbp_2 in file
Renaming original cell to sky130_fd_sc_hs__sedfxbp_2[[0]]
Duplicate cell sky130_fd_sc_hs__sedfxtp_1 in file
Renaming original cell to sky130_fd_sc_hs__sedfxtp_1[[0]]
Duplicate cell sky130_fd_sc_hs__sedfxtp_2 in file
Renaming original cell to sky130_fd_sc_hs__sedfxtp_2[[0]]
Duplicate cell sky130_fd_sc_hs__sedfxtp_4 in file
Renaming original cell to sky130_fd_sc_hs__sedfxtp_4[[0]]
Duplicate cell sky130_fd_sc_hs__tap_1 in file
Renaming original cell to sky130_fd_sc_hs__tap_1[[0]]
Duplicate cell sky130_fd_sc_hs__tap_2 in file
Renaming original cell to sky130_fd_sc_hs__tap_2[[0]]
Duplicate cell sky130_fd_sc_hs__tapmet1_2 in file
Renaming original cell to sky130_fd_sc_hs__tapmet1_2[[0]]
Duplicate cell sky130_fd_sc_hs__tapvgnd2_1 in file
Renaming original cell to sky130_fd_sc_hs__tapvgnd2_1[[0]]
Duplicate cell sky130_fd_sc_hs__tapvgnd_1 in file
Renaming original cell to sky130_fd_sc_hs__tapvgnd_1[[0]]
Duplicate cell sky130_fd_sc_hs__tapvpwrvgnd_1 in file
Renaming original cell to sky130_fd_sc_hs__tapvpwrvgnd_1[[0]]
Duplicate cell sky130_fd_sc_hs__xnor2_1 in file
Renaming original cell to sky130_fd_sc_hs__xnor2_1[[0]]
Duplicate cell sky130_fd_sc_hs__xnor2_2 in file
Renaming original cell to sky130_fd_sc_hs__xnor2_2[[0]]
Duplicate cell sky130_fd_sc_hs__xnor2_4 in file
Renaming original cell to sky130_fd_sc_hs__xnor2_4[[0]]
Duplicate cell sky130_fd_sc_hs__xnor3_1 in file
Renaming original cell to sky130_fd_sc_hs__xnor3_1[[0]]
Duplicate cell sky130_fd_sc_hs__xnor3_2 in file
Renaming original cell to sky130_fd_sc_hs__xnor3_2[[0]]
Duplicate cell sky130_fd_sc_hs__xnor3_4 in file
Renaming original cell to sky130_fd_sc_hs__xnor3_4[[0]]
Duplicate cell sky130_fd_sc_hs__xor2_1 in file
Renaming original cell to sky130_fd_sc_hs__xor2_1[[0]]
Duplicate cell sky130_fd_sc_hs__xor2_2 in file
Renaming original cell to sky130_fd_sc_hs__xor2_2[[0]]
Duplicate cell sky130_fd_sc_hs__xor2_4 in file
Renaming original cell to sky130_fd_sc_hs__xor2_4[[0]]
Duplicate cell sky130_fd_sc_hs__xor3_1 in file
Renaming original cell to sky130_fd_sc_hs__xor3_1[[0]]
Duplicate cell sky130_fd_sc_hs__xor3_2 in file
Renaming original cell to sky130_fd_sc_hs__xor3_2[[0]]
Duplicate cell sky130_fd_sc_hs__xor3_4 in file
Renaming original cell to sky130_fd_sc_hs__xor3_4[[0]]
Call to undefined subcircuit phase_detector
Creating placeholder cell definition.
Call to undefined subcircuit delay_gate_ori
Creating placeholder cell definition.
Duplicate cell sky130_fd_sc_hs__a2bb2o_1 in file
Renaming original cell to sky130_fd_sc_hs__a2bb2o_1[[1]]
Duplicate cell sky130_fd_sc_hs__a2bb2o_2 in file
Renaming original cell to sky130_fd_sc_hs__a2bb2o_2[[1]]
Duplicate cell sky130_fd_sc_hs__a2bb2o_4 in file
Renaming original cell to sky130_fd_sc_hs__a2bb2o_4[[1]]
Duplicate cell sky130_fd_sc_hs__a2bb2oi_1 in file
Renaming original cell to sky130_fd_sc_hs__a2bb2oi_1[[1]]
Duplicate cell sky130_fd_sc_hs__a2bb2oi_2 in file
Renaming original cell to sky130_fd_sc_hs__a2bb2oi_2[[1]]
Duplicate cell sky130_fd_sc_hs__a2bb2oi_4 in file
Renaming original cell to sky130_fd_sc_hs__a2bb2oi_4[[1]]
Duplicate cell sky130_fd_sc_hs__a21bo_1 in file
Renaming original cell to sky130_fd_sc_hs__a21bo_1[[1]]
Duplicate cell sky130_fd_sc_hs__a21bo_2 in file
Renaming original cell to sky130_fd_sc_hs__a21bo_2[[1]]
Duplicate cell sky130_fd_sc_hs__a21bo_4 in file
Renaming original cell to sky130_fd_sc_hs__a21bo_4[[1]]
Duplicate cell sky130_fd_sc_hs__a21boi_1 in file
Renaming original cell to sky130_fd_sc_hs__a21boi_1[[1]]
Duplicate cell sky130_fd_sc_hs__a21boi_2 in file
Renaming original cell to sky130_fd_sc_hs__a21boi_2[[1]]
Duplicate cell sky130_fd_sc_hs__a21boi_4 in file
Renaming original cell to sky130_fd_sc_hs__a21boi_4[[1]]
Duplicate cell sky130_fd_sc_hs__a21o_1 in file
Renaming original cell to sky130_fd_sc_hs__a21o_1[[1]]
Duplicate cell sky130_fd_sc_hs__a21o_2 in file
Renaming original cell to sky130_fd_sc_hs__a21o_2[[1]]
Duplicate cell sky130_fd_sc_hs__a21o_4 in file
Renaming original cell to sky130_fd_sc_hs__a21o_4[[1]]
Duplicate cell sky130_fd_sc_hs__a21oi_1 in file
Renaming original cell to sky130_fd_sc_hs__a21oi_1[[1]]
Duplicate cell sky130_fd_sc_hs__a21oi_2 in file
Renaming original cell to sky130_fd_sc_hs__a21oi_2[[1]]
Duplicate cell sky130_fd_sc_hs__a21oi_4 in file
Renaming original cell to sky130_fd_sc_hs__a21oi_4[[1]]
Duplicate cell sky130_fd_sc_hs__a22o_1 in file
Renaming original cell to sky130_fd_sc_hs__a22o_1[[1]]
Duplicate cell sky130_fd_sc_hs__a22o_2 in file
Renaming original cell to sky130_fd_sc_hs__a22o_2[[1]]
Duplicate cell sky130_fd_sc_hs__a22o_4 in file
Renaming original cell to sky130_fd_sc_hs__a22o_4[[1]]
Duplicate cell sky130_fd_sc_hs__a22oi_1 in file
Renaming original cell to sky130_fd_sc_hs__a22oi_1[[1]]
Duplicate cell sky130_fd_sc_hs__a22oi_2 in file
Renaming original cell to sky130_fd_sc_hs__a22oi_2[[1]]
Duplicate cell sky130_fd_sc_hs__a22oi_4 in file
Renaming original cell to sky130_fd_sc_hs__a22oi_4[[1]]
Duplicate cell sky130_fd_sc_hs__a31o_1 in file
Renaming original cell to sky130_fd_sc_hs__a31o_1[[1]]
Duplicate cell sky130_fd_sc_hs__a31o_2 in file
Renaming original cell to sky130_fd_sc_hs__a31o_2[[1]]
Duplicate cell sky130_fd_sc_hs__a31o_4 in file
Renaming original cell to sky130_fd_sc_hs__a31o_4[[1]]
Duplicate cell sky130_fd_sc_hs__a31oi_1 in file
Renaming original cell to sky130_fd_sc_hs__a31oi_1[[1]]
Duplicate cell sky130_fd_sc_hs__a31oi_2 in file
Renaming original cell to sky130_fd_sc_hs__a31oi_2[[1]]
Duplicate cell sky130_fd_sc_hs__a31oi_4 in file
Renaming original cell to sky130_fd_sc_hs__a31oi_4[[1]]
Duplicate cell sky130_fd_sc_hs__a32o_1 in file
Renaming original cell to sky130_fd_sc_hs__a32o_1[[1]]
Duplicate cell sky130_fd_sc_hs__a32o_2 in file
Renaming original cell to sky130_fd_sc_hs__a32o_2[[1]]
Duplicate cell sky130_fd_sc_hs__a32o_4 in file
Renaming original cell to sky130_fd_sc_hs__a32o_4[[1]]
Duplicate cell sky130_fd_sc_hs__a32oi_1 in file
Renaming original cell to sky130_fd_sc_hs__a32oi_1[[1]]
Duplicate cell sky130_fd_sc_hs__a32oi_2 in file
Renaming original cell to sky130_fd_sc_hs__a32oi_2[[1]]
Duplicate cell sky130_fd_sc_hs__a32oi_4 in file
Renaming original cell to sky130_fd_sc_hs__a32oi_4[[1]]
Duplicate cell sky130_fd_sc_hs__a41o_1 in file
Renaming original cell to sky130_fd_sc_hs__a41o_1[[1]]
Duplicate cell sky130_fd_sc_hs__a41o_2 in file
Renaming original cell to sky130_fd_sc_hs__a41o_2[[1]]
Duplicate cell sky130_fd_sc_hs__a41o_4 in file
Renaming original cell to sky130_fd_sc_hs__a41o_4[[1]]
Duplicate cell sky130_fd_sc_hs__a41oi_1 in file
Renaming original cell to sky130_fd_sc_hs__a41oi_1[[1]]
Duplicate cell sky130_fd_sc_hs__a41oi_2 in file
Renaming original cell to sky130_fd_sc_hs__a41oi_2[[1]]
Duplicate cell sky130_fd_sc_hs__a41oi_4 in file
Renaming original cell to sky130_fd_sc_hs__a41oi_4[[1]]
Duplicate cell sky130_fd_sc_hs__a211o_1 in file
Renaming original cell to sky130_fd_sc_hs__a211o_1[[1]]
Duplicate cell sky130_fd_sc_hs__a211o_2 in file
Renaming original cell to sky130_fd_sc_hs__a211o_2[[1]]
Duplicate cell sky130_fd_sc_hs__a211o_4 in file
Renaming original cell to sky130_fd_sc_hs__a211o_4[[1]]
Duplicate cell sky130_fd_sc_hs__a211oi_1 in file
Renaming original cell to sky130_fd_sc_hs__a211oi_1[[1]]
Duplicate cell sky130_fd_sc_hs__a211oi_2 in file
Renaming original cell to sky130_fd_sc_hs__a211oi_2[[1]]
Duplicate cell sky130_fd_sc_hs__a211oi_4 in file
Renaming original cell to sky130_fd_sc_hs__a211oi_4[[1]]
Duplicate cell sky130_fd_sc_hs__a221o_1 in file
Renaming original cell to sky130_fd_sc_hs__a221o_1[[1]]
Duplicate cell sky130_fd_sc_hs__a221o_2 in file
Renaming original cell to sky130_fd_sc_hs__a221o_2[[1]]
Duplicate cell sky130_fd_sc_hs__a221o_4 in file
Renaming original cell to sky130_fd_sc_hs__a221o_4[[1]]
Duplicate cell sky130_fd_sc_hs__a221oi_1 in file
Renaming original cell to sky130_fd_sc_hs__a221oi_1[[1]]
Duplicate cell sky130_fd_sc_hs__a221oi_2 in file
Renaming original cell to sky130_fd_sc_hs__a221oi_2[[1]]
Duplicate cell sky130_fd_sc_hs__a221oi_4 in file
Renaming original cell to sky130_fd_sc_hs__a221oi_4[[1]]
Duplicate cell sky130_fd_sc_hs__a222o_1 in file
Renaming original cell to sky130_fd_sc_hs__a222o_1[[1]]
Duplicate cell sky130_fd_sc_hs__a222o_2 in file
Renaming original cell to sky130_fd_sc_hs__a222o_2[[1]]
Duplicate cell sky130_fd_sc_hs__a222oi_1 in file
Renaming original cell to sky130_fd_sc_hs__a222oi_1[[1]]
Duplicate cell sky130_fd_sc_hs__a222oi_2 in file
Renaming original cell to sky130_fd_sc_hs__a222oi_2[[1]]
Duplicate cell sky130_fd_sc_hs__a311o_1 in file
Renaming original cell to sky130_fd_sc_hs__a311o_1[[1]]
Duplicate cell sky130_fd_sc_hs__a311o_2 in file
Renaming original cell to sky130_fd_sc_hs__a311o_2[[1]]
Duplicate cell sky130_fd_sc_hs__a311o_4 in file
Renaming original cell to sky130_fd_sc_hs__a311o_4[[1]]
Duplicate cell sky130_fd_sc_hs__a311oi_1 in file
Renaming original cell to sky130_fd_sc_hs__a311oi_1[[1]]
Duplicate cell sky130_fd_sc_hs__a311oi_2 in file
Renaming original cell to sky130_fd_sc_hs__a311oi_2[[1]]
Duplicate cell sky130_fd_sc_hs__a311oi_4 in file
Renaming original cell to sky130_fd_sc_hs__a311oi_4[[1]]
Duplicate cell sky130_fd_sc_hs__a2111o_1 in file
Renaming original cell to sky130_fd_sc_hs__a2111o_1[[1]]
Duplicate cell sky130_fd_sc_hs__a2111o_2 in file
Renaming original cell to sky130_fd_sc_hs__a2111o_2[[1]]
Duplicate cell sky130_fd_sc_hs__a2111o_4 in file
Renaming original cell to sky130_fd_sc_hs__a2111o_4[[1]]
Duplicate cell sky130_fd_sc_hs__a2111oi_1 in file
Renaming original cell to sky130_fd_sc_hs__a2111oi_1[[1]]
Duplicate cell sky130_fd_sc_hs__a2111oi_2 in file
Renaming original cell to sky130_fd_sc_hs__a2111oi_2[[1]]
Duplicate cell sky130_fd_sc_hs__a2111oi_4 in file
Renaming original cell to sky130_fd_sc_hs__a2111oi_4[[1]]
Duplicate cell sky130_fd_sc_hs__and2_1 in file
Renaming original cell to sky130_fd_sc_hs__and2_1[[1]]
Duplicate cell sky130_fd_sc_hs__and2_2 in file
Renaming original cell to sky130_fd_sc_hs__and2_2[[1]]
Duplicate cell sky130_fd_sc_hs__and2_4 in file
Renaming original cell to sky130_fd_sc_hs__and2_4[[1]]
Duplicate cell sky130_fd_sc_hs__and2b_1 in file
Renaming original cell to sky130_fd_sc_hs__and2b_1[[1]]
Duplicate cell sky130_fd_sc_hs__and2b_2 in file
Renaming original cell to sky130_fd_sc_hs__and2b_2[[1]]
Duplicate cell sky130_fd_sc_hs__and2b_4 in file
Renaming original cell to sky130_fd_sc_hs__and2b_4[[1]]
Duplicate cell sky130_fd_sc_hs__and3_1 in file
Renaming original cell to sky130_fd_sc_hs__and3_1[[1]]
Duplicate cell sky130_fd_sc_hs__and3_2 in file
Renaming original cell to sky130_fd_sc_hs__and3_2[[1]]
Duplicate cell sky130_fd_sc_hs__and3_4 in file
Renaming original cell to sky130_fd_sc_hs__and3_4[[1]]
Duplicate cell sky130_fd_sc_hs__and3b_1 in file
Renaming original cell to sky130_fd_sc_hs__and3b_1[[1]]
Duplicate cell sky130_fd_sc_hs__and3b_2 in file
Renaming original cell to sky130_fd_sc_hs__and3b_2[[1]]
Duplicate cell sky130_fd_sc_hs__and3b_4 in file
Renaming original cell to sky130_fd_sc_hs__and3b_4[[1]]
Duplicate cell sky130_fd_sc_hs__and4_1 in file
Renaming original cell to sky130_fd_sc_hs__and4_1[[1]]
Duplicate cell sky130_fd_sc_hs__and4_2 in file
Renaming original cell to sky130_fd_sc_hs__and4_2[[1]]
Duplicate cell sky130_fd_sc_hs__and4_4 in file
Renaming original cell to sky130_fd_sc_hs__and4_4[[1]]
Duplicate cell sky130_fd_sc_hs__and4b_1 in file
Renaming original cell to sky130_fd_sc_hs__and4b_1[[1]]
Duplicate cell sky130_fd_sc_hs__and4b_2 in file
Renaming original cell to sky130_fd_sc_hs__and4b_2[[1]]
Duplicate cell sky130_fd_sc_hs__and4b_4 in file
Renaming original cell to sky130_fd_sc_hs__and4b_4[[1]]
Duplicate cell sky130_fd_sc_hs__and4bb_1 in file
Renaming original cell to sky130_fd_sc_hs__and4bb_1[[1]]
Duplicate cell sky130_fd_sc_hs__and4bb_2 in file
Renaming original cell to sky130_fd_sc_hs__and4bb_2[[1]]
Duplicate cell sky130_fd_sc_hs__and4bb_4 in file
Renaming original cell to sky130_fd_sc_hs__and4bb_4[[1]]
Duplicate cell sky130_fd_sc_hs__buf_1 in file
Renaming original cell to sky130_fd_sc_hs__buf_1[[1]]
Duplicate cell sky130_fd_sc_hs__buf_2 in file
Renaming original cell to sky130_fd_sc_hs__buf_2[[1]]
Duplicate cell sky130_fd_sc_hs__buf_4 in file
Renaming original cell to sky130_fd_sc_hs__buf_4[[1]]
Duplicate cell sky130_fd_sc_hs__buf_8 in file
Renaming original cell to sky130_fd_sc_hs__buf_8[[1]]
Duplicate cell sky130_fd_sc_hs__buf_16 in file
Renaming original cell to sky130_fd_sc_hs__buf_16[[1]]
Duplicate cell sky130_fd_sc_hs__bufbuf_8 in file
Renaming original cell to sky130_fd_sc_hs__bufbuf_8[[1]]
Duplicate cell sky130_fd_sc_hs__bufbuf_16 in file
Renaming original cell to sky130_fd_sc_hs__bufbuf_16[[1]]
Duplicate cell sky130_fd_sc_hs__bufinv_8 in file
Renaming original cell to sky130_fd_sc_hs__bufinv_8[[1]]
Duplicate cell sky130_fd_sc_hs__bufinv_16 in file
Renaming original cell to sky130_fd_sc_hs__bufinv_16[[1]]
Duplicate cell sky130_fd_sc_hs__clkbuf_1 in file
Renaming original cell to sky130_fd_sc_hs__clkbuf_1[[1]]
Duplicate cell sky130_fd_sc_hs__clkbuf_2 in file
Renaming original cell to sky130_fd_sc_hs__clkbuf_2[[1]]
Duplicate cell sky130_fd_sc_hs__clkbuf_4 in file
Renaming original cell to sky130_fd_sc_hs__clkbuf_4[[1]]
Duplicate cell sky130_fd_sc_hs__clkbuf_8 in file
Renaming original cell to sky130_fd_sc_hs__clkbuf_8[[1]]
Duplicate cell sky130_fd_sc_hs__clkbuf_16 in file
Renaming original cell to sky130_fd_sc_hs__clkbuf_16[[1]]
Duplicate cell sky130_fd_sc_hs__clkdlyinv3sd1_1 in file
Renaming original cell to sky130_fd_sc_hs__clkdlyinv3sd1_1[[1]]
Duplicate cell sky130_fd_sc_hs__clkdlyinv3sd2_1 in file
Renaming original cell to sky130_fd_sc_hs__clkdlyinv3sd2_1[[1]]
Duplicate cell sky130_fd_sc_hs__clkdlyinv3sd3_1 in file
Renaming original cell to sky130_fd_sc_hs__clkdlyinv3sd3_1[[1]]
Duplicate cell sky130_fd_sc_hs__clkdlyinv5sd1_1 in file
Renaming original cell to sky130_fd_sc_hs__clkdlyinv5sd1_1[[1]]
Duplicate cell sky130_fd_sc_hs__clkdlyinv5sd2_1 in file
Renaming original cell to sky130_fd_sc_hs__clkdlyinv5sd2_1[[1]]
Duplicate cell sky130_fd_sc_hs__clkdlyinv5sd3_1 in file
Renaming original cell to sky130_fd_sc_hs__clkdlyinv5sd3_1[[1]]
Duplicate cell sky130_fd_sc_hs__clkinv_1 in file
Renaming original cell to sky130_fd_sc_hs__clkinv_1[[1]]
Duplicate cell sky130_fd_sc_hs__clkinv_2 in file
Renaming original cell to sky130_fd_sc_hs__clkinv_2[[1]]
Duplicate cell sky130_fd_sc_hs__clkinv_4 in file
Renaming original cell to sky130_fd_sc_hs__clkinv_4[[1]]
Duplicate cell sky130_fd_sc_hs__clkinv_8 in file
Renaming original cell to sky130_fd_sc_hs__clkinv_8[[1]]
Duplicate cell sky130_fd_sc_hs__clkinv_16 in file
Renaming original cell to sky130_fd_sc_hs__clkinv_16[[1]]
Duplicate cell sky130_fd_sc_hs__conb_1 in file
Renaming original cell to sky130_fd_sc_hs__conb_1[[1]]
Duplicate cell sky130_fd_sc_hs__decap_4 in file
Renaming original cell to sky130_fd_sc_hs__decap_4[[1]]
Duplicate cell sky130_fd_sc_hs__decap_8 in file
Renaming original cell to sky130_fd_sc_hs__decap_8[[1]]
Duplicate cell sky130_fd_sc_hs__dfbbn_1 in file
Renaming original cell to sky130_fd_sc_hs__dfbbn_1[[1]]
Duplicate cell sky130_fd_sc_hs__dfbbn_2 in file
Renaming original cell to sky130_fd_sc_hs__dfbbn_2[[1]]
Duplicate cell sky130_fd_sc_hs__dfbbp_1 in file
Renaming original cell to sky130_fd_sc_hs__dfbbp_1[[1]]
Duplicate cell sky130_fd_sc_hs__dfrbp_1 in file
Renaming original cell to sky130_fd_sc_hs__dfrbp_1[[1]]
Duplicate cell sky130_fd_sc_hs__dfrbp_2 in file
Renaming original cell to sky130_fd_sc_hs__dfrbp_2[[1]]
Duplicate cell sky130_fd_sc_hs__dfrtn_1 in file
Renaming original cell to sky130_fd_sc_hs__dfrtn_1[[1]]
Duplicate cell sky130_fd_sc_hs__dfrtp_1 in file
Renaming original cell to sky130_fd_sc_hs__dfrtp_1[[1]]
Duplicate cell sky130_fd_sc_hs__dfrtp_2 in file
Renaming original cell to sky130_fd_sc_hs__dfrtp_2[[1]]
Duplicate cell sky130_fd_sc_hs__dfrtp_4 in file
Renaming original cell to sky130_fd_sc_hs__dfrtp_4[[1]]
Duplicate cell sky130_fd_sc_hs__dfsbp_1 in file
Renaming original cell to sky130_fd_sc_hs__dfsbp_1[[1]]
Duplicate cell sky130_fd_sc_hs__dfsbp_2 in file
Renaming original cell to sky130_fd_sc_hs__dfsbp_2[[1]]
Duplicate cell sky130_fd_sc_hs__dfstp_1 in file
Renaming original cell to sky130_fd_sc_hs__dfstp_1[[1]]
Duplicate cell sky130_fd_sc_hs__dfstp_2 in file
Renaming original cell to sky130_fd_sc_hs__dfstp_2[[1]]
Duplicate cell sky130_fd_sc_hs__dfstp_4 in file
Renaming original cell to sky130_fd_sc_hs__dfstp_4[[1]]
Duplicate cell sky130_fd_sc_hs__dfxbp_1 in file
Renaming original cell to sky130_fd_sc_hs__dfxbp_1[[1]]
Duplicate cell sky130_fd_sc_hs__dfxbp_2 in file
Renaming original cell to sky130_fd_sc_hs__dfxbp_2[[1]]
Duplicate cell sky130_fd_sc_hs__dfxtp_1 in file
Renaming original cell to sky130_fd_sc_hs__dfxtp_1[[1]]
Duplicate cell sky130_fd_sc_hs__dfxtp_2 in file
Renaming original cell to sky130_fd_sc_hs__dfxtp_2[[1]]
Duplicate cell sky130_fd_sc_hs__dfxtp_4 in file
Renaming original cell to sky130_fd_sc_hs__dfxtp_4[[1]]
Duplicate cell sky130_fd_sc_hs__diode_2 in file
Renaming original cell to sky130_fd_sc_hs__diode_2[[1]]
Duplicate cell sky130_fd_sc_hs__dlclkp_1 in file
Renaming original cell to sky130_fd_sc_hs__dlclkp_1[[1]]
Duplicate cell sky130_fd_sc_hs__dlclkp_2 in file
Renaming original cell to sky130_fd_sc_hs__dlclkp_2[[1]]
Duplicate cell sky130_fd_sc_hs__dlclkp_4 in file
Renaming original cell to sky130_fd_sc_hs__dlclkp_4[[1]]
Duplicate cell sky130_fd_sc_hs__dlrbn_1 in file
Renaming original cell to sky130_fd_sc_hs__dlrbn_1[[1]]
Duplicate cell sky130_fd_sc_hs__dlrbn_2 in file
Renaming original cell to sky130_fd_sc_hs__dlrbn_2[[1]]
Duplicate cell sky130_fd_sc_hs__dlrbp_1 in file
Renaming original cell to sky130_fd_sc_hs__dlrbp_1[[1]]
Duplicate cell sky130_fd_sc_hs__dlrbp_2 in file
Renaming original cell to sky130_fd_sc_hs__dlrbp_2[[1]]
Duplicate cell sky130_fd_sc_hs__dlrtn_1 in file
Renaming original cell to sky130_fd_sc_hs__dlrtn_1[[1]]
Duplicate cell sky130_fd_sc_hs__dlrtn_2 in file
Renaming original cell to sky130_fd_sc_hs__dlrtn_2[[1]]
Duplicate cell sky130_fd_sc_hs__dlrtn_4 in file
Renaming original cell to sky130_fd_sc_hs__dlrtn_4[[1]]
Duplicate cell sky130_fd_sc_hs__dlrtp_1 in file
Renaming original cell to sky130_fd_sc_hs__dlrtp_1[[1]]
Duplicate cell sky130_fd_sc_hs__dlrtp_2 in file
Renaming original cell to sky130_fd_sc_hs__dlrtp_2[[1]]
Duplicate cell sky130_fd_sc_hs__dlrtp_4 in file
Renaming original cell to sky130_fd_sc_hs__dlrtp_4[[1]]
Duplicate cell sky130_fd_sc_hs__dlxbn_1 in file
Renaming original cell to sky130_fd_sc_hs__dlxbn_1[[1]]
Duplicate cell sky130_fd_sc_hs__dlxbn_2 in file
Renaming original cell to sky130_fd_sc_hs__dlxbn_2[[1]]
Duplicate cell sky130_fd_sc_hs__dlxbp_1 in file
Renaming original cell to sky130_fd_sc_hs__dlxbp_1[[1]]
Duplicate cell sky130_fd_sc_hs__dlxtn_1 in file
Renaming original cell to sky130_fd_sc_hs__dlxtn_1[[1]]
Duplicate cell sky130_fd_sc_hs__dlxtn_2 in file
Renaming original cell to sky130_fd_sc_hs__dlxtn_2[[1]]
Duplicate cell sky130_fd_sc_hs__dlxtn_4 in file
Renaming original cell to sky130_fd_sc_hs__dlxtn_4[[1]]
Duplicate cell sky130_fd_sc_hs__dlxtp_1 in file
Renaming original cell to sky130_fd_sc_hs__dlxtp_1[[1]]
Duplicate cell sky130_fd_sc_hs__dlygate4sd1_1 in file
Renaming original cell to sky130_fd_sc_hs__dlygate4sd1_1[[1]]
Duplicate cell sky130_fd_sc_hs__dlygate4sd2_1 in file
Renaming original cell to sky130_fd_sc_hs__dlygate4sd2_1[[1]]
Duplicate cell sky130_fd_sc_hs__dlygate4sd3_1 in file
Renaming original cell to sky130_fd_sc_hs__dlygate4sd3_1[[1]]
Duplicate cell sky130_fd_sc_hs__dlymetal6s2s_1 in file
Renaming original cell to sky130_fd_sc_hs__dlymetal6s2s_1[[1]]
Duplicate cell sky130_fd_sc_hs__dlymetal6s4s_1 in file
Renaming original cell to sky130_fd_sc_hs__dlymetal6s4s_1[[1]]
Duplicate cell sky130_fd_sc_hs__dlymetal6s6s_1 in file
Renaming original cell to sky130_fd_sc_hs__dlymetal6s6s_1[[1]]
Duplicate cell sky130_fd_sc_hs__ebufn_1 in file
Renaming original cell to sky130_fd_sc_hs__ebufn_1[[1]]
Duplicate cell sky130_fd_sc_hs__ebufn_2 in file
Renaming original cell to sky130_fd_sc_hs__ebufn_2[[1]]
Duplicate cell sky130_fd_sc_hs__ebufn_4 in file
Renaming original cell to sky130_fd_sc_hs__ebufn_4[[1]]
Duplicate cell sky130_fd_sc_hs__ebufn_8 in file
Renaming original cell to sky130_fd_sc_hs__ebufn_8[[1]]
Duplicate cell sky130_fd_sc_hs__edfxbp_1 in file
Renaming original cell to sky130_fd_sc_hs__edfxbp_1[[1]]
Duplicate cell sky130_fd_sc_hs__edfxtp_1 in file
Renaming original cell to sky130_fd_sc_hs__edfxtp_1[[1]]
Duplicate cell sky130_fd_sc_hs__einvn_1 in file
Renaming original cell to sky130_fd_sc_hs__einvn_1[[1]]
Duplicate cell sky130_fd_sc_hs__einvn_2 in file
Renaming original cell to sky130_fd_sc_hs__einvn_2[[1]]
Duplicate cell sky130_fd_sc_hs__einvn_4 in file
Renaming original cell to sky130_fd_sc_hs__einvn_4[[1]]
Duplicate cell sky130_fd_sc_hs__einvn_8 in file
Renaming original cell to sky130_fd_sc_hs__einvn_8[[1]]
Duplicate cell sky130_fd_sc_hs__einvp_1 in file
Renaming original cell to sky130_fd_sc_hs__einvp_1[[1]]
Duplicate cell sky130_fd_sc_hs__einvp_2 in file
Renaming original cell to sky130_fd_sc_hs__einvp_2[[1]]
Duplicate cell sky130_fd_sc_hs__einvp_4 in file
Renaming original cell to sky130_fd_sc_hs__einvp_4[[1]]
Duplicate cell sky130_fd_sc_hs__einvp_8 in file
Renaming original cell to sky130_fd_sc_hs__einvp_8[[1]]
Duplicate cell sky130_fd_sc_hs__fa_1 in file
Renaming original cell to sky130_fd_sc_hs__fa_1[[1]]
Duplicate cell sky130_fd_sc_hs__fa_2 in file
Renaming original cell to sky130_fd_sc_hs__fa_2[[1]]
Duplicate cell sky130_fd_sc_hs__fa_4 in file
Renaming original cell to sky130_fd_sc_hs__fa_4[[1]]
Duplicate cell sky130_fd_sc_hs__fah_1 in file
Renaming original cell to sky130_fd_sc_hs__fah_1[[1]]
Duplicate cell sky130_fd_sc_hs__fah_2 in file
Renaming original cell to sky130_fd_sc_hs__fah_2[[1]]
Duplicate cell sky130_fd_sc_hs__fah_4 in file
Renaming original cell to sky130_fd_sc_hs__fah_4[[1]]
Duplicate cell sky130_fd_sc_hs__fahcin_1 in file
Renaming original cell to sky130_fd_sc_hs__fahcin_1[[1]]
Duplicate cell sky130_fd_sc_hs__fahcon_1 in file
Renaming original cell to sky130_fd_sc_hs__fahcon_1[[1]]
Duplicate cell sky130_fd_sc_hs__fill_1 in file
Renaming original cell to sky130_fd_sc_hs__fill_1[[1]]
Duplicate cell sky130_fd_sc_hs__fill_2 in file
Renaming original cell to sky130_fd_sc_hs__fill_2[[1]]
Duplicate cell sky130_fd_sc_hs__fill_4 in file
Renaming original cell to sky130_fd_sc_hs__fill_4[[1]]
Duplicate cell sky130_fd_sc_hs__fill_8 in file
Renaming original cell to sky130_fd_sc_hs__fill_8[[1]]
Duplicate cell sky130_fd_sc_hs__fill_diode_2 in file
Renaming original cell to sky130_fd_sc_hs__fill_diode_2[[1]]
Duplicate cell sky130_fd_sc_hs__fill_diode_4 in file
Renaming original cell to sky130_fd_sc_hs__fill_diode_4[[1]]
Duplicate cell sky130_fd_sc_hs__fill_diode_8 in file
Renaming original cell to sky130_fd_sc_hs__fill_diode_8[[1]]
Duplicate cell sky130_fd_sc_hs__ha_1 in file
Renaming original cell to sky130_fd_sc_hs__ha_1[[1]]
Duplicate cell sky130_fd_sc_hs__ha_2 in file
Renaming original cell to sky130_fd_sc_hs__ha_2[[1]]
Duplicate cell sky130_fd_sc_hs__ha_4 in file
Renaming original cell to sky130_fd_sc_hs__ha_4[[1]]
Duplicate cell sky130_fd_sc_hs__inv_1 in file
Renaming original cell to sky130_fd_sc_hs__inv_1[[1]]
Duplicate cell sky130_fd_sc_hs__inv_2 in file
Renaming original cell to sky130_fd_sc_hs__inv_2[[1]]
Duplicate cell sky130_fd_sc_hs__inv_4 in file
Renaming original cell to sky130_fd_sc_hs__inv_4[[1]]
Duplicate cell sky130_fd_sc_hs__inv_8 in file
Renaming original cell to sky130_fd_sc_hs__inv_8[[1]]
Duplicate cell sky130_fd_sc_hs__inv_16 in file
Renaming original cell to sky130_fd_sc_hs__inv_16[[1]]
Duplicate cell sky130_fd_sc_hs__maj3_1 in file
Renaming original cell to sky130_fd_sc_hs__maj3_1[[1]]
Duplicate cell sky130_fd_sc_hs__maj3_2 in file
Renaming original cell to sky130_fd_sc_hs__maj3_2[[1]]
Duplicate cell sky130_fd_sc_hs__maj3_4 in file
Renaming original cell to sky130_fd_sc_hs__maj3_4[[1]]
Duplicate cell sky130_fd_sc_hs__mux2_1 in file
Renaming original cell to sky130_fd_sc_hs__mux2_1[[1]]
Duplicate cell sky130_fd_sc_hs__mux2_2 in file
Renaming original cell to sky130_fd_sc_hs__mux2_2[[1]]
Duplicate cell sky130_fd_sc_hs__mux2_4 in file
Renaming original cell to sky130_fd_sc_hs__mux2_4[[1]]
Duplicate cell sky130_fd_sc_hs__mux2i_1 in file
Renaming original cell to sky130_fd_sc_hs__mux2i_1[[1]]
Duplicate cell sky130_fd_sc_hs__mux2i_2 in file
Renaming original cell to sky130_fd_sc_hs__mux2i_2[[1]]
Duplicate cell sky130_fd_sc_hs__mux2i_4 in file
Renaming original cell to sky130_fd_sc_hs__mux2i_4[[1]]
Duplicate cell sky130_fd_sc_hs__mux4_1 in file
Renaming original cell to sky130_fd_sc_hs__mux4_1[[1]]
Duplicate cell sky130_fd_sc_hs__mux4_2 in file
Renaming original cell to sky130_fd_sc_hs__mux4_2[[1]]
Duplicate cell sky130_fd_sc_hs__mux4_4 in file
Renaming original cell to sky130_fd_sc_hs__mux4_4[[1]]
Duplicate cell sky130_fd_sc_hs__nand2_1 in file
Renaming original cell to sky130_fd_sc_hs__nand2_1[[1]]
Duplicate cell sky130_fd_sc_hs__nand2_2 in file
Renaming original cell to sky130_fd_sc_hs__nand2_2[[1]]
Duplicate cell sky130_fd_sc_hs__nand2_4 in file
Renaming original cell to sky130_fd_sc_hs__nand2_4[[1]]
Duplicate cell sky130_fd_sc_hs__nand2_8 in file
Renaming original cell to sky130_fd_sc_hs__nand2_8[[1]]
Duplicate cell sky130_fd_sc_hs__nand2b_1 in file
Renaming original cell to sky130_fd_sc_hs__nand2b_1[[1]]
Duplicate cell sky130_fd_sc_hs__nand2b_2 in file
Renaming original cell to sky130_fd_sc_hs__nand2b_2[[1]]
Duplicate cell sky130_fd_sc_hs__nand2b_4 in file
Renaming original cell to sky130_fd_sc_hs__nand2b_4[[1]]
Duplicate cell sky130_fd_sc_hs__nand3_1 in file
Renaming original cell to sky130_fd_sc_hs__nand3_1[[1]]
Duplicate cell sky130_fd_sc_hs__nand3_2 in file
Renaming original cell to sky130_fd_sc_hs__nand3_2[[1]]
Duplicate cell sky130_fd_sc_hs__nand3_4 in file
Renaming original cell to sky130_fd_sc_hs__nand3_4[[1]]
Duplicate cell sky130_fd_sc_hs__nand3b_1 in file
Renaming original cell to sky130_fd_sc_hs__nand3b_1[[1]]
Duplicate cell sky130_fd_sc_hs__nand3b_2 in file
Renaming original cell to sky130_fd_sc_hs__nand3b_2[[1]]
Duplicate cell sky130_fd_sc_hs__nand3b_4 in file
Renaming original cell to sky130_fd_sc_hs__nand3b_4[[1]]
Duplicate cell sky130_fd_sc_hs__nand4_1 in file
Renaming original cell to sky130_fd_sc_hs__nand4_1[[1]]
Duplicate cell sky130_fd_sc_hs__nand4_2 in file
Renaming original cell to sky130_fd_sc_hs__nand4_2[[1]]
Duplicate cell sky130_fd_sc_hs__nand4_4 in file
Renaming original cell to sky130_fd_sc_hs__nand4_4[[1]]
Duplicate cell sky130_fd_sc_hs__nand4b_1 in file
Renaming original cell to sky130_fd_sc_hs__nand4b_1[[1]]
Duplicate cell sky130_fd_sc_hs__nand4b_2 in file
Renaming original cell to sky130_fd_sc_hs__nand4b_2[[1]]
Duplicate cell sky130_fd_sc_hs__nand4b_4 in file
Renaming original cell to sky130_fd_sc_hs__nand4b_4[[1]]
Duplicate cell sky130_fd_sc_hs__nand4bb_1 in file
Renaming original cell to sky130_fd_sc_hs__nand4bb_1[[1]]
Duplicate cell sky130_fd_sc_hs__nand4bb_2 in file
Renaming original cell to sky130_fd_sc_hs__nand4bb_2[[1]]
Duplicate cell sky130_fd_sc_hs__nand4bb_4 in file
Renaming original cell to sky130_fd_sc_hs__nand4bb_4[[1]]
Duplicate cell sky130_fd_sc_hs__nor2_1 in file
Renaming original cell to sky130_fd_sc_hs__nor2_1[[1]]
Duplicate cell sky130_fd_sc_hs__nor2_2 in file
Renaming original cell to sky130_fd_sc_hs__nor2_2[[1]]
Duplicate cell sky130_fd_sc_hs__nor2_4 in file
Renaming original cell to sky130_fd_sc_hs__nor2_4[[1]]
Duplicate cell sky130_fd_sc_hs__nor2_8 in file
Renaming original cell to sky130_fd_sc_hs__nor2_8[[1]]
Duplicate cell sky130_fd_sc_hs__nor2b_1 in file
Renaming original cell to sky130_fd_sc_hs__nor2b_1[[1]]
Duplicate cell sky130_fd_sc_hs__nor2b_2 in file
Renaming original cell to sky130_fd_sc_hs__nor2b_2[[1]]
Duplicate cell sky130_fd_sc_hs__nor2b_4 in file
Renaming original cell to sky130_fd_sc_hs__nor2b_4[[1]]
Duplicate cell sky130_fd_sc_hs__nor3_1 in file
Renaming original cell to sky130_fd_sc_hs__nor3_1[[1]]
Duplicate cell sky130_fd_sc_hs__nor3_2 in file
Renaming original cell to sky130_fd_sc_hs__nor3_2[[1]]
Duplicate cell sky130_fd_sc_hs__nor3_4 in file
Renaming original cell to sky130_fd_sc_hs__nor3_4[[1]]
Duplicate cell sky130_fd_sc_hs__nor3b_1 in file
Renaming original cell to sky130_fd_sc_hs__nor3b_1[[1]]
Duplicate cell sky130_fd_sc_hs__nor3b_2 in file
Renaming original cell to sky130_fd_sc_hs__nor3b_2[[1]]
Duplicate cell sky130_fd_sc_hs__nor3b_4 in file
Renaming original cell to sky130_fd_sc_hs__nor3b_4[[1]]
Duplicate cell sky130_fd_sc_hs__nor4_1 in file
Renaming original cell to sky130_fd_sc_hs__nor4_1[[1]]
Duplicate cell sky130_fd_sc_hs__nor4_2 in file
Renaming original cell to sky130_fd_sc_hs__nor4_2[[1]]
Duplicate cell sky130_fd_sc_hs__nor4_4 in file
Renaming original cell to sky130_fd_sc_hs__nor4_4[[1]]
Duplicate cell sky130_fd_sc_hs__nor4b_1 in file
Renaming original cell to sky130_fd_sc_hs__nor4b_1[[1]]
Duplicate cell sky130_fd_sc_hs__nor4b_2 in file
Renaming original cell to sky130_fd_sc_hs__nor4b_2[[1]]
Duplicate cell sky130_fd_sc_hs__nor4b_4 in file
Renaming original cell to sky130_fd_sc_hs__nor4b_4[[1]]
Duplicate cell sky130_fd_sc_hs__nor4bb_1 in file
Renaming original cell to sky130_fd_sc_hs__nor4bb_1[[1]]
Duplicate cell sky130_fd_sc_hs__nor4bb_2 in file
Renaming original cell to sky130_fd_sc_hs__nor4bb_2[[1]]
Duplicate cell sky130_fd_sc_hs__nor4bb_4 in file
Renaming original cell to sky130_fd_sc_hs__nor4bb_4[[1]]
Duplicate cell sky130_fd_sc_hs__o2bb2a_1 in file
Renaming original cell to sky130_fd_sc_hs__o2bb2a_1[[1]]
Duplicate cell sky130_fd_sc_hs__o2bb2a_2 in file
Renaming original cell to sky130_fd_sc_hs__o2bb2a_2[[1]]
Duplicate cell sky130_fd_sc_hs__o2bb2a_4 in file
Renaming original cell to sky130_fd_sc_hs__o2bb2a_4[[1]]
Duplicate cell sky130_fd_sc_hs__o2bb2ai_1 in file
Renaming original cell to sky130_fd_sc_hs__o2bb2ai_1[[1]]
Duplicate cell sky130_fd_sc_hs__o2bb2ai_2 in file
Renaming original cell to sky130_fd_sc_hs__o2bb2ai_2[[1]]
Duplicate cell sky130_fd_sc_hs__o2bb2ai_4 in file
Renaming original cell to sky130_fd_sc_hs__o2bb2ai_4[[1]]
Duplicate cell sky130_fd_sc_hs__o21a_1 in file
Renaming original cell to sky130_fd_sc_hs__o21a_1[[1]]
Duplicate cell sky130_fd_sc_hs__o21a_2 in file
Renaming original cell to sky130_fd_sc_hs__o21a_2[[1]]
Duplicate cell sky130_fd_sc_hs__o21a_4 in file
Renaming original cell to sky130_fd_sc_hs__o21a_4[[1]]
Duplicate cell sky130_fd_sc_hs__o21ai_1 in file
Renaming original cell to sky130_fd_sc_hs__o21ai_1[[1]]
Duplicate cell sky130_fd_sc_hs__o21ai_2 in file
Renaming original cell to sky130_fd_sc_hs__o21ai_2[[1]]
Duplicate cell sky130_fd_sc_hs__o21ai_4 in file
Renaming original cell to sky130_fd_sc_hs__o21ai_4[[1]]
Duplicate cell sky130_fd_sc_hs__o21ba_1 in file
Renaming original cell to sky130_fd_sc_hs__o21ba_1[[1]]
Duplicate cell sky130_fd_sc_hs__o21ba_2 in file
Renaming original cell to sky130_fd_sc_hs__o21ba_2[[1]]
Duplicate cell sky130_fd_sc_hs__o21ba_4 in file
Renaming original cell to sky130_fd_sc_hs__o21ba_4[[1]]
Duplicate cell sky130_fd_sc_hs__o21bai_1 in file
Renaming original cell to sky130_fd_sc_hs__o21bai_1[[1]]
Duplicate cell sky130_fd_sc_hs__o21bai_2 in file
Renaming original cell to sky130_fd_sc_hs__o21bai_2[[1]]
Duplicate cell sky130_fd_sc_hs__o21bai_4 in file
Renaming original cell to sky130_fd_sc_hs__o21bai_4[[1]]
Duplicate cell sky130_fd_sc_hs__o22a_1 in file
Renaming original cell to sky130_fd_sc_hs__o22a_1[[1]]
Duplicate cell sky130_fd_sc_hs__o22a_2 in file
Renaming original cell to sky130_fd_sc_hs__o22a_2[[1]]
Duplicate cell sky130_fd_sc_hs__o22a_4 in file
Renaming original cell to sky130_fd_sc_hs__o22a_4[[1]]
Duplicate cell sky130_fd_sc_hs__o22ai_1 in file
Renaming original cell to sky130_fd_sc_hs__o22ai_1[[1]]
Duplicate cell sky130_fd_sc_hs__o22ai_2 in file
Renaming original cell to sky130_fd_sc_hs__o22ai_2[[1]]
Duplicate cell sky130_fd_sc_hs__o22ai_4 in file
Renaming original cell to sky130_fd_sc_hs__o22ai_4[[1]]
Duplicate cell sky130_fd_sc_hs__o31a_1 in file
Renaming original cell to sky130_fd_sc_hs__o31a_1[[1]]
Duplicate cell sky130_fd_sc_hs__o31a_2 in file
Renaming original cell to sky130_fd_sc_hs__o31a_2[[1]]
Duplicate cell sky130_fd_sc_hs__o31a_4 in file
Renaming original cell to sky130_fd_sc_hs__o31a_4[[1]]
Duplicate cell sky130_fd_sc_hs__o31ai_1 in file
Renaming original cell to sky130_fd_sc_hs__o31ai_1[[1]]
Duplicate cell sky130_fd_sc_hs__o31ai_2 in file
Renaming original cell to sky130_fd_sc_hs__o31ai_2[[1]]
Duplicate cell sky130_fd_sc_hs__o31ai_4 in file
Renaming original cell to sky130_fd_sc_hs__o31ai_4[[1]]
Duplicate cell sky130_fd_sc_hs__o32a_1 in file
Renaming original cell to sky130_fd_sc_hs__o32a_1[[1]]
Duplicate cell sky130_fd_sc_hs__o32a_2 in file
Renaming original cell to sky130_fd_sc_hs__o32a_2[[1]]
Duplicate cell sky130_fd_sc_hs__o32a_4 in file
Renaming original cell to sky130_fd_sc_hs__o32a_4[[1]]
Duplicate cell sky130_fd_sc_hs__o32ai_1 in file
Renaming original cell to sky130_fd_sc_hs__o32ai_1[[1]]
Duplicate cell sky130_fd_sc_hs__o32ai_2 in file
Renaming original cell to sky130_fd_sc_hs__o32ai_2[[1]]
Duplicate cell sky130_fd_sc_hs__o32ai_4 in file
Renaming original cell to sky130_fd_sc_hs__o32ai_4[[1]]
Duplicate cell sky130_fd_sc_hs__o41a_1 in file
Renaming original cell to sky130_fd_sc_hs__o41a_1[[1]]
Duplicate cell sky130_fd_sc_hs__o41a_2 in file
Renaming original cell to sky130_fd_sc_hs__o41a_2[[1]]
Duplicate cell sky130_fd_sc_hs__o41a_4 in file
Renaming original cell to sky130_fd_sc_hs__o41a_4[[1]]
Duplicate cell sky130_fd_sc_hs__o41ai_1 in file
Renaming original cell to sky130_fd_sc_hs__o41ai_1[[1]]
Duplicate cell sky130_fd_sc_hs__o41ai_2 in file
Renaming original cell to sky130_fd_sc_hs__o41ai_2[[1]]
Duplicate cell sky130_fd_sc_hs__o41ai_4 in file
Renaming original cell to sky130_fd_sc_hs__o41ai_4[[1]]
Duplicate cell sky130_fd_sc_hs__o211a_1 in file
Renaming original cell to sky130_fd_sc_hs__o211a_1[[1]]
Duplicate cell sky130_fd_sc_hs__o211a_2 in file
Renaming original cell to sky130_fd_sc_hs__o211a_2[[1]]
Duplicate cell sky130_fd_sc_hs__o211a_4 in file
Renaming original cell to sky130_fd_sc_hs__o211a_4[[1]]
Duplicate cell sky130_fd_sc_hs__o211ai_1 in file
Renaming original cell to sky130_fd_sc_hs__o211ai_1[[1]]
Duplicate cell sky130_fd_sc_hs__o211ai_2 in file
Renaming original cell to sky130_fd_sc_hs__o211ai_2[[1]]
Duplicate cell sky130_fd_sc_hs__o211ai_4 in file
Renaming original cell to sky130_fd_sc_hs__o211ai_4[[1]]
Duplicate cell sky130_fd_sc_hs__o221a_1 in file
Renaming original cell to sky130_fd_sc_hs__o221a_1[[1]]
Duplicate cell sky130_fd_sc_hs__o221a_2 in file
Renaming original cell to sky130_fd_sc_hs__o221a_2[[1]]
Duplicate cell sky130_fd_sc_hs__o221a_4 in file
Renaming original cell to sky130_fd_sc_hs__o221a_4[[1]]
Duplicate cell sky130_fd_sc_hs__o221ai_1 in file
Renaming original cell to sky130_fd_sc_hs__o221ai_1[[1]]
Duplicate cell sky130_fd_sc_hs__o221ai_2 in file
Renaming original cell to sky130_fd_sc_hs__o221ai_2[[1]]
Duplicate cell sky130_fd_sc_hs__o221ai_4 in file
Renaming original cell to sky130_fd_sc_hs__o221ai_4[[1]]
Duplicate cell sky130_fd_sc_hs__o311a_1 in file
Renaming original cell to sky130_fd_sc_hs__o311a_1[[1]]
Duplicate cell sky130_fd_sc_hs__o311a_2 in file
Renaming original cell to sky130_fd_sc_hs__o311a_2[[1]]
Duplicate cell sky130_fd_sc_hs__o311a_4 in file
Renaming original cell to sky130_fd_sc_hs__o311a_4[[1]]
Duplicate cell sky130_fd_sc_hs__o311ai_1 in file
Renaming original cell to sky130_fd_sc_hs__o311ai_1[[1]]
Duplicate cell sky130_fd_sc_hs__o311ai_2 in file
Renaming original cell to sky130_fd_sc_hs__o311ai_2[[1]]
Duplicate cell sky130_fd_sc_hs__o311ai_4 in file
Renaming original cell to sky130_fd_sc_hs__o311ai_4[[1]]
Duplicate cell sky130_fd_sc_hs__o2111a_1 in file
Renaming original cell to sky130_fd_sc_hs__o2111a_1[[1]]
Duplicate cell sky130_fd_sc_hs__o2111a_2 in file
Renaming original cell to sky130_fd_sc_hs__o2111a_2[[1]]
Duplicate cell sky130_fd_sc_hs__o2111a_4 in file
Renaming original cell to sky130_fd_sc_hs__o2111a_4[[1]]
Duplicate cell sky130_fd_sc_hs__o2111ai_1 in file
Renaming original cell to sky130_fd_sc_hs__o2111ai_1[[1]]
Duplicate cell sky130_fd_sc_hs__o2111ai_2 in file
Renaming original cell to sky130_fd_sc_hs__o2111ai_2[[1]]
Duplicate cell sky130_fd_sc_hs__o2111ai_4 in file
Renaming original cell to sky130_fd_sc_hs__o2111ai_4[[1]]
Duplicate cell sky130_fd_sc_hs__or2_1 in file
Renaming original cell to sky130_fd_sc_hs__or2_1[[1]]
Duplicate cell sky130_fd_sc_hs__or2_2 in file
Renaming original cell to sky130_fd_sc_hs__or2_2[[1]]
Duplicate cell sky130_fd_sc_hs__or2_4 in file
Renaming original cell to sky130_fd_sc_hs__or2_4[[1]]
Duplicate cell sky130_fd_sc_hs__or2b_1 in file
Renaming original cell to sky130_fd_sc_hs__or2b_1[[1]]
Duplicate cell sky130_fd_sc_hs__or2b_2 in file
Renaming original cell to sky130_fd_sc_hs__or2b_2[[1]]
Duplicate cell sky130_fd_sc_hs__or2b_4 in file
Renaming original cell to sky130_fd_sc_hs__or2b_4[[1]]
Duplicate cell sky130_fd_sc_hs__or3_1 in file
Renaming original cell to sky130_fd_sc_hs__or3_1[[1]]
Duplicate cell sky130_fd_sc_hs__or3_2 in file
Renaming original cell to sky130_fd_sc_hs__or3_2[[1]]
Duplicate cell sky130_fd_sc_hs__or3_4 in file
Renaming original cell to sky130_fd_sc_hs__or3_4[[1]]
Duplicate cell sky130_fd_sc_hs__or3b_1 in file
Renaming original cell to sky130_fd_sc_hs__or3b_1[[1]]
Duplicate cell sky130_fd_sc_hs__or3b_2 in file
Renaming original cell to sky130_fd_sc_hs__or3b_2[[1]]
Duplicate cell sky130_fd_sc_hs__or3b_4 in file
Renaming original cell to sky130_fd_sc_hs__or3b_4[[1]]
Duplicate cell sky130_fd_sc_hs__or4_1 in file
Renaming original cell to sky130_fd_sc_hs__or4_1[[1]]
Duplicate cell sky130_fd_sc_hs__or4_2 in file
Renaming original cell to sky130_fd_sc_hs__or4_2[[1]]
Duplicate cell sky130_fd_sc_hs__or4_4 in file
Renaming original cell to sky130_fd_sc_hs__or4_4[[1]]
Duplicate cell sky130_fd_sc_hs__or4b_1 in file
Renaming original cell to sky130_fd_sc_hs__or4b_1[[1]]
Duplicate cell sky130_fd_sc_hs__or4b_2 in file
Renaming original cell to sky130_fd_sc_hs__or4b_2[[1]]
Duplicate cell sky130_fd_sc_hs__or4b_4 in file
Renaming original cell to sky130_fd_sc_hs__or4b_4[[1]]
Duplicate cell sky130_fd_sc_hs__or4bb_1 in file
Renaming original cell to sky130_fd_sc_hs__or4bb_1[[1]]
Duplicate cell sky130_fd_sc_hs__or4bb_2 in file
Renaming original cell to sky130_fd_sc_hs__or4bb_2[[1]]
Duplicate cell sky130_fd_sc_hs__or4bb_4 in file
Renaming original cell to sky130_fd_sc_hs__or4bb_4[[1]]
Duplicate cell sky130_fd_sc_hs__sdfbbn_1 in file
Renaming original cell to sky130_fd_sc_hs__sdfbbn_1[[1]]
Duplicate cell sky130_fd_sc_hs__sdfbbn_2 in file
Renaming original cell to sky130_fd_sc_hs__sdfbbn_2[[1]]
Duplicate cell sky130_fd_sc_hs__sdfbbp_1 in file
Renaming original cell to sky130_fd_sc_hs__sdfbbp_1[[1]]
Duplicate cell sky130_fd_sc_hs__sdfrbp_1 in file
Renaming original cell to sky130_fd_sc_hs__sdfrbp_1[[1]]
Duplicate cell sky130_fd_sc_hs__sdfrbp_2 in file
Renaming original cell to sky130_fd_sc_hs__sdfrbp_2[[1]]
Duplicate cell sky130_fd_sc_hs__sdfrtn_1 in file
Renaming original cell to sky130_fd_sc_hs__sdfrtn_1[[1]]
Duplicate cell sky130_fd_sc_hs__sdfrtp_1 in file
Renaming original cell to sky130_fd_sc_hs__sdfrtp_1[[1]]
Duplicate cell sky130_fd_sc_hs__sdfrtp_2 in file
Renaming original cell to sky130_fd_sc_hs__sdfrtp_2[[1]]
Duplicate cell sky130_fd_sc_hs__sdfrtp_4 in file
Renaming original cell to sky130_fd_sc_hs__sdfrtp_4[[1]]
Duplicate cell sky130_fd_sc_hs__sdfsbp_1 in file
Renaming original cell to sky130_fd_sc_hs__sdfsbp_1[[1]]
Duplicate cell sky130_fd_sc_hs__sdfsbp_2 in file
Renaming original cell to sky130_fd_sc_hs__sdfsbp_2[[1]]
Duplicate cell sky130_fd_sc_hs__sdfstp_1 in file
Renaming original cell to sky130_fd_sc_hs__sdfstp_1[[1]]
Duplicate cell sky130_fd_sc_hs__sdfstp_2 in file
Renaming original cell to sky130_fd_sc_hs__sdfstp_2[[1]]
Duplicate cell sky130_fd_sc_hs__sdfstp_4 in file
Renaming original cell to sky130_fd_sc_hs__sdfstp_4[[1]]
Duplicate cell sky130_fd_sc_hs__sdfxbp_1 in file
Renaming original cell to sky130_fd_sc_hs__sdfxbp_1[[1]]
Duplicate cell sky130_fd_sc_hs__sdfxbp_2 in file
Renaming original cell to sky130_fd_sc_hs__sdfxbp_2[[1]]
Duplicate cell sky130_fd_sc_hs__sdfxtp_1 in file
Renaming original cell to sky130_fd_sc_hs__sdfxtp_1[[1]]
Duplicate cell sky130_fd_sc_hs__sdfxtp_2 in file
Renaming original cell to sky130_fd_sc_hs__sdfxtp_2[[1]]
Duplicate cell sky130_fd_sc_hs__sdfxtp_4 in file
Renaming original cell to sky130_fd_sc_hs__sdfxtp_4[[1]]
Duplicate cell sky130_fd_sc_hs__sdlclkp_1 in file
Renaming original cell to sky130_fd_sc_hs__sdlclkp_1[[1]]
Duplicate cell sky130_fd_sc_hs__sdlclkp_2 in file
Renaming original cell to sky130_fd_sc_hs__sdlclkp_2[[1]]
Duplicate cell sky130_fd_sc_hs__sdlclkp_4 in file
Renaming original cell to sky130_fd_sc_hs__sdlclkp_4[[1]]
Duplicate cell sky130_fd_sc_hs__sedfxbp_1 in file
Renaming original cell to sky130_fd_sc_hs__sedfxbp_1[[1]]
Duplicate cell sky130_fd_sc_hs__sedfxbp_2 in file
Renaming original cell to sky130_fd_sc_hs__sedfxbp_2[[1]]
Duplicate cell sky130_fd_sc_hs__sedfxtp_1 in file
Renaming original cell to sky130_fd_sc_hs__sedfxtp_1[[1]]
Duplicate cell sky130_fd_sc_hs__sedfxtp_2 in file
Renaming original cell to sky130_fd_sc_hs__sedfxtp_2[[1]]
Duplicate cell sky130_fd_sc_hs__sedfxtp_4 in file
Renaming original cell to sky130_fd_sc_hs__sedfxtp_4[[1]]
Duplicate cell sky130_fd_sc_hs__tap_1 in file
Renaming original cell to sky130_fd_sc_hs__tap_1[[1]]
Duplicate cell sky130_fd_sc_hs__tap_2 in file
Renaming original cell to sky130_fd_sc_hs__tap_2[[1]]
Duplicate cell sky130_fd_sc_hs__tapmet1_2 in file
Renaming original cell to sky130_fd_sc_hs__tapmet1_2[[1]]
Duplicate cell sky130_fd_sc_hs__tapvgnd2_1 in file
Renaming original cell to sky130_fd_sc_hs__tapvgnd2_1[[1]]
Duplicate cell sky130_fd_sc_hs__tapvgnd_1 in file
Renaming original cell to sky130_fd_sc_hs__tapvgnd_1[[1]]
Duplicate cell sky130_fd_sc_hs__tapvpwrvgnd_1 in file
Renaming original cell to sky130_fd_sc_hs__tapvpwrvgnd_1[[1]]
Duplicate cell sky130_fd_sc_hs__xnor2_1 in file
Renaming original cell to sky130_fd_sc_hs__xnor2_1[[1]]
Duplicate cell sky130_fd_sc_hs__xnor2_2 in file
Renaming original cell to sky130_fd_sc_hs__xnor2_2[[1]]
Duplicate cell sky130_fd_sc_hs__xnor2_4 in file
Renaming original cell to sky130_fd_sc_hs__xnor2_4[[1]]
Duplicate cell sky130_fd_sc_hs__xnor3_1 in file
Renaming original cell to sky130_fd_sc_hs__xnor3_1[[1]]
Duplicate cell sky130_fd_sc_hs__xnor3_2 in file
Renaming original cell to sky130_fd_sc_hs__xnor3_2[[1]]
Duplicate cell sky130_fd_sc_hs__xnor3_4 in file
Renaming original cell to sky130_fd_sc_hs__xnor3_4[[1]]
Duplicate cell sky130_fd_sc_hs__xor2_1 in file
Renaming original cell to sky130_fd_sc_hs__xor2_1[[1]]
Duplicate cell sky130_fd_sc_hs__xor2_2 in file
Renaming original cell to sky130_fd_sc_hs__xor2_2[[1]]
Duplicate cell sky130_fd_sc_hs__xor2_4 in file
Renaming original cell to sky130_fd_sc_hs__xor2_4[[1]]
Duplicate cell sky130_fd_sc_hs__xor3_1 in file
Renaming original cell to sky130_fd_sc_hs__xor3_1[[1]]
Duplicate cell sky130_fd_sc_hs__xor3_2 in file
Renaming original cell to sky130_fd_sc_hs__xor3_2[[1]]
Duplicate cell sky130_fd_sc_hs__xor3_4 in file
Renaming original cell to sky130_fd_sc_hs__xor3_4[[1]]
Duplicate cell sky130_fd_sc_hs__decap_4 in file
Renaming original cell to sky130_fd_sc_hs__decap_4[[2]]
Duplicate cell sky130_fd_sc_hs__fill_1 in file
Renaming original cell to sky130_fd_sc_hs__fill_1[[2]]
Duplicate cell sky130_fd_sc_hs__dfrtp_1 in file
Renaming original cell to sky130_fd_sc_hs__dfrtp_1[[2]]
Duplicate cell sky130_fd_sc_hs__clkbuf_4 in file
Renaming original cell to sky130_fd_sc_hs__clkbuf_4[[2]]
Duplicate cell sky130_fd_sc_hs__fill_8 in file
Renaming original cell to sky130_fd_sc_hs__fill_8[[2]]
Duplicate cell sky130_fd_sc_hs__clkbuf_1 in file
Renaming original cell to sky130_fd_sc_hs__clkbuf_1[[2]]
Duplicate cell sky130_fd_sc_hs__fill_2 in file
Renaming original cell to sky130_fd_sc_hs__fill_2[[2]]
Duplicate cell sky130_fd_sc_hs__nor2_1 in file
Renaming original cell to sky130_fd_sc_hs__nor2_1[[2]]
Duplicate cell sky130_fd_sc_hs__nand2b_1 in file
Renaming original cell to sky130_fd_sc_hs__nand2b_1[[2]]
Duplicate cell sky130_fd_sc_hs__clkbuf_16 in file
Renaming original cell to sky130_fd_sc_hs__clkbuf_16[[2]]
Duplicate cell sky130_fd_sc_hs__clkbuf_2 in file
Renaming original cell to sky130_fd_sc_hs__clkbuf_2[[2]]
Duplicate cell sky130_fd_sc_hs__and2_1 in file
Renaming original cell to sky130_fd_sc_hs__and2_1[[2]]
Duplicate cell sky130_fd_sc_hs__buf_1 in file
Renaming original cell to sky130_fd_sc_hs__buf_1[[2]]
Duplicate cell sky130_fd_sc_hs__xor2_1 in file
Renaming original cell to sky130_fd_sc_hs__xor2_1[[2]]
Duplicate cell sky130_fd_sc_hs__buf_2 in file
Renaming original cell to sky130_fd_sc_hs__buf_2[[2]]
Duplicate cell sky130_fd_sc_hs__dfxtp_1 in file
Renaming original cell to sky130_fd_sc_hs__dfxtp_1[[2]]
Duplicate cell sky130_fd_sc_hs__or2b_1 in file
Renaming original cell to sky130_fd_sc_hs__or2b_1[[2]]
Duplicate cell sky130_fd_sc_hs__mux2_1 in file
Renaming original cell to sky130_fd_sc_hs__mux2_1[[2]]
Duplicate cell sky130_fd_sc_hs__and4bb_1 in file
Renaming original cell to sky130_fd_sc_hs__and4bb_1[[2]]
Duplicate cell sky130_fd_sc_hs__tapvpwrvgnd_1 in file
Renaming original cell to sky130_fd_sc_hs__tapvpwrvgnd_1[[2]]
Duplicate cell sky130_fd_sc_hs__dlygate4sd2_1 in file
Renaming original cell to sky130_fd_sc_hs__dlygate4sd2_1[[2]]
Duplicate cell sky130_fd_sc_hs__nand3_1 in file
Renaming original cell to sky130_fd_sc_hs__nand3_1[[2]]
Duplicate cell sky130_fd_sc_hs__and3_1 in file
Renaming original cell to sky130_fd_sc_hs__and3_1[[2]]
Duplicate cell sky130_fd_sc_hs__nand2_1 in file
Renaming original cell to sky130_fd_sc_hs__nand2_1[[2]]
Duplicate cell sky130_fd_sc_hs__or2_1 in file
Renaming original cell to sky130_fd_sc_hs__or2_1[[2]]
Call to undefined subcircuit cdac_sw_9b
Creating placeholder cell definition.
Call to undefined subcircuit cap_array_9b
Creating placeholder cell definition.
Duplicate cell sky130_fd_sc_hs__a2bb2o_1 in file
Renaming original cell to sky130_fd_sc_hs__a2bb2o_1[[2]]
Duplicate cell sky130_fd_sc_hs__a2bb2o_2 in file
Renaming original cell to sky130_fd_sc_hs__a2bb2o_2[[2]]
Duplicate cell sky130_fd_sc_hs__a2bb2o_4 in file
Renaming original cell to sky130_fd_sc_hs__a2bb2o_4[[2]]
Duplicate cell sky130_fd_sc_hs__a2bb2oi_1 in file
Renaming original cell to sky130_fd_sc_hs__a2bb2oi_1[[2]]
Duplicate cell sky130_fd_sc_hs__a2bb2oi_2 in file
Renaming original cell to sky130_fd_sc_hs__a2bb2oi_2[[2]]
Duplicate cell sky130_fd_sc_hs__a2bb2oi_4 in file
Renaming original cell to sky130_fd_sc_hs__a2bb2oi_4[[2]]
Duplicate cell sky130_fd_sc_hs__a21bo_1 in file
Renaming original cell to sky130_fd_sc_hs__a21bo_1[[2]]
Duplicate cell sky130_fd_sc_hs__a21bo_2 in file
Renaming original cell to sky130_fd_sc_hs__a21bo_2[[2]]
Duplicate cell sky130_fd_sc_hs__a21bo_4 in file
Renaming original cell to sky130_fd_sc_hs__a21bo_4[[2]]
Duplicate cell sky130_fd_sc_hs__a21boi_1 in file
Renaming original cell to sky130_fd_sc_hs__a21boi_1[[2]]
Duplicate cell sky130_fd_sc_hs__a21boi_2 in file
Renaming original cell to sky130_fd_sc_hs__a21boi_2[[2]]
Duplicate cell sky130_fd_sc_hs__a21boi_4 in file
Renaming original cell to sky130_fd_sc_hs__a21boi_4[[2]]
Duplicate cell sky130_fd_sc_hs__a21o_1 in file
Renaming original cell to sky130_fd_sc_hs__a21o_1[[2]]
Duplicate cell sky130_fd_sc_hs__a21o_2 in file
Renaming original cell to sky130_fd_sc_hs__a21o_2[[2]]
Duplicate cell sky130_fd_sc_hs__a21o_4 in file
Renaming original cell to sky130_fd_sc_hs__a21o_4[[2]]
Duplicate cell sky130_fd_sc_hs__a21oi_1 in file
Renaming original cell to sky130_fd_sc_hs__a21oi_1[[2]]
Duplicate cell sky130_fd_sc_hs__a21oi_2 in file
Renaming original cell to sky130_fd_sc_hs__a21oi_2[[2]]
Duplicate cell sky130_fd_sc_hs__a21oi_4 in file
Renaming original cell to sky130_fd_sc_hs__a21oi_4[[2]]
Duplicate cell sky130_fd_sc_hs__a22o_1 in file
Renaming original cell to sky130_fd_sc_hs__a22o_1[[2]]
Duplicate cell sky130_fd_sc_hs__a22o_2 in file
Renaming original cell to sky130_fd_sc_hs__a22o_2[[2]]
Duplicate cell sky130_fd_sc_hs__a22o_4 in file
Renaming original cell to sky130_fd_sc_hs__a22o_4[[2]]
Duplicate cell sky130_fd_sc_hs__a22oi_1 in file
Renaming original cell to sky130_fd_sc_hs__a22oi_1[[2]]
Duplicate cell sky130_fd_sc_hs__a22oi_2 in file
Renaming original cell to sky130_fd_sc_hs__a22oi_2[[2]]
Duplicate cell sky130_fd_sc_hs__a22oi_4 in file
Renaming original cell to sky130_fd_sc_hs__a22oi_4[[2]]
Duplicate cell sky130_fd_sc_hs__a31o_1 in file
Renaming original cell to sky130_fd_sc_hs__a31o_1[[2]]
Duplicate cell sky130_fd_sc_hs__a31o_2 in file
Renaming original cell to sky130_fd_sc_hs__a31o_2[[2]]
Duplicate cell sky130_fd_sc_hs__a31o_4 in file
Renaming original cell to sky130_fd_sc_hs__a31o_4[[2]]
Duplicate cell sky130_fd_sc_hs__a31oi_1 in file
Renaming original cell to sky130_fd_sc_hs__a31oi_1[[2]]
Duplicate cell sky130_fd_sc_hs__a31oi_2 in file
Renaming original cell to sky130_fd_sc_hs__a31oi_2[[2]]
Duplicate cell sky130_fd_sc_hs__a31oi_4 in file
Renaming original cell to sky130_fd_sc_hs__a31oi_4[[2]]
Duplicate cell sky130_fd_sc_hs__a32o_1 in file
Renaming original cell to sky130_fd_sc_hs__a32o_1[[2]]
Duplicate cell sky130_fd_sc_hs__a32o_2 in file
Renaming original cell to sky130_fd_sc_hs__a32o_2[[2]]
Duplicate cell sky130_fd_sc_hs__a32o_4 in file
Renaming original cell to sky130_fd_sc_hs__a32o_4[[2]]
Duplicate cell sky130_fd_sc_hs__a32oi_1 in file
Renaming original cell to sky130_fd_sc_hs__a32oi_1[[2]]
Duplicate cell sky130_fd_sc_hs__a32oi_2 in file
Renaming original cell to sky130_fd_sc_hs__a32oi_2[[2]]
Duplicate cell sky130_fd_sc_hs__a32oi_4 in file
Renaming original cell to sky130_fd_sc_hs__a32oi_4[[2]]
Duplicate cell sky130_fd_sc_hs__a41o_1 in file
Renaming original cell to sky130_fd_sc_hs__a41o_1[[2]]
Duplicate cell sky130_fd_sc_hs__a41o_2 in file
Renaming original cell to sky130_fd_sc_hs__a41o_2[[2]]
Duplicate cell sky130_fd_sc_hs__a41o_4 in file
Renaming original cell to sky130_fd_sc_hs__a41o_4[[2]]
Duplicate cell sky130_fd_sc_hs__a41oi_1 in file
Renaming original cell to sky130_fd_sc_hs__a41oi_1[[2]]
Duplicate cell sky130_fd_sc_hs__a41oi_2 in file
Renaming original cell to sky130_fd_sc_hs__a41oi_2[[2]]
Duplicate cell sky130_fd_sc_hs__a41oi_4 in file
Renaming original cell to sky130_fd_sc_hs__a41oi_4[[2]]
Duplicate cell sky130_fd_sc_hs__a211o_1 in file
Renaming original cell to sky130_fd_sc_hs__a211o_1[[2]]
Duplicate cell sky130_fd_sc_hs__a211o_2 in file
Renaming original cell to sky130_fd_sc_hs__a211o_2[[2]]
Duplicate cell sky130_fd_sc_hs__a211o_4 in file
Renaming original cell to sky130_fd_sc_hs__a211o_4[[2]]
Duplicate cell sky130_fd_sc_hs__a211oi_1 in file
Renaming original cell to sky130_fd_sc_hs__a211oi_1[[2]]
Duplicate cell sky130_fd_sc_hs__a211oi_2 in file
Renaming original cell to sky130_fd_sc_hs__a211oi_2[[2]]
Duplicate cell sky130_fd_sc_hs__a211oi_4 in file
Renaming original cell to sky130_fd_sc_hs__a211oi_4[[2]]
Duplicate cell sky130_fd_sc_hs__a221o_1 in file
Renaming original cell to sky130_fd_sc_hs__a221o_1[[2]]
Duplicate cell sky130_fd_sc_hs__a221o_2 in file
Renaming original cell to sky130_fd_sc_hs__a221o_2[[2]]
Duplicate cell sky130_fd_sc_hs__a221o_4 in file
Renaming original cell to sky130_fd_sc_hs__a221o_4[[2]]
Duplicate cell sky130_fd_sc_hs__a221oi_1 in file
Renaming original cell to sky130_fd_sc_hs__a221oi_1[[2]]
Duplicate cell sky130_fd_sc_hs__a221oi_2 in file
Renaming original cell to sky130_fd_sc_hs__a221oi_2[[2]]
Duplicate cell sky130_fd_sc_hs__a221oi_4 in file
Renaming original cell to sky130_fd_sc_hs__a221oi_4[[2]]
Duplicate cell sky130_fd_sc_hs__a222o_1 in file
Renaming original cell to sky130_fd_sc_hs__a222o_1[[2]]
Duplicate cell sky130_fd_sc_hs__a222o_2 in file
Renaming original cell to sky130_fd_sc_hs__a222o_2[[2]]
Duplicate cell sky130_fd_sc_hs__a222oi_1 in file
Renaming original cell to sky130_fd_sc_hs__a222oi_1[[2]]
Duplicate cell sky130_fd_sc_hs__a222oi_2 in file
Renaming original cell to sky130_fd_sc_hs__a222oi_2[[2]]
Duplicate cell sky130_fd_sc_hs__a311o_1 in file
Renaming original cell to sky130_fd_sc_hs__a311o_1[[2]]
Duplicate cell sky130_fd_sc_hs__a311o_2 in file
Renaming original cell to sky130_fd_sc_hs__a311o_2[[2]]
Duplicate cell sky130_fd_sc_hs__a311o_4 in file
Renaming original cell to sky130_fd_sc_hs__a311o_4[[2]]
Duplicate cell sky130_fd_sc_hs__a311oi_1 in file
Renaming original cell to sky130_fd_sc_hs__a311oi_1[[2]]
Duplicate cell sky130_fd_sc_hs__a311oi_2 in file
Renaming original cell to sky130_fd_sc_hs__a311oi_2[[2]]
Duplicate cell sky130_fd_sc_hs__a311oi_4 in file
Renaming original cell to sky130_fd_sc_hs__a311oi_4[[2]]
Duplicate cell sky130_fd_sc_hs__a2111o_1 in file
Renaming original cell to sky130_fd_sc_hs__a2111o_1[[2]]
Duplicate cell sky130_fd_sc_hs__a2111o_2 in file
Renaming original cell to sky130_fd_sc_hs__a2111o_2[[2]]
Duplicate cell sky130_fd_sc_hs__a2111o_4 in file
Renaming original cell to sky130_fd_sc_hs__a2111o_4[[2]]
Duplicate cell sky130_fd_sc_hs__a2111oi_1 in file
Renaming original cell to sky130_fd_sc_hs__a2111oi_1[[2]]
Duplicate cell sky130_fd_sc_hs__a2111oi_2 in file
Renaming original cell to sky130_fd_sc_hs__a2111oi_2[[2]]
Duplicate cell sky130_fd_sc_hs__a2111oi_4 in file
Renaming original cell to sky130_fd_sc_hs__a2111oi_4[[2]]
Duplicate cell sky130_fd_sc_hs__and2_1 in file
Renaming original cell to sky130_fd_sc_hs__and2_1[[3]]
Duplicate cell sky130_fd_sc_hs__and2_2 in file
Renaming original cell to sky130_fd_sc_hs__and2_2[[2]]
Duplicate cell sky130_fd_sc_hs__and2_4 in file
Renaming original cell to sky130_fd_sc_hs__and2_4[[2]]
Duplicate cell sky130_fd_sc_hs__and2b_1 in file
Renaming original cell to sky130_fd_sc_hs__and2b_1[[2]]
Duplicate cell sky130_fd_sc_hs__and2b_2 in file
Renaming original cell to sky130_fd_sc_hs__and2b_2[[2]]
Duplicate cell sky130_fd_sc_hs__and2b_4 in file
Renaming original cell to sky130_fd_sc_hs__and2b_4[[2]]
Duplicate cell sky130_fd_sc_hs__and3_1 in file
Renaming original cell to sky130_fd_sc_hs__and3_1[[3]]
Duplicate cell sky130_fd_sc_hs__and3_2 in file
Renaming original cell to sky130_fd_sc_hs__and3_2[[2]]
Duplicate cell sky130_fd_sc_hs__and3_4 in file
Renaming original cell to sky130_fd_sc_hs__and3_4[[2]]
Duplicate cell sky130_fd_sc_hs__and3b_1 in file
Renaming original cell to sky130_fd_sc_hs__and3b_1[[2]]
Duplicate cell sky130_fd_sc_hs__and3b_2 in file
Renaming original cell to sky130_fd_sc_hs__and3b_2[[2]]
Duplicate cell sky130_fd_sc_hs__and3b_4 in file
Renaming original cell to sky130_fd_sc_hs__and3b_4[[2]]
Duplicate cell sky130_fd_sc_hs__and4_1 in file
Renaming original cell to sky130_fd_sc_hs__and4_1[[2]]
Duplicate cell sky130_fd_sc_hs__and4_2 in file
Renaming original cell to sky130_fd_sc_hs__and4_2[[2]]
Duplicate cell sky130_fd_sc_hs__and4_4 in file
Renaming original cell to sky130_fd_sc_hs__and4_4[[2]]
Duplicate cell sky130_fd_sc_hs__and4b_1 in file
Renaming original cell to sky130_fd_sc_hs__and4b_1[[2]]
Duplicate cell sky130_fd_sc_hs__and4b_2 in file
Renaming original cell to sky130_fd_sc_hs__and4b_2[[2]]
Duplicate cell sky130_fd_sc_hs__and4b_4 in file
Renaming original cell to sky130_fd_sc_hs__and4b_4[[2]]
Duplicate cell sky130_fd_sc_hs__and4bb_1 in file
Renaming original cell to sky130_fd_sc_hs__and4bb_1[[3]]
Duplicate cell sky130_fd_sc_hs__and4bb_2 in file
Renaming original cell to sky130_fd_sc_hs__and4bb_2[[2]]
Duplicate cell sky130_fd_sc_hs__and4bb_4 in file
Renaming original cell to sky130_fd_sc_hs__and4bb_4[[2]]
Duplicate cell sky130_fd_sc_hs__buf_1 in file
Renaming original cell to sky130_fd_sc_hs__buf_1[[3]]
Duplicate cell sky130_fd_sc_hs__buf_2 in file
Renaming original cell to sky130_fd_sc_hs__buf_2[[3]]
Duplicate cell sky130_fd_sc_hs__buf_4 in file
Renaming original cell to sky130_fd_sc_hs__buf_4[[2]]
Duplicate cell sky130_fd_sc_hs__buf_8 in file
Renaming original cell to sky130_fd_sc_hs__buf_8[[2]]
Duplicate cell sky130_fd_sc_hs__buf_16 in file
Renaming original cell to sky130_fd_sc_hs__buf_16[[2]]
Duplicate cell sky130_fd_sc_hs__bufbuf_8 in file
Renaming original cell to sky130_fd_sc_hs__bufbuf_8[[2]]
Duplicate cell sky130_fd_sc_hs__bufbuf_16 in file
Renaming original cell to sky130_fd_sc_hs__bufbuf_16[[2]]
Duplicate cell sky130_fd_sc_hs__bufinv_8 in file
Renaming original cell to sky130_fd_sc_hs__bufinv_8[[2]]
Duplicate cell sky130_fd_sc_hs__bufinv_16 in file
Renaming original cell to sky130_fd_sc_hs__bufinv_16[[2]]
Duplicate cell sky130_fd_sc_hs__clkbuf_1 in file
Renaming original cell to sky130_fd_sc_hs__clkbuf_1[[3]]
Duplicate cell sky130_fd_sc_hs__clkbuf_2 in file
Renaming original cell to sky130_fd_sc_hs__clkbuf_2[[3]]
